Space Type:      RealVectorSpace Type
Dimensionality:  6
Planner type:    RGBMT*
Planner info:
	 Succesfull:           no
	 Number of iterations: 43
	 Number of states:     78
	 Planning time [ms]:   1001
	 Path cost [rad]:      inf
Tree: start
q: ( 1.5708  1.3849 -2.9557  1.5708       0       0); parent q: NONE
Tree: goal
q: (-1.5708  1.3849 -2.9557  1.5708       0       0); parent q: NONE
q: (  -1.94631 -0.0130087  -0.073675    3.24005    1.44036   -1.86036); parent q: ( -1.93457 0.0306759 -0.163738   3.18789   1.39535  -1.80223)
q: ( -1.93457 0.0306759 -0.163738   3.18789   1.39535  -1.80223); parent q: ( -1.91184  0.115315 -0.338236   3.08682   1.30814  -1.68959)
q: (   3.14318   0.706233  -0.191832  -0.131673  -0.862603 -0.0908508); parent q: ( -1.93457 0.0306759 -0.163738   3.18789   1.39535  -1.80223)
q: (  1.47704  0.484565 -0.182613  0.957558 -0.121713 -0.652396); parent q: ( -1.93457 0.0306759 -0.163738   3.18789   1.39535  -1.80223)
q: (  3.51572 -0.023779 -0.817213  -5.43974  0.630253   3.13388); parent q: (  2.40082  0.254222 -0.470166  -1.94122  0.219021   1.06326)
q: ( -1.91184  0.115315 -0.338236   3.08682   1.30814  -1.68959); parent q: ( -1.90118  0.154989 -0.420032   3.03944   1.26726  -1.63679)
q: (-0.131628 -0.620226 -0.532749   2.16912   3.12363   1.86057); parent q: (-0.409786 -0.505298 -0.502356   2.31251   2.83996   1.30586)
q: (-0.409786 -0.505298 -0.502356   2.31251   2.83996   1.30586); parent q: (-0.458192 -0.485298 -0.497067   2.33746    2.7906   1.20933)
q: ( -1.62703 -0.184585  -2.94342  -3.20763   2.37287  0.832694); parent q: ( -1.01841 -0.344941  -1.72289  -0.44756   2.60642   1.06928)
q: ( -1.01841 -0.344941  -1.72289  -0.44756   2.60642   1.06928); parent q: ( -0.98037 -0.354964  -1.64661 -0.275056   2.62102   1.08406)
q: ( -5.9761 0.242867 -3.03879 -4.83771  2.97071 -6.11737); parent q: ( -1.17334 -0.326572  -1.76401 -0.584753    2.6178  0.844694)
q: ( -1.17334 -0.326572  -1.76401 -0.584753    2.6178  0.844694); parent q: ( -1.01841 -0.344941  -1.72289  -0.44756   2.60642   1.06928)
q: ( -5.66815  0.305981  -2.70927   -3.5284 -0.904029  -5.44694); parent q: ( -1.17334 -0.326572  -1.76401 -0.584753    2.6178  0.844694)
q: ( -0.98037 -0.354964  -1.64661 -0.275056   2.62102   1.08406); parent q: (-0.802063 -0.401943  -1.28903  0.533558   2.68944   1.15337)
q: ( -3.69316 -0.951137  -2.22251  -4.47403 -0.370361  -2.54205); parent q: ( -0.98037 -0.354964  -1.64661 -0.275056   2.62102   1.08406)
q: (-0.802063 -0.401943  -1.28903  0.533558   2.68944   1.15337); parent q: (-0.753028 -0.414862  -1.19069  0.755927   2.70825   1.17243)
q: (-2.29756 0.120817 -3.48783  5.41819  1.89262 -2.21437); parent q: (-0.965633 -0.344766  -1.52952   1.06782   2.60228  0.785027)
q: (  -1.1292 -0.287589  -1.77002   1.60207   2.51513  0.416681); parent q: (-0.802063 -0.401943  -1.28903  0.533558   2.68944   1.15337)
q: (-3.53776  0.11384 -2.16342  6.08334  2.76897 -1.11426); parent q: (  -1.1292 -0.287589  -1.77002   1.60207   2.51513  0.416681)
q: (-0.926116 -0.291962  -0.44594   2.57868    2.3134  0.276174); parent q: ( -1.91184  0.115315 -0.338236   3.08682   1.30814  -1.68959)
q: (-0.575921 -0.937958  -2.14276 -0.581563   1.04148     6.044); parent q: (-0.926116 -0.291962  -0.44594   2.57868    2.3134  0.276174)
q: (-0.965633 -0.344766  -1.52952   1.06782   2.60228  0.785027); parent q: (-0.802063 -0.401943  -1.28903  0.533558   2.68944   1.15337)
q: ( -3.69199 0.0987743  -3.49426    6.1989   1.48336   -2.1079); parent q: (-0.965633 -0.344766  -1.52952   1.06782   2.60228  0.785027)
q: (-0.753028 -0.414862  -1.19069  0.755927   2.70825   1.17243); parent q: (-0.409786 -0.505298 -0.502356   2.31251   2.83996   1.30586)
q: (  5.13638 -0.383078  -2.24069   4.89655  -1.19026   -5.7907); parent q: (-0.753028 -0.414862  -1.19069  0.755927   2.70825   1.17243)
q: (-0.476962 -0.413373  -1.23991  0.950019   2.52551  0.846038); parent q: (-0.753028 -0.414862  -1.19069  0.755927   2.70825   1.17243)
q: (  5.68255 -0.306293  -3.57628 -0.392869   2.91778   4.39094); parent q: (   5.5863 -0.307966  -3.53978 -0.371886   2.91165   4.33555)
q: (   5.5863 -0.307966  -3.53978 -0.371886   2.91165   4.33555); parent q: (-0.476962 -0.413373  -1.23991  0.950019   2.52551  0.846038)
q: (  6.17315  -1.94932   -1.6289   2.68885 -0.811699   2.96596); parent q: (   5.5863 -0.307966  -3.53978 -0.371886   2.91165   4.33555)
q: (-0.797034 -0.345296 -0.460044   2.51214   2.44504  0.533596); parent q: (-0.926116 -0.291962  -0.44594   2.57868    2.3134  0.276174)
q: (-0.219137 0.0427896  -2.96644  -2.30224  0.361257  -1.74625); parent q: (-0.797034 -0.345296 -0.460044   2.51214   2.44504  0.533596)
q: ( -1.01841 -0.344941  -1.72289  -0.44756   2.60642   1.06928); parent q: ( -0.98037 -0.354964  -1.64661 -0.275056   2.62102   1.08406)
q: ( -4.53393 0.0253623  -3.08097  -5.24109  -1.31228   4.70766); parent q: ( -1.23813 -0.321797  -1.80777 -0.747156    2.3615   1.29668)
q: ( -1.23813 -0.321797  -1.80777 -0.747156    2.3615   1.29668); parent q: ( -1.01841 -0.344941  -1.72289  -0.44756   2.60642   1.06928)
q: (-3.00404 0.524407 -3.50542  1.67309  1.93739 0.369158); parent q: ( -1.51405 -0.189578  -2.07303 -0.368992   2.29523   1.15175)
q: (  2.40082  0.254222 -0.470166  -1.94122  0.219021   1.06326); parent q: (  1.47704  0.484565 -0.182613  0.957558 -0.121713 -0.652396)
q: ( 3.61859 0.785373 -3.27468 -5.60388 -1.29469 0.917634); parent q: ( 3.31414 0.652585 -2.57355 -4.68821 -0.91626  0.95404)
q: ( -5.93202  0.164055  -1.32486  -2.80344 -0.722411  -3.66171); parent q: ( -5.66815  0.305981  -2.70927   -3.5284 -0.904029  -5.44694)
q: ( 3.31414 0.652585 -2.57355 -4.68821 -0.91626  0.95404); parent q: (  2.40082  0.254222 -0.470166  -1.94122  0.219021   1.06326)
q: (  5.90279  -1.00751  -2.17927  -6.03174 -0.844577 -0.333938); parent q: ( 3.31414 0.652585 -2.57355 -4.68821 -0.91626  0.95404)
q: ( 0.166677 -0.309693  -1.88423 0.0187778  0.151247  -1.54647); parent q: (-0.926116 -0.291962  -0.44594   2.57868    2.3134  0.276174)
q: (  1.20591 -0.267684  -0.46163 -0.249952   1.95801 -0.500591); parent q: ( -1.91184  0.115315 -0.338236   3.08682   1.30814  -1.68959)
q: ( -1.90118  0.154989 -0.420032   3.03944   1.26726  -1.63679); parent q: ( -1.89086  0.193424 -0.499271   2.99355   1.22766  -1.58564)
q: (  -5.11201   -1.55002 -0.0863677   -2.21199    1.72177    2.32282); parent q: ( -4.56015  -1.25697 -0.143716   -1.3094   1.64365   1.64227)
q: ( -4.56015  -1.25697 -0.143716   -1.3094   1.64365   1.64227); parent q: ( -3.89541 -0.903982 -0.212795 -0.222191   1.54955  0.822502)
q: ( 4.25717 0.702414 -3.69199 0.367352    2.994 -2.41283); parent q: ( -4.56015  -1.25697 -0.143716   -1.3094   1.64365   1.64227)
q: (-4.02656 -1.17924 -0.92067 -4.16813  1.42964 -3.86603); parent q: (  -2.13364 0.00905805  -0.474789    2.25112    1.28502   -1.88061)
q: (  -2.13364 0.00905805  -0.474789    2.25112    1.28502   -1.88061); parent q: ( -1.90118  0.154989 -0.420032   3.03944   1.26726  -1.63679)
q: ( -2.90493    1.1077 0.0531151  0.893221  -1.49061   1.76292); parent q: ( -2.15775 0.0433905 -0.458292   2.20868   1.19828  -1.76675)
q: ( -1.89086  0.193424 -0.499271   2.99355   1.22766  -1.58564); parent q: (-1.5708  1.3849 -2.9557  1.5708       0       0)
q: (   -2.8323 -0.0495869  -0.576605   -5.56402    2.24374    6.21732); parent q: ( -1.89086  0.193424 -0.499271   2.99355   1.22766  -1.58564)
q: ( -5.77197  -1.40489 -0.754193   1.61071  -1.26706   -4.5203); parent q: ( -5.53071  -1.30988 -0.728196   1.70297  -1.10611  -4.34338)
q: ( -5.53071  -1.30988 -0.728196   1.70297  -1.10611  -4.34338); parent q: ( -1.91184  0.115315 -0.338236   3.08682   1.30814  -1.68959)
q: ( -5.98699   1.10458  -2.40413  -1.21725 -0.826743  -5.91629); parent q: ( -5.53071  -1.30988 -0.728196   1.70297  -1.10611  -4.34338)
q: ( -1.51405 -0.189578  -2.07303 -0.368992   2.29523   1.15175); parent q: ( -1.23813 -0.321797  -1.80777 -0.747156    2.3615   1.29668)
q: (-3.41473 0.780631 -3.53584  4.11689  2.16845  5.67595); parent q: ( -1.51405 -0.189578  -2.07303 -0.368992   2.29523   1.15175)
q: ( -2.15775 0.0433905 -0.458292   2.20868   1.19828  -1.76675); parent q: (  -2.13364 0.00905805  -0.474789    2.25112    1.28502   -1.88061)
q: ( -4.93253  0.396166 -0.149586   4.38894  -1.25117   4.81227); parent q: ( -2.15775 0.0433905 -0.458292   2.20868   1.19828  -1.76675)
q: (-0.506598 -0.465297 -0.491778   2.36242   2.74123   1.11279); parent q: (-0.724425 -0.375296 -0.467977   2.47471   2.51909  0.678395)
q: (   -1.27347 -0.00468314    -3.24585     2.77839     2.12813     3.89578); parent q: (  -1.22555 -0.0334715   -3.07372    2.75239    2.16645    3.72185)
q: (-0.724425 -0.375296 -0.467977   2.47471   2.51909  0.678395); parent q: (-0.797034 -0.345296 -0.460044   2.51214   2.44504  0.533596)
q: ( 0.153002   1.50032   -3.1785  -5.21235 -0.586496   2.22476); parent q: (-0.724425 -0.375296 -0.467977   2.47471   2.51909  0.678395)
q: (  -1.22555 -0.0334715   -3.07372    2.75239    2.16645    3.72185); parent q: (-0.506598 -0.465297 -0.491778   2.36242   2.74123   1.11279)
q: (  3.16223 -0.151091  -1.54308   1.83305   1.35335  0.512855); parent q: (  -1.22555 -0.0334715   -3.07372    2.75239    2.16645    3.72185)
q: ( -3.89541 -0.903982 -0.212795 -0.222191   1.54955  0.822502); parent q: ( -1.90118  0.154989 -0.420032   3.03944   1.26726  -1.63679)
q: ( -5.05918 -0.731969  -1.45102  -5.76744   1.81833  0.766957); parent q: ( -3.89541 -0.903982 -0.212795 -0.222191   1.54955  0.822502)
q: (-0.458192 -0.485298 -0.497067   2.33746    2.7906   1.20933); parent q: (-0.506598 -0.465297 -0.491778   2.36242   2.74123   1.11279)
q: ( 5.95379 -1.12798 -1.05874  3.39021  3.00627 -5.36665); parent q: (-0.458192 -0.485298 -0.497067   2.33746    2.7906   1.20933)
q: ( 5.84068  -1.9407 -1.99393  1.04982  1.04726 -2.74973); parent q: ( 5.95379 -1.12798 -1.05874  3.39021  3.00627 -5.36665)
q: ( -0.98037 -0.354964  -1.64661 -0.275056   2.62102   1.08406); parent q: (-0.409786 -0.505298 -0.502356   2.31251   2.83996   1.30586)
q: ( -2.50267 -0.223193  -3.25607   -3.3942  0.357383   4.88234); parent q: ( -2.40752 -0.231429  -3.15548  -3.19925   0.49886   4.64495)
q: ( -2.40752 -0.231429  -3.15548  -3.19925   0.49886   4.64495); parent q: ( -0.98037 -0.354964  -1.64661 -0.275056   2.62102   1.08406)
q: ( -2.74823   1.51402  -3.33857  -4.27542 -0.546681  -4.70745); parent q: ( -2.40752 -0.231429  -3.15548  -3.19925   0.49886   4.64495)
Tree: local
q: (  4.51853 0.0973426 -0.713352   3.81621   2.72861   5.26473); parent q: NONE
Tree: local
q: (  5.78217   1.31079 0.0978238  -4.58888  0.155205  -6.26705); parent q: NONE
Tree: local
q: (-0.785938  -0.07645  -1.89295   4.81114   -1.3179   -2.6699); parent q: NONE
Cost convergence: 
Cost [rad]		Num. states		Time [ms]
inf		1		0
inf		2		0
inf		3		0
inf		4		2
inf		5		5
inf		6		235
inf		7		235
inf		8		235
inf		9		237
inf		10		238
inf		11		294
inf		12		294
inf		13		294
inf		14		294
inf		15		294
inf		16		296
inf		17		299
inf		18		332
inf		19		332
inf		20		332
inf		21		332
inf		22		340
inf		23		343
inf		24		353
inf		25		367
inf		26		367
inf		27		424
inf		28		424
inf		29		424
inf		30		424
inf		31		424
inf		32		437
inf		33		437
inf		34		437
inf		35		454
inf		36		454
inf		37		454
inf		38		467
inf		39		467
inf		40		472
inf		41		476
inf		42		480
inf		43		496
inf		44		496
inf		45		503
inf		46		518
inf		47		525
inf		48		530
inf		49		610
inf		50		610
inf		51		610
inf		52		616
inf		53		618
inf		54		621
inf		55		699
inf		56		699
inf		57		746
inf		58		746
inf		59		832
inf		60		832
inf		61		846
inf		62		846
inf		63		849
inf		64		873
inf		65		873
inf		66		905
inf		67		905
inf		68		905
inf		69		905
inf		70		912
inf		71		932
inf		72		932
inf		73		963
inf		74		963
inf		75		996
inf		76		996
inf		77		996
inf		78		1001
-------------------------
