Using scenario:                                         /data/xarm6/scenario_real_time/scenario_real_time.yaml
Dynamic planner:                                        DRGBT
Static planner for replanning:                          RGBMT*
Maximal algorithm time [ms]:                            30000
Initial horizon size:                                   10
Treshold for the replanning assessment:                 0.5
Critical distance in W-space [m]:                       0.05
Maximal number of attempts when modifying states:       10
Number of extensions for generating a generalized bur:  6
Number of iterations when computing a single spine:     1
Using expanded bubble when generating a spine:          true
--------------------------------------------------------------------
Real-time scheduling:                                   FPS
Maximal iteration time [ms]:                            100
Maximal time of Task 1 [ms]:                            50
--------------------------------------------------------------------
Number of obstacles:                                    50
Obstacles motion:                                       random
Maximal velocity of each obstacle [m/s]:                1.6
Maximal acceleration of each obstacle [m/s²]:           0
--------------------------------------------------------------------
Test number: 1
Number of successful tests: 1 of 1 = 100 %
Success:
1
Number of iterations:
38
Algorithm execution time [ms]:
937
Path length [rad]:
9.80925
Task 1 interrupted:
0
Routine replan [ms] times: 
77
31
4
18
4
94
5
39
7
25
53
3
6
Routine computeDistance [us] times: 
81
83
94
93
96
92
91
90
96
93
91
90
91
93
97
96
97
93
98
92
94
99
195
96
100
94
95
100
102
108
99
96
94
94
94
93
90
Routine generateGBur [ms] times: 
7
7
4
3
2
2
2
3
2
2
3
3
2
2
3
3
4
2
3
4
3
3
6
17
13
11
5
9
5
5
4
3
2
4
2
3
3
Routine generateHorizon [us] times: 
8
0
0
0
0
0
0
5
0
0
0
0
0
14
9
0
0
Routine updateHorizon [us] times: 
11
6
8
7
6
6
5
7
5
5
7
8
7
5
6
9
6
6
5
8
6
5
18
16
32
25
17
5
4
6
6
10
5
5
10
6
5
--------------------------------------------------------------------
Test number: 2
Number of successful tests: 2 of 2 = 100 %
Success:
1
Number of iterations:
16
Algorithm execution time [ms]:
67
Path length [rad]:
6.52739
Task 1 interrupted:
0
Routine replan [ms] times: 
10
3
1
Routine computeDistance [us] times: 
94
93
101
95
92
92
92
97
96
91
97
98
92
94
93
Routine generateGBur [ms] times: 
9
3
2
2
2
2
2
2
2
2
2
3
2
2
2
Routine generateHorizon [us] times: 
0
0
0
Routine updateHorizon [us] times: 
13
11
6
6
7
6
5
6
5
5
5
6
10
6
6
--------------------------------------------------------------------
Test number: 3
Number of successful tests: 3 of 3 = 100 %
Success:
1
Number of iterations:
51
Algorithm execution time [ms]:
1328
Path length [rad]:
15.5792
Task 1 interrupted:
0
Routine replan [ms] times: 
61
16
65
19
12
12
28
91
85
2
3
2
3
8
1
Routine computeDistance [us] times: 
91
100
97
95
92
94
94
96
94
94
95
93
98
93
90
91
94
96
94
90
89
88
94
92
95
96
87
86
88
93
88
90
89
89
93
90
103
96
98
87
94
94
89
92
90
89
89
85
94
98
Routine generateGBur [ms] times: 
8
4
2
2
3
2
3
3
3
4
6
8
7
10
6
4
2
3
3
3
3
3
4
6
4
4
4
3
3
3
3
2
1
2
2
2
2
2
2
2
2
2
1
2
1
1
2
2
2
2
Routine generateHorizon [us] times: 
5
0
1
0
0
0
0
0
7
0
0
0
0
0
0
0
0
Routine updateHorizon [us] times: 
12
7
6
6
5
6
5
5
6
7
8
6
10
7
6
10
9
6
6
5
8
8
6
6
4
6
6
6
5
6
7
6
5
7
6
5
8
6
5
7
5
5
8
5
5
5
5
9
5
5
--------------------------------------------------------------------
Test number: 4
Number of successful tests: 3 of 4 = 75 %
Success:
0
Number of iterations:
71
Algorithm execution time [ms]:
980
Path length [rad]:
inf
Task 1 interrupted:
0
--------------------------------------------------------------------
Test number: 5
Number of successful tests: 3 of 5 = 60 %
Success:
0
Number of iterations:
5
Algorithm execution time [ms]:
136
Path length [rad]:
inf
Task 1 interrupted:
0
--------------------------------------------------------------------
Test number: 6
Number of successful tests: 3 of 6 = 50 %
Success:
0
Number of iterations:
31
Algorithm execution time [ms]:
520
Path length [rad]:
inf
Task 1 interrupted:
0
--------------------------------------------------------------------
Test number: 7
Number of successful tests: 4 of 7 = 57.1429 %
Success:
1
Number of iterations:
45
Algorithm execution time [ms]:
1042
Path length [rad]:
13.0823
Task 1 interrupted:
0
Routine replan [ms] times: 
19
43
8
55
44
24
8
10
27
27
41
5
69
2
Routine computeDistance [us] times: 
97
107
98
97
97
96
94
95
94
95
95
93
100
99
95
96
93
94
92
92
91
98
90
92
97
96
90
93
94
94
91
96
89
89
96
93
91
89
94
95
91
97
92
95
Routine generateGBur [ms] times: 
9
9
4
3
2
2
2
2
2
2
2
3
3
3
3
2
2
2
2
2
2
2
3
2
3
4
2
3
4
2
2
1
2
3
2
2
3
3
3
3
2
2
2
2
Routine generateHorizon [us] times: 
0
0
0
0
0
0
6
0
0
0
0
0
0
0
0
Routine updateHorizon [us] times: 
12
10
7
6
6
5
6
6
6
6
5
7
6
6
4
5
5
4
9
8
7
4
5
6
7
6
5
7
5
5
8
5
5
8
5
6
8
9
5
5
23
7
5
5
--------------------------------------------------------------------
Test number: 8
Number of successful tests: 5 of 8 = 62.5 %
Success:
1
Number of iterations:
21
Algorithm execution time [ms]:
221
Path length [rad]:
7.58396
Task 1 interrupted:
0
Routine replan [ms] times: 
2
13
4
2
8
1
Routine computeDistance [us] times: 
89
89
95
92
93
92
96
88
91
92
92
115
93
88
89
92
93
90
99
90
Routine generateGBur [ms] times: 
8
2
2
2
2
2
2
2
4
4
3
5
6
3
6
4
4
3
2
1
Routine generateHorizon [us] times: 
5
0
0
0
0
0
0
Routine updateHorizon [us] times: 
11
9
9
6
8
6
6
5
5
6
10
6
6
9
9
7
9
8
6
5
--------------------------------------------------------------------
Test number: 9
Number of successful tests: 6 of 9 = 66.6667 %
Success:
1
Number of iterations:
40
Algorithm execution time [ms]:
571
Path length [rad]:
12.5904
Task 1 interrupted:
0
Routine replan [ms] times: 
68
39
20
61
3
3
2
Routine computeDistance [us] times: 
95
93
99
94
94
96
96
97
92
97
96
91
109
95
94
92
94
92
86
91
95
95
93
90
94
94
99
91
99
98
90
96
94
97
88
102
89
90
93
Routine generateGBur [ms] times: 
8
6
4
2
2
4
17
3
2
2
2
2
2
3
2
2
4
3
2
2
2
1
2
2
2
2
1
2
2
2
3
3
3
3
2
3
3
4
3
Routine generateHorizon [us] times: 
7
0
5
9
0
0
0
0
0
0
Routine updateHorizon [us] times: 
11
11
6
6
6
6
5
4
5
5
5
5
5
6
5
5
5
5
5
5
5
5
6
7
17
5
6
5
5
5
8
5
6
10
9
6
5
5
15
--------------------------------------------------------------------
Test number: 10
Number of successful tests: 6 of 10 = 60 %
Success:
0
Number of iterations:
51
Algorithm execution time [ms]:
2251
Path length [rad]:
inf
Task 1 interrupted:
0
--------------------------------------------------------------------
Test number: 11
Number of successful tests: 7 of 11 = 63.6364 %
Success:
1
Number of iterations:
30
Algorithm execution time [ms]:
334
Path length [rad]:
11.0733
Task 1 interrupted:
0
Routine replan [ms] times: 
69
10
2
Routine computeDistance [us] times: 
91
96
90
92
92
92
95
90
92
94
95
94
98
95
98
93
93
94
90
88
90
96
97
91
93
97
100
99
98
Routine generateGBur [ms] times: 
10
3
3
3
5
6
4
3
3
4
3
2
3
2
2
2
2
1
2
1
2
2
1
1
2
2
2
2
3
Routine generateHorizon [us] times: 
8
0
8
0
0
Routine updateHorizon [us] times: 
12
10
6
6
9
7
6
5
6
5
5
6
5
6
6
6
5
5
5
5
7
5
6
5
5
5
5
5
5
--------------------------------------------------------------------
Test number: 12
Number of successful tests: 8 of 12 = 66.6667 %
Success:
1
Number of iterations:
29
Algorithm execution time [ms]:
204
Path length [rad]:
10.2699
Task 1 interrupted:
0
Routine replan [ms] times: 
25
14
3
19
6
29
1
Routine computeDistance [us] times: 
88
92
90
105
92
92
94
92
92
91
89
91
90
92
92
93
92
102
98
87
185
93
95
99
92
93
90
88
Routine generateGBur [ms] times: 
10
2
2
2
2
2
2
2
2
2
2
2
2
2
2
3
3
3
4
2
5
2
2
2
2
2
3
3
Routine generateHorizon [us] times: 
5
0
0
0
0
0
0
0
Routine updateHorizon [us] times: 
11
8
7
6
5
5
6
5
5
6
6
7
5
5
5
5
5
6
6
5
18
10
8
9
5
6
11
6
--------------------------------------------------------------------
Test number: 13
Number of successful tests: 9 of 13 = 69.2308 %
Success:
1
Number of iterations:
21
Algorithm execution time [ms]:
183
Path length [rad]:
7.46998
Task 1 interrupted:
0
Routine replan [ms] times: 
30
31
22
2
Routine computeDistance [us] times: 
96
100
92
90
91
92
94
93
97
99
94
92
89
96
93
91
92
94
91
98
Routine generateGBur [ms] times: 
8
2
2
2
2
2
2
3
3
2
2
2
3
3
4
3
3
2
2
2
Routine generateHorizon [us] times: 
7
0
0
0
0
Routine updateHorizon [us] times: 
12
10
7
6
6
5
5
5
6
6
6
6
8
6
6
8
5
5
5
6
--------------------------------------------------------------------
Test number: 14
Number of successful tests: 10 of 14 = 71.4286 %
Success:
1
Number of iterations:
62
Algorithm execution time [ms]:
1860
Path length [rad]:
24.3405
Task 1 interrupted:
0
Routine replan [ms] times: 
68
30
30
36
72
6
8
2
7
28
9
2
Routine computeDistance [us] times: 
97
89
93
91
93
91
91
91
90
91
91
93
93
95
93
98
96
91
96
90
95
93
89
90
94
93
91
104
98
98
102
97
99
98
99
99
96
97
98
97
94
90
89
92
92
93
93
91
91
91
92
90
91
92
93
91
88
103
94
93
98
Routine generateGBur [ms] times: 
8
2
2
2
5
2
3
3
4
3
5
3
4
6
4
4
6
5
3
4
4
3
3
2
3
2
2
2
2
2
2
2
4
6
5
2
2
1
1
1
1
1
2
3
2
2
1
2
1
1
2
3
3
3
2
2
2
1
2
2
3
Routine generateHorizon [us] times: 
7
0
21
0
0
0
6
0
0
0
0
0
0
0
0
Routine updateHorizon [us] times: 
13
17
7
6
14
6
6
6
5
5
6
7
8
7
6
5
7
6
7
6
4
6
6
6
6
6
13
6
6
6
5
6
6
5
6
8
9
6
6
9
6
6
6
9
9
10
9
17
9
6
6
14
6
5
6
5
5
5
5
5
5
--------------------------------------------------------------------
Test number: 15
Number of successful tests: 10 of 15 = 66.6667 %
Success:
0
Number of iterations:
4
Algorithm execution time [ms]:
37
Path length [rad]:
inf
Task 1 interrupted:
0
--------------------------------------------------------------------
Test number: 16
Number of successful tests: 11 of 16 = 68.75 %
Success:
1
Number of iterations:
26
Algorithm execution time [ms]:
365
Path length [rad]:
7.63912
Task 1 interrupted:
0
Routine replan [ms] times: 
15
25
12
7
31
88
67
10
1
Routine computeDistance [us] times: 
93
109
92
94
90
90
90
91
92
91
94
94
93
93
95
103
93
97
97
91
93
92
91
91
88
Routine generateGBur [ms] times: 
12
3
2
2
2
2
2
2
3
2
3
3
2
5
5
3
3
4
3
2
3
2
2
4
3
Routine generateHorizon [us] times: 
0
1
0
0
0
0
0
0
0
Routine updateHorizon [us] times: 
13
6
6
6
6
6
6
7
6
6
8
6
5
5
10
7
5
10
8
5
5
5
10
6
6
--------------------------------------------------------------------
Test number: 17
Number of successful tests: 11 of 17 = 64.7059 %
Success:
0
Number of iterations:
6
Algorithm execution time [ms]:
138
Path length [rad]:
inf
Task 1 interrupted:
0
--------------------------------------------------------------------
Test number: 18
Number of successful tests: 11 of 18 = 61.1111 %
Success:
0
Number of iterations:
8
Algorithm execution time [ms]:
35
Path length [rad]:
inf
Task 1 interrupted:
0
--------------------------------------------------------------------
Test number: 19
Number of successful tests: 12 of 19 = 63.1579 %
Success:
1
Number of iterations:
24
Algorithm execution time [ms]:
433
Path length [rad]:
7.50387
Task 1 interrupted:
0
Routine replan [ms] times: 
85
39
3
54
7
Routine computeDistance [us] times: 
92
96
97
89
92
93
95
90
90
93
96
91
90
92
97
92
88
92
94
93
95
102
88
Routine generateGBur [ms] times: 
9
5
4
2
2
2
3
2
2
3
2
3
2
3
3
3
4
3
3
2
3
2
2
Routine generateHorizon [us] times: 
6
0
6
0
0
0
0
Routine updateHorizon [us] times: 
11
8
9
7
6
6
4
7
6
6
9
12
6
8
6
5
8
6
5
5
5
6
5
--------------------------------------------------------------------
Test number: 20
Number of successful tests: 12 of 20 = 60 %
Success:
0
Number of iterations:
9
Algorithm execution time [ms]:
549
Path length [rad]:
inf
Task 1 interrupted:
0
--------------------------------------------------------------------
Test number: 21
Number of successful tests: 12 of 21 = 57.1429 %
Success:
0
Number of iterations:
21
Algorithm execution time [ms]:
313
Path length [rad]:
inf
Task 1 interrupted:
0
--------------------------------------------------------------------
Test number: 22
Number of successful tests: 13 of 22 = 59.0909 %
Success:
1
Number of iterations:
44
Algorithm execution time [ms]:
901
Path length [rad]:
13.2996
Task 1 interrupted:
0
Routine replan [ms] times: 
32
33
83
21
9
11
31
13
38
7
2
11
Routine computeDistance [us] times: 
93
96
94
92
90
94
90
92
88
90
91
94
93
92
95
90
91
92
90
92
89
91
91
89
90
98
92
97
96
94
94
94
92
91
94
99
91
93
92
89
92
91
95
Routine generateGBur [ms] times: 
9
2
2
2
2
4
4
3
3
3
7
4
5
3
3
4
3
3
2
2
2
2
2
2
4
3
4
4
7
4
4
2
2
2
2
3
3
3
4
3
3
14
8
Routine generateHorizon [us] times: 
1
0
7
0
0
0
0
0
6
0
0
0
0
0
Routine updateHorizon [us] times: 
14
6
6
5
5
6
5
5
4
7
6
5
9
6
6
6
4
7
5
5
5
5
5
8
5
6
4
8
5
9
6
6
6
9
5
5
10
6
6
5
5
12
6
--------------------------------------------------------------------
Test number: 23
Number of successful tests: 13 of 23 = 56.5217 %
Success:
0
Number of iterations:
13
Algorithm execution time [ms]:
108
Path length [rad]:
inf
Task 1 interrupted:
0
--------------------------------------------------------------------
Test number: 24
Number of successful tests: 14 of 24 = 58.3333 %
Success:
1
Number of iterations:
32
Algorithm execution time [ms]:
780
Path length [rad]:
11.033
Task 1 interrupted:
0
Routine replan [ms] times: 
9
71
9
4
1
3
4
Routine computeDistance [us] times: 
91
96
95
98
99
96
94
94
94
93
94
91
91
96
90
93
94
91
93
97
95
97
91
93
97
97
98
91
96
92
91
Routine generateGBur [ms] times: 
7
5
2
3
3
2
2
2
4
3
5
4
3
3
2
2
2
2
2
2
3
2
2
3
4
6
5
3
3
2
3
Routine generateHorizon [us] times: 
6
0
0
0
0
0
0
6
0
Routine updateHorizon [us] times: 
11
10
8
6
5
7
7
7
5
6
5
6
8
8
8
5
5
6
5
5
6
6
10
6
6
4
5
6
5
9
5
--------------------------------------------------------------------
Test number: 25
Number of successful tests: 15 of 25 = 60 %
Success:
1
Number of iterations:
35
Algorithm execution time [ms]:
1028
Path length [rad]:
13.3505
Task 1 interrupted:
0
Routine replan [ms] times: 
37
42
20
10
32
29
94
14
7
1
6
Routine computeDistance [us] times: 
93
102
97
95
94
94
94
92
95
95
91
90
93
91
92
95
95
94
95
93
97
96
99
93
99
97
91
94
89
93
92
91
88
87
Routine generateGBur [ms] times: 
8
2
3
12
8
7
3
3
4
3
5
3
4
3
3
3
4
3
4
6
5
4
5
4
3
4
4
4
3
4
2
3
3
2
Routine generateHorizon [us] times: 
7
0
0
0
0
7
0
0
0
0
0
0
0
Routine updateHorizon [us] times: 
12
9
6
5
6
8
7
10
7
6
5
5
6
5
5
6
8
6
5
9
5
5
4
10
10
10
6
10
9
9
9
6
5
6
--------------------------------------------------------------------
Test number: 26
Number of successful tests: 16 of 26 = 61.5385 %
Success:
1
Number of iterations:
33
Algorithm execution time [ms]:
417
Path length [rad]:
11.3324
Task 1 interrupted:
0
Routine replan [ms] times: 
47
10
24
13
24
31
4
12
16
2
Routine computeDistance [us] times: 
93
96
91
94
96
95
92
95
95
89
91
93
89
91
89
91
88
92
93
90
87
97
86
90
90
90
93
91
93
90
89
89
Routine generateGBur [ms] times: 
7
3
2
3
4
4
9
7
3
2
3
2
2
2
2
2
3
2
2
2
3
3
2
2
2
3
2
2
2
2
4
3
Routine generateHorizon [us] times: 
6
0
6
0
0
0
0
0
0
0
0
0
Routine updateHorizon [us] times: 
12
9
6
6
6
5
5
6
4
8
6
6
8
6
5
5
9
8
5
5
11
8
7
6
7
8
8
5
5
5
5
6
--------------------------------------------------------------------
Test number: 27
Number of successful tests: 17 of 27 = 62.963 %
Success:
1
Number of iterations:
26
Algorithm execution time [ms]:
360
Path length [rad]:
8.30126
Task 1 interrupted:
0
Routine replan [ms] times: 
27
31
5
9
29
26
13
35
34
Routine computeDistance [us] times: 
93
92
92
90
91
90
88
87
88
89
93
93
88
92
91
93
99
90
97
95
91
90
90
89
89
Routine generateGBur [ms] times: 
8
2
2
3
2
2
2
3
2
3
2
3
2
3
2
2
4
3
5
5
5
6
3
3
2
Routine generateHorizon [us] times: 
6
0
0
0
0
0
0
0
0
0
Routine updateHorizon [us] times: 
12
10
6
6
6
5
6
5
5
8
6
5
9
8
8
5
6
9
6
5
10
10
11
5
6
--------------------------------------------------------------------
Test number: 28
Number of successful tests: 18 of 28 = 64.2857 %
Success:
1
Number of iterations:
26
Algorithm execution time [ms]:
503
Path length [rad]:
8.25608
Task 1 interrupted:
0
Routine replan [ms] times: 
48
54
35
19
4
2
1
Routine computeDistance [us] times: 
96
98
94
94
95
94
93
96
93
92
95
94
92
93
92
94
90
94
96
89
89
90
86
87
93
Routine generateGBur [ms] times: 
10
3
2
3
2
2
3
2
3
3
3
4
4
2
2
2
2
2
2
2
1
1
2
3
4
Routine generateHorizon [us] times: 
1
0
0
0
0
0
0
Routine updateHorizon [us] times: 
14
7
6
6
5
5
6
6
5
9
6
5
5
6
5
5
8
5
6
8
5
5
8
5
6
--------------------------------------------------------------------
Test number: 29
Number of successful tests: 18 of 29 = 62.069 %
Success:
0
Number of iterations:
5
Algorithm execution time [ms]:
138
Path length [rad]:
inf
Task 1 interrupted:
0
--------------------------------------------------------------------
Test number: 30
Number of successful tests: 19 of 30 = 63.3333 %
Success:
1
Number of iterations:
17
Algorithm execution time [ms]:
480
Path length [rad]:
7.12376
Task 1 interrupted:
0
Routine replan [ms] times: 
67
Routine computeDistance [us] times: 
92
91
91
94
94
92
94
97
95
94
91
89
92
100
91
88
Routine generateGBur [ms] times: 
8
6
3
3
4
5
3
3
2
2
2
3
2
2
4
3
Routine generateHorizon [us] times: 
6
0
Routine updateHorizon [us] times: 
11
8
7
6
5
6
5
6
9
5
5
6
6
6
5
6
--------------------------------------------------------------------
Test number: 31
Number of successful tests: 20 of 31 = 64.5161 %
Success:
1
Number of iterations:
50
Algorithm execution time [ms]:
1119
Path length [rad]:
17.3595
Task 1 interrupted:
0
Routine replan [ms] times: 
16
35
26
59
36
73
3
2
9
13
12
34
12
32
7
Routine computeDistance [us] times: 
91
91
94
97
88
95
92
91
94
92
97
97
99
99
96
93
94
92
93
100
92
91
92
91
91
94
91
91
93
93
93
93
95
91
94
91
95
91
90
87
92
88
91
93
90
87
96
86
87
Routine generateGBur [ms] times: 
11
3
2
2
3
3
4
2
2
3
4
2
4
3
3
3
5
4
3
3
3
2
2
2
2
2
2
2
3
2
2
2
2
2
2
3
3
2
4
3
3
2
3
3
3
4
4
3
4
Routine generateHorizon [us] times: 
0
0
0
0
0
0
0
0
0
0
5
0
0
0
0
0
Routine updateHorizon [us] times: 
12
10
6
6
5
6
4
6
6
5
5
5
9
8
5
6
7
8
6
5
5
6
6
7
7
7
5
6
8
6
5
5
5
8
5
6
5
6
8
8
8
9
9
9
6
6
6
5
5
--------------------------------------------------------------------
Test number: 32
Number of successful tests: 21 of 32 = 65.625 %
Success:
1
Number of iterations:
22
Algorithm execution time [ms]:
337
Path length [rad]:
7.22984
Task 1 interrupted:
0
Routine replan [ms] times: 
34
40
7
11
43
4
Routine computeDistance [us] times: 
94
96
94
94
95
92
93
91
93
93
90
91
92
90
92
90
92
92
92
85
88
Routine generateGBur [ms] times: 
11
7
3
2
2
2
2
2
2
3
2
2
2
2
2
2
3
2
2
1
2
Routine generateHorizon [us] times: 
1
0
0
0
0
0
Routine updateHorizon [us] times: 
15
11
7
6
6
5
6
7
6
6
7
6
5
8
6
5
8
6
5
5
5
--------------------------------------------------------------------
Test number: 33
Number of successful tests: 21 of 33 = 63.6364 %
Success:
0
Number of iterations:
49
Algorithm execution time [ms]:
1323
Path length [rad]:
inf
Task 1 interrupted:
0
--------------------------------------------------------------------
Test number: 34
Number of successful tests: 22 of 34 = 64.7059 %
Success:
1
Number of iterations:
57
Algorithm execution time [ms]:
1323
Path length [rad]:
17.7311
Task 1 interrupted:
0
Routine replan [ms] times: 
57
96
19
15
84
39
53
10
13
1
17
16
5
Routine computeDistance [us] times: 
96
97
102
93
95
95
91
93
92
93
91
98
93
96
96
92
96
94
94
93
94
98
93
89
92
90
94
93
90
96
95
97
98
92
102
92
92
92
94
91
94
107
98
93
91
89
93
90
89
89
88
90
88
86
89
91
Routine generateGBur [ms] times: 
8
4
3
3
2
2
2
2
2
2
2
2
3
5
5
3
3
3
5
6
5
3
3
3
4
3
2
2
2
2
2
1
1
2
2
2
2
2
1
2
2
2
2
2
2
2
2
2
2
2
4
2
2
2
3
3
Routine generateHorizon [us] times: 
7
0
0
6
0
6
0
0
0
0
0
0
0
0
0
0
Routine updateHorizon [us] times: 
12
6
7
6
4
6
6
6
4
6
5
5
6
5
4
8
6
7
8
5
7
6
6
5
5
5
6
5
5
5
5
6
5
5
6
8
5
5
5
8
5
5
5
8
5
9
8
6
5
6
9
5
5
5
5
6
--------------------------------------------------------------------
Test number: 35
Number of successful tests: 22 of 35 = 62.8571 %
Success:
0
Number of iterations:
34
Algorithm execution time [ms]:
1059
Path length [rad]:
inf
Task 1 interrupted:
0
--------------------------------------------------------------------
Test number: 36
Number of successful tests: 23 of 36 = 63.8889 %
Success:
1
Number of iterations:
24
Algorithm execution time [ms]:
400
Path length [rad]:
7.64655
Task 1 interrupted:
0
Routine replan [ms] times: 
39
35
2
7
Routine computeDistance [us] times: 
93
93
99
103
95
96
91
93
91
95
89
91
91
92
98
92
99
96
96
87
92
92
99
Routine generateGBur [ms] times: 
9
9
7
6
5
15
16
2
2
2
2
2
2
2
2
2
2
2
2
3
2
2
2
Routine generateHorizon [us] times: 
5
0
10
0
0
0
Routine updateHorizon [us] times: 
11
7
6
7
9
11
4
8
6
6
5
5
5
5
5
8
6
5
5
5
9
6
6
--------------------------------------------------------------------
Test number: 37
Number of successful tests: 23 of 37 = 62.1622 %
Success:
0
Number of iterations:
6
Algorithm execution time [ms]:
304
Path length [rad]:
inf
Task 1 interrupted:
0
--------------------------------------------------------------------
Test number: 38
Number of successful tests: 23 of 38 = 60.5263 %
Success:
0
Number of iterations:
7
Algorithm execution time [ms]:
585
Path length [rad]:
inf
Task 1 interrupted:
0
--------------------------------------------------------------------
Test number: 39
Number of successful tests: 24 of 39 = 61.5385 %
Success:
1
Number of iterations:
33
Algorithm execution time [ms]:
554
Path length [rad]:
10.9229
Task 1 interrupted:
0
Routine replan [ms] times: 
57
15
42
20
11
53
2
1
5
63
4
4
Routine computeDistance [us] times: 
95
94
95
91
91
89
90
94
100
88
92
90
88
87
96
95
86
90
91
93
95
86
85
94
97
90
89
91
91
88
86
88
Routine generateGBur [ms] times: 
8
2
3
2
3
3
3
3
3
2
2
3
3
3
2
2
2
3
2
2
1
2
2
2
2
2
3
2
2
2
2
2
Routine generateHorizon [us] times: 
7
0
0
0
0
0
0
0
0
0
5
0
0
0
Routine updateHorizon [us] times: 
12
5
6
5
8
7
7
5
6
8
6
6
8
7
5
6
7
5
9
6
6
5
5
6
5
4
7
9
8
6
5
6
--------------------------------------------------------------------
Test number: 40
Number of successful tests: 25 of 40 = 62.5 %
Success:
1
Number of iterations:
30
Algorithm execution time [ms]:
404
Path length [rad]:
10.0573
Task 1 interrupted:
0
Routine replan [ms] times: 
38
10
89
26
4
15
2
1
Routine computeDistance [us] times: 
97
97
93
92
91
92
92
89
90
91
89
89
90
92
91
97
97
96
95
94
97
90
92
99
94
92
94
94
93
Routine generateGBur [ms] times: 
7
5
5
3
5
3
2
2
2
2
1
2
2
2
2
3
3
2
3
2
3
2
2
2
2
2
2
1
2
Routine generateHorizon [us] times: 
1
7
0
0
0
0
6
0
0
0
Routine updateHorizon [us] times: 
14
7
6
4
9
8
6
6
5
5
5
5
5
5
8
8
5
5
7
6
6
9
8
6
6
8
5
5
5
--------------------------------------------------------------------
Test number: 41
Number of successful tests: 25 of 41 = 60.9756 %
Success:
0
Number of iterations:
4
Algorithm execution time [ms]:
300
Path length [rad]:
inf
Task 1 interrupted:
0
--------------------------------------------------------------------
Test number: 42
Number of successful tests: 25 of 42 = 59.5238 %
Success:
0
Number of iterations:
10
Algorithm execution time [ms]:
491
Path length [rad]:
inf
Task 1 interrupted:
0
--------------------------------------------------------------------
Test number: 43
Number of successful tests: 26 of 43 = 60.4651 %
Success:
1
Number of iterations:
19
Algorithm execution time [ms]:
321
Path length [rad]:
6.8581
Task 1 interrupted:
0
Routine replan [ms] times: 
16
3
10
31
Routine computeDistance [us] times: 
91
92
95
92
92
91
93
93
87
88
90
106
92
94
88
91
93
95
Routine generateGBur [ms] times: 
9
5
2
2
2
3
3
2
3
3
2
3
3
3
2
2
1
1
Routine generateHorizon [us] times: 
6
0
0
0
0
Routine updateHorizon [us] times: 
12
8
6
6
6
7
7
5
5
8
8
5
6
6
5
5
5
6
--------------------------------------------------------------------
Test number: 44
Number of successful tests: 26 of 44 = 59.0909 %
Success:
0
Number of iterations:
21
Algorithm execution time [ms]:
1126
Path length [rad]:
inf
Task 1 interrupted:
0
--------------------------------------------------------------------
Test number: 45
Number of successful tests: 27 of 45 = 60 %
Success:
1
Number of iterations:
35
Algorithm execution time [ms]:
350
Path length [rad]:
12.3843
Task 1 interrupted:
0
Routine replan [ms] times: 
23
36
26
2
53
21
4
45
4
Routine computeDistance [us] times: 
95
101
95
91
105
94
90
92
94
96
93
91
96
95
96
93
94
93
94
93
91
90
92
96
92
94
96
97
100
96
99
96
91
97
Routine generateGBur [ms] times: 
8
6
4
2
2
4
3
2
3
5
3
3
4
2
2
3
3
4
5
4
3
3
3
2
2
2
2
2
2
2
2
2
1
2
Routine generateHorizon [us] times: 
1
0
0
0
0
5
0
0
0
6
0
Routine updateHorizon [us] times: 
16
8
6
6
6
5
5
6
7
6
6
8
7
6
5
8
6
6
4
5
9
8
4
5
5
4
6
5
6
8
19
5
5
5
--------------------------------------------------------------------
Test number: 46
Number of successful tests: 27 of 46 = 58.6957 %
Success:
0
Number of iterations:
17
Algorithm execution time [ms]:
359
Path length [rad]:
inf
Task 1 interrupted:
0
--------------------------------------------------------------------
Test number: 47
Number of successful tests: 27 of 47 = 57.4468 %
Success:
0
Number of iterations:
6
Algorithm execution time [ms]:
362
Path length [rad]:
inf
Task 1 interrupted:
0
--------------------------------------------------------------------
Test number: 48
Number of successful tests: 27 of 48 = 56.25 %
Success:
0
Number of iterations:
18
Algorithm execution time [ms]:
259
Path length [rad]:
inf
Task 1 interrupted:
0
--------------------------------------------------------------------
