Using scenario:                                         /data/xarm6/scenario_real_time/scenario_real_time.yaml
Dynamic planner:                                        DRGBT
Static planner for replanning:                          RGBMT*
Maximal algorithm time [ms]:                            30000
Initial horizon size:                                   10
Treshold for the replanning assessment:                 0.5
Critical distance in W-space [m]:                       0.05
Maximal number of attempts when modifying states:       10
Number of extensions for generating a generalized bur:  6
Number of iterations when computing a single spine:     1
Using expanded bubble when generating a spine:          true
--------------------------------------------------------------------
Real-time scheduling:                                   FPS
Maximal iteration time [ms]:                            100
Maximal time of Task 1 [ms]:                            50
--------------------------------------------------------------------
Number of obstacles:                                    2
Obstacles motion:                                       random
Maximal velocity of each obstacle [m/s]:                1.6
Maximal acceleration of each obstacle [m/s²]:           0
--------------------------------------------------------------------
Test number: 1
Number of successful tests: 1 of 1 = 100 %
Success:
1
Number of iterations:
14
Algorithm execution time [ms]:
30
Path length [rad]:
6.06282
Task 1 interrupted:
0
Routine replan [ms] times: 
1
Routine computeDistance [us] times: 
11
10
12
10
10
11
11
11
13
11
11
11
13
Routine generateGBur [ms] times: 
7
2
1
1
1
1
1
1
1
1
1
1
1
Routine generateHorizon [us] times: 
5
0
Routine updateHorizon [us] times: 
11
8
6
5
5
5
5
5
6
5
4
4
5
--------------------------------------------------------------------
Test number: 2
Number of successful tests: 2 of 2 = 100 %
Success:
1
Number of iterations:
14
Algorithm execution time [ms]:
32
Path length [rad]:
6.01
Task 1 interrupted:
0
Routine replan [ms] times: 
1
Routine computeDistance [us] times: 
12
11
11
11
10
10
12
11
10
10
10
12
10
Routine generateGBur [ms] times: 
7
2
2
2
1
1
1
1
1
1
1
1
1
Routine generateHorizon [us] times: 
5
0
Routine updateHorizon [us] times: 
11
9
5
5
5
5
7
6
5
5
5
5
5
--------------------------------------------------------------------
Test number: 3
Number of successful tests: 3 of 3 = 100 %
Success:
1
Number of iterations:
14
Algorithm execution time [ms]:
33
Path length [rad]:
6.01
Task 1 interrupted:
0
Routine replan [ms] times: 
1
Routine computeDistance [us] times: 
11
11
12
12
12
13
11
11
11
12
11
12
12
Routine generateGBur [ms] times: 
6
2
2
2
1
1
1
1
1
1
1
1
1
Routine generateHorizon [us] times: 
5
0
Routine updateHorizon [us] times: 
12
9
5
5
5
6
5
5
5
5
5
5
6
--------------------------------------------------------------------
Test number: 4
Number of successful tests: 4 of 4 = 100 %
Success:
1
Number of iterations:
14
Algorithm execution time [ms]:
43
Path length [rad]:
6.26364
Task 1 interrupted:
0
Routine replan [ms] times: 
8
1
Routine computeDistance [us] times: 
11
11
11
11
11
12
13
14
11
12
11
11
12
Routine generateGBur [ms] times: 
7
2
2
2
2
2
2
1
1
1
1
1
1
Routine generateHorizon [us] times: 
0
0
Routine updateHorizon [us] times: 
13
11
6
5
5
6
6
6
5
5
5
5
5
--------------------------------------------------------------------
Test number: 5
Number of successful tests: 5 of 5 = 100 %
Success:
1
Number of iterations:
14
Algorithm execution time [ms]:
29
Path length [rad]:
6.66136
Task 1 interrupted:
0
Routine replan [ms] times: 
0
Routine computeDistance [us] times: 
11
11
11
11
11
11
14
11
11
11
10
11
11
Routine generateGBur [ms] times: 
5
2
1
1
1
1
1
1
1
1
1
1
1
Routine generateHorizon [us] times: 
5
0
Routine updateHorizon [us] times: 
10
8
5
5
6
5
6
5
5
5
5
5
5
--------------------------------------------------------------------
Test number: 6
Number of successful tests: 6 of 6 = 100 %
Success:
1
Number of iterations:
14
Algorithm execution time [ms]:
33
Path length [rad]:
6.26364
Task 1 interrupted:
0
Routine replan [ms] times: 
1
0
Routine computeDistance [us] times: 
11
11
11
11
13
11
11
11
11
11
12
11
12
Routine generateGBur [ms] times: 
8
2
2
2
1
1
1
1
1
1
1
1
1
Routine generateHorizon [us] times: 
0
0
Routine updateHorizon [us] times: 
12
9
6
5
9
5
5
5
5
5
5
5
6
--------------------------------------------------------------------
Test number: 7
Number of successful tests: 7 of 7 = 100 %
Success:
1
Number of iterations:
22
Algorithm execution time [ms]:
103
Path length [rad]:
8.22013
Task 1 interrupted:
0
Routine replan [ms] times: 
1
2
4
31
3
0
Routine computeDistance [us] times: 
11
10
13
11
11
11
11
10
12
12
11
11
11
10
11
11
10
11
11
11
11
Routine generateGBur [ms] times: 
7
2
2
1
1
8
5
3
4
2
2
2
1
1
1
1
1
1
1
1
1
Routine generateHorizon [us] times: 
0
0
0
0
0
0
Routine updateHorizon [us] times: 
12
9
9
6
5
5
11
5
5
6
7
5
5
7
5
5
5
5
5
5
5
--------------------------------------------------------------------
Test number: 8
Number of successful tests: 8 of 8 = 100 %
Success:
1
Number of iterations:
14
Algorithm execution time [ms]:
42
Path length [rad]:
6.26364
Task 1 interrupted:
0
Routine replan [ms] times: 
7
1
Routine computeDistance [us] times: 
24
11
12
13
17
12
11
39
14
13
12
16
11
Routine generateGBur [ms] times: 
7
2
2
2
1
1
3
2
1
1
1
1
1
Routine generateHorizon [us] times: 
0
0
Routine updateHorizon [us] times: 
12
10
6
6
10
8
6
20
7
6
5
7
6
--------------------------------------------------------------------
Test number: 9
Number of successful tests: 9 of 9 = 100 %
Success:
1
Number of iterations:
14
Algorithm execution time [ms]:
54
Path length [rad]:
6.26364
Task 1 interrupted:
0
Routine replan [ms] times: 
4
2
Routine computeDistance [us] times: 
11
12
13
12
14
27
27
24
26
26
25
27
25
Routine generateGBur [ms] times: 
7
2
2
2
2
2
2
3
3
3
3
3
3
Routine generateHorizon [us] times: 
0
0
Routine updateHorizon [us] times: 
14
10
6
5
6
17
13
12
11
33
12
15
14
--------------------------------------------------------------------
Test number: 10
Number of successful tests: 10 of 10 = 100 %
Success:
1
Number of iterations:
14
Algorithm execution time [ms]:
42
Path length [rad]:
6.26364
Task 1 interrupted:
0
Routine replan [ms] times: 
8
1
Routine computeDistance [us] times: 
12
12
13
15
11
12
15
15
17
16
13
12
12
Routine generateGBur [ms] times: 
8
2
2
2
1
1
1
1
1
2
1
1
1
Routine generateHorizon [us] times: 
0
0
Routine updateHorizon [us] times: 
15
10
7
7
6
6
6
7
8
7
6
5
5
--------------------------------------------------------------------
