Dynamic planner: DRGBT
Static planner for replanning: RGBMT*
Number of obstacles: 100
Maximal velocity of each obstacle: 0.1 [m/iter.] 
--------------------------------------------------------------------
Test number: 1
Number of successful tests: 0 of 1
Success:
0
Execution time [ms]:
10032
Path length [rad]:
inf
--------------------------------------------------------------------
Test number: 2
Number of successful tests: 0 of 2
Success:
0
Execution time [ms]:
4208
Path length [rad]:
inf
--------------------------------------------------------------------
Test number: 3
Number of successful tests: 0 of 3
Success:
0
Execution time [ms]:
10071
Path length [rad]:
inf
--------------------------------------------------------------------
Test number: 4
Number of successful tests: 0 of 4
Success:
0
Execution time [ms]:
10014
Path length [rad]:
inf
--------------------------------------------------------------------
Test number: 5
Number of successful tests: 0 of 5
Success:
0
Execution time [ms]:
4211
Path length [rad]:
inf
--------------------------------------------------------------------
Test number: 6
Number of successful tests: 0 of 6
Success:
0
Execution time [ms]:
5496
Path length [rad]:
inf
--------------------------------------------------------------------
Test number: 7
Number of successful tests: 0 of 7
Success:
0
Execution time [ms]:
10063
Path length [rad]:
inf
--------------------------------------------------------------------
Test number: 8
Number of successful tests: 1 of 8
Success:
1
Execution time [ms]:
1335
Path length [rad]:
9.92539
Routine generateGBur [ms] routine_times: 
1
1
1
1
1
1
1
2
1
2
1
2
2
--------------------------------------------------------------------
Test number: 9
Number of successful tests: 2 of 9
Success:
1
Execution time [ms]:
2245
Path length [rad]:
20.3817
Routine generateGBur [ms] routine_times: 
1
2
1
2
3
2
2
3
2
2
2
2
2
3
2
2
2
2
2
2
2
2
2
3
--------------------------------------------------------------------
Test number: 10
Number of successful tests: 2 of 10
Success:
0
Execution time [ms]:
10000
Path length [rad]:
inf
--------------------------------------------------------------------
Test number: 11
Number of successful tests: 3 of 11
Success:
1
Execution time [ms]:
3081
Path length [rad]:
36.0895
Routine generateGBur [ms] routine_times: 
2
1
1
2
2
1
2
2
2
2
2
2
2
2
2
2
2
3
2
2
6
3
2
3
4
2
2
5
2
2
3
6
7
4
2
2
2
6
3
2
5
3
2
3
3
4
4
2
3
4
3
2
3
3
--------------------------------------------------------------------
Test number: 12
Number of successful tests: 3 of 12
Success:
0
Execution time [ms]:
7581
Path length [rad]:
inf
--------------------------------------------------------------------
Test number: 13
Number of successful tests: 4 of 13
Success:
1
Execution time [ms]:
5876
Path length [rad]:
56.3842
Routine generateGBur [ms] routine_times: 
1
1
1
2
2
2
2
2
3
3
3
3
4
3
2
3
2
2
4
2
3
3
3
3
3
2
3
2
3
3
2
4
6
4
3
4
4
9
8
8
9
11
7
3
2
2
2
2
2
2
2
2
3
2
2
2
2
1
1
3
2
2
2
2
1
2
2
3
--------------------------------------------------------------------
Test number: 14
Number of successful tests: 4 of 14
Success:
0
Execution time [ms]:
7186
Path length [rad]:
inf
--------------------------------------------------------------------
