Using scenario:                                         /data/xarm6/scenario_real_time/scenario_real_time.yaml
Dynamic planner:                                        DRGBT
Static planner for replanning:                          RGBMT*
Maximal algorithm time [ms]:                            30000
Initial horizon size:                                   10
Treshold for the replanning assessment:                 0.5
Critical distance in W-space [m]:                       0.05
Maximal number of attempts when modifying states:       10
Number of extensions for generating a generalized bur:  6
Number of iterations when computing a single spine:     1
Using expanded bubble when generating a spine:          true
--------------------------------------------------------------------
Real-time scheduling:                                   FPS
Maximal iteration time [ms]:                            100
Maximal time of Task 1 [ms]:                            50
--------------------------------------------------------------------
Number of obstacles:                                    0
Obstacles motion:                                       random
Maximal velocity of each obstacle [m/s]:                1.6
Maximal acceleration of each obstacle [m/s²]:           0
--------------------------------------------------------------------
