Using scenario:                                         /data/xarm6/scenario_real_time/scenario_real_time.yaml
Dynamic planner:                                        DRGBT
Static planner for replanning:                          RGBMT*
Maximal algorithm time [ms]:                            30000
Initial horizon size:                                   10
Treshold for the replanning assessment:                 0.5
Critical distance in W-space [m]:                       0.05
Maximal number of attempts when modifying states:       10
Number of extensions for generating a generalized bur:  6
Number of iterations when computing a single spine:     1
Using expanded bubble when generating a spine:          true
--------------------------------------------------------------------
Real-time scheduling:                                   FPS
Maximal iteration time [ms]:                            100
Maximal time of Task 1 [ms]:                            50
--------------------------------------------------------------------
Number of obstacles:                                    1
Obstacles motion:                                       random
Maximal velocity of each obstacle [m/s]:                1.6
Maximal acceleration of each obstacle [m/s²]:           0
--------------------------------------------------------------------
Test number: 1
Number of successful tests: 1 of 1 = 100 %
Success:
1
Number of iterations:
25
Algorithm execution time [ms]:
78
Path length [rad]:
5.89541
Task 1 interrupted:
0
Routine replan [ms] times: 
2
0
Routine computeDistance [us] times: 
15
9
8
9
8
21
9
10
10
9
9
9
8
9
8
28
12
10
8
9
59
19
10
9
Routine generateGBur [ms] times: 
5
8
4
3
3
2
1
1
1
1
1
1
1
1
1
1
1
1
1
1
1
1
1
1
Routine generateHorizon [us] times: 
7
0
0
Routine updateHorizon [us] times: 
11
11
9
7
5
14
6
5
5
5
5
5
5
5
5
5
7
5
4
5
5
15
5
5
--------------------------------------------------------------------
