Space Type:      RealVectorSpace Type
Dimensionality:  6
Planner type:    RGBMT*
Planner info:
	 Succesfull:           yes
	 Number of iterations: 95
	 Number of states:     382
	 Planning time [ms]:   1019
	 Path cost [rad]:      5.16096
Tree: start
q: ( 1.5708  1.5708 -2.3562       0       0       0); parent q: NONE
q: (  1.54032  0.877515 -0.570361  -5.03173   2.92739  -4.94541); parent q: ( 1.5708  1.5708 -2.3562       0       0       0)
q: (   1.21725    1.55237 -0.0378848   -4.30109    1.74399   -1.95166); parent q: ( 1.5708  1.5708 -2.3562       0       0       0)
q: (  1.56099  0.812546 -0.570331   3.39579   1.16314   1.28587); parent q: (  1.56191  0.883632 -0.737756   3.07744   1.05409   1.16532)
q: (  1.90253 -0.902247  -1.04332   0.99422  0.791903  -1.11878); parent q: (  1.84033 -0.438551  -1.28948  0.807803  0.643421 -0.909013)
q: (  1.84033 -0.438551  -1.28948  0.807803  0.643421 -0.909013); parent q: (  1.82348 -0.312966  -1.35615  0.757316  0.603207 -0.852199)
q: (-1.5708       0 -2.3562       0       0       0); parent q: (  1.84033 -0.438551  -1.28948  0.807803  0.643421 -0.909013)
q: (  1.6846  1.63926 -1.17358 -1.15236  1.53698   2.1589); parent q: ( 1.5708  1.5708 -2.3562       0       0       0)
q: ( 1.5708  1.5708 -2.3562       0       0       0); parent q: ( 1.5708  1.5708 -2.3562       0       0       0)
q: ( 0.987546 -0.328913  -1.55616  0.605853  0.482566  -0.68176); parent q: (  1.01489 -0.239864  -1.59366  0.577453  0.459945 -0.649802)
q: (-1.5708       0 -2.3562       0       0       0); parent q: ( 0.987546 -0.328913  -1.55616  0.605853  0.482566  -0.68176)
q: ( -5.61079  -1.36228 -0.273158  -3.41303   1.30132  -2.49701); parent q: ( -3.85811  -1.08779 -0.613956  -2.34552   1.08384  -2.01483)
q: (-1.5708       0 -2.3562       0       0       0); parent q: ( 0.987546 -0.328913  -1.55616  0.605853  0.482566  -0.68176)
q: ( -3.85811  -1.08779 -0.613956  -2.34552   1.08384  -2.01483); parent q: ( -2.71531 -0.908819 -0.836166  -1.64947  0.942032  -1.70044)
q: ( -4.13041  0.621508 -0.750031  -2.70548   1.97475  -2.47319); parent q: ( -3.85811  -1.08779 -0.613956  -2.34552   1.08384  -2.01483)
q: (-0.375294 -0.542348  -1.29117  -0.22422  0.651673  -1.05669); parent q: (-0.0345843  -0.488989   -1.35742 -0.0167018   0.609396  -0.962955)
q: (  -3.79684 -0.0290664 0.00284046   -1.99432    2.45778   -1.19487); parent q: ( -1.87222 -0.317787 -0.725038  -0.99864   1.44184  -1.11714)
q: ( -4.11339  0.514677 -0.741526  -2.68299   1.91907  -2.44454); parent q: ( -4.06553  0.214214 -0.717607  -2.61971   1.76246  -2.36397)
q: (  -3.71954   0.695067   -0.75709 0.00874064    0.86188   -2.81972); parent q: ( -4.11339  0.514677 -0.741526  -2.68299   1.91907  -2.44454)
q: ( -2.33438 -0.849161 -0.910235  -1.41745  0.894764  -1.59564); parent q: ( -2.21193 -0.829985 -0.934044  -1.34287  0.879571  -1.56196)
q: ( -2.98712  0.826193 -0.769674   4.84714  -1.12193  -3.43744); parent q: ( -2.33438 -0.849161 -0.910235  -1.41745  0.894764  -1.59564)
q: ( -2.21193 -0.829985 -0.934044  -1.34287  0.879571  -1.56196); parent q: ( -1.98235  -0.79403 -0.978684  -1.20304  0.851084   -1.4988)
q: ( -2.82894   1.23264  -3.73982   3.28094 -0.347212   5.93456); parent q: ( -2.21193 -0.829985 -0.934044  -1.34287  0.879571  -1.56196)
q: (-0.0345843  -0.488989   -1.35742 -0.0167018   0.609396  -0.962955); parent q: ( 0.987546 -0.328913  -1.55616  0.605853  0.482566  -0.68176)
q: ( -2.99546  -0.41802 -0.325705   3.11885  0.624178  -1.46034); parent q: (-0.0345843  -0.488989   -1.35742 -0.0167018   0.609396  -0.962955)
q: ( -4.06553  0.214214 -0.717607  -2.61971   1.76246  -2.36397); parent q: ( -3.85811  -1.08779 -0.613956  -2.34552   1.08384  -2.01483)
q: (-4.42854  1.20296 -1.42291 -3.34108  1.54304 -3.61569); parent q: ( -4.06553  0.214214 -0.717607  -2.61971   1.76246  -2.36397)
q: ( -2.71531 -0.908819 -0.836166  -1.64947  0.942032  -1.70044); parent q: ( -2.33438 -0.849161 -0.910235  -1.41745  0.894764  -1.59564)
q: ( -5.96677  0.964232 -0.340818   2.35867    1.7914   3.57249); parent q: ( -2.71531 -0.908819 -0.836166  -1.64947  0.942032  -1.70044)
q: (-4.86427  2.05277 -2.40635 -4.27004 0.912084 -5.28549); parent q: ( -3.85811  -1.08779 -0.613956  -2.34552   1.08384  -2.01483)
q: (  4.62699 -0.123675 -0.578134  0.566879  0.112703   3.13475); parent q: (  1.56099  0.812546 -0.570331   3.39579   1.16314   1.28587)
q: ( -1.87222 -0.317787 -0.725038  -0.99864   1.44184  -1.11714); parent q: (-0.375294 -0.542348  -1.29117  -0.22422  0.651673  -1.05669)
q: (  -4.93278   0.102242 -0.0986776   -6.09426   0.137425    3.84041); parent q: ( -1.87222 -0.317787 -0.725038  -0.99864   1.44184  -1.11714)
q: (  1.56191  0.883632 -0.737756   3.07744   1.05409   1.16532); parent q: (  1.56247   0.92658 -0.838909    2.8851  0.988213   1.09248)
q: (-0.846078  -1.63306 -0.283432   5.16448  0.250124   1.52582); parent q: ( 0.282668 -0.453362 -0.496397   4.18618  0.626985   1.35683)
q: ( 0.282668 -0.453362 -0.496397   4.18618  0.626985   1.35683); parent q: ( 0.582491 -0.140004 -0.552965   3.92632  0.727089   1.31195)
q: (  0.481708 -0.0766003     -1.808    4.14226  -0.783995   0.933302); parent q: ( 0.282668 -0.453362 -0.496397   4.18618  0.626985   1.35683)
q: ( 0.762385 0.0480106 -0.586906    3.7704  0.787151   1.28501); parent q: (  1.56191  0.883632 -0.737756   3.07744   1.05409   1.16532)
q: ( -0.352123 -0.0454814   -2.03071    2.45947  -0.465497   0.554148); parent q: ( 0.762385 0.0480106 -0.586906    3.7704  0.787151   1.28501)
q: (  -0.42829 -0.0426388   -2.05105    2.30575  -0.436403   0.519514); parent q: ( 0.762385 0.0480106 -0.586906    3.7704  0.787151   1.28501)
q: (-1.5708       0 -2.3562       0       0       0); parent q: (  -0.42829 -0.0426388   -2.05105    2.30575  -0.436403   0.519514)
q: ( 2.18221 -1.33486 0.187548   2.2432 0.147821 0.278044); parent q: ( 1.5708  1.5708 -2.3562       0       0       0)
q: ( 0.987546 -0.328913  -1.55616  0.605853  0.482566  -0.68176); parent q: ( 1.5708  1.5708 -2.3562       0       0       0)
q: (-1.5708       0 -2.3562       0       0       0); parent q: ( 0.987546 -0.328913  -1.55616  0.605853  0.482566  -0.68176)
q: ( -3.76937 -0.670141   -2.3462   4.33427   1.79554   4.04415); parent q: ( 0.987546 -0.328913  -1.55616  0.605853  0.482566  -0.68176)
q: (-0.781727  0.270994  -2.81158  0.760121  0.755735   2.01494); parent q: ( 0.987546 -0.328913  -1.55616  0.605853  0.482566  -0.68176)
q: (-1.5708       0 -2.3562       0       0       0); parent q: ( 0.987546 -0.328913  -1.55616  0.605853  0.482566  -0.68176)
q: (  1.82348 -0.312966  -1.35615  0.757316  0.603207 -0.852199); parent q: (  1.80769 -0.195231  -1.41866  0.709984  0.565507 -0.798937)
q: (  4.50674  -1.05122 -0.998511    1.5318   1.65917  -3.72728); parent q: (  1.82348 -0.312966  -1.35615  0.757316  0.603207 -0.852199)
q: (  1.80769 -0.195231  -1.41866  0.709984  0.565507 -0.798937); parent q: ( 1.5708  1.5708 -2.3562       0       0       0)
q: (     4.604   -1.60399 -0.0221851     1.7675    1.40783   -1.98895); parent q: (  1.80769 -0.195231  -1.41866  0.709984  0.565507 -0.798937)
q: (  1.90253 -0.902247  -1.04332   0.99422  0.791903  -1.11878); parent q: ( 1.5708  1.5708 -2.3562       0       0       0)
q: (  1.03419 -0.676685  -1.37154  0.745665  0.593927 -0.839089); parent q: (  1.10127  -0.39575  -1.49462  0.652457  0.519686 -0.734203)
q: (  1.10127  -0.39575  -1.49462  0.652457  0.519686 -0.734203); parent q: ( 1.5708  1.5708 -2.3562       0       0       0)
q: (-1.5708       0 -2.3562       0       0       0); parent q: (  1.10127  -0.39575  -1.49462  0.652457  0.519686 -0.734203)
q: ( -3.74219  -0.47052 -0.761909  -6.25665 -0.653884    1.4074); parent q: (  -1.00781  -0.388654   -1.22109   -2.28926 0.00312591   0.199603)
q: ( -3.85811  -1.08779 -0.613956  -2.34552   1.08384  -2.01483); parent q: ( 0.987546 -0.328913  -1.55616  0.605853  0.482566  -0.68176)
q: (-1.5708       0 -2.3562       0       0       0); parent q: ( 0.987546 -0.328913  -1.55616  0.605853  0.482566  -0.68176)
q: ( -1.98235  -0.79403 -0.978684  -1.20304  0.851084   -1.4988); parent q: (-0.977942 -0.636729  -1.17399 -0.591278  0.726452  -1.22248)
q: ( -5.57865  0.200619 -0.486728   1.99201   1.92905   5.17683); parent q: ( -3.89289 -0.265623 -0.717332   0.49433   1.42375   2.04763)
q: ( -3.89289 -0.265623 -0.717332   0.49433   1.42375   2.04763); parent q: ( -1.98235  -0.79403 -0.978684  -1.20304  0.851084   -1.4988)
q: ( -5.96677  0.964232 -0.340818   2.35867    1.7914   3.57249); parent q: ( -3.89289 -0.265623 -0.717332   0.49433   1.42375   2.04763)
q: ( -3.45268 -0.659969  -1.35227  0.910697 -0.266849   1.87204); parent q: (  -1.7876 -0.535823  -1.42873   0.79638 0.0141815  0.914364)
q: (-1.5708       0 -2.3562       0       0       0); parent q: ( 0.987546 -0.328913  -1.55616  0.605853  0.482566  -0.68176)
q: (  -1.00781  -0.388654   -1.22109   -2.28926 0.00312591   0.199603); parent q: (-0.949355 -0.386904   -1.2309  -2.20445  0.017172  0.173782)
q: (  -1.2833   1.86557 0.0612926  -4.73608   2.33224   1.65217); parent q: (  -1.00781  -0.388654   -1.22109   -2.28926 0.00312591   0.199603)
q: ( 0.862836 -0.332647  -1.53522  0.424908  0.452601 -0.626674); parent q: ( 0.987546 -0.328913  -1.55616  0.605853  0.482566  -0.68176)
q: ( -1.13333 -0.154226 -0.259409   -2.7974 -0.743654  0.623014); parent q: ( 0.862836 -0.332647  -1.53522  0.424908  0.452601 -0.626674)
q: (-1.5708       0 -2.3562       0       0       0); parent q: ( 0.987546 -0.328913  -1.55616  0.605853  0.482566  -0.68176)
q: ( -5.85537 -0.101053  -2.45687  -3.76674 -0.780828   2.06913); parent q: ( 0.987546 -0.328913  -1.55616  0.605853  0.482566  -0.68176)
q: (-1.5708       0 -2.3562       0       0       0); parent q: ( 0.987546 -0.328913  -1.55616  0.605853  0.482566  -0.68176)
q: (  -1.7876 -0.535823  -1.42873   0.79638 0.0141815  0.914364); parent q: (-0.313302 -0.425902  -1.49643  0.695162  0.263011 0.0664232)
q: (  -3.0627  -1.20824  -2.98135 0.0193088 0.0707091   5.53681); parent q: (  -1.7876 -0.535823  -1.42873   0.79638 0.0141815  0.914364)
q: (-0.313302 -0.425902  -1.49643  0.695162  0.263011 0.0664232); parent q: ( 0.987546 -0.328913  -1.55616  0.605853  0.482566  -0.68176)
q: (   -1.99335 -0.00537825   -0.953531    -0.76736    -1.05453     2.10626); parent q: (-0.313302 -0.425902  -1.49643  0.695162  0.263011 0.0664232)
q: (-1.5708       0 -2.3562       0       0       0); parent q: ( 0.987546 -0.328913  -1.55616  0.605853  0.482566  -0.68176)
q: (  1.37894  0.911884  -1.70204   2.42333 -0.449311   -1.8303); parent q: ( 1.5708  1.5708 -2.3562       0       0       0)
q: (  1.90253 -0.902247  -1.04332   0.99422  0.791903  -1.11878); parent q: ( 1.5708  1.5708 -2.3562       0       0       0)
q: (  1.03419 -0.676685  -1.37154  0.745665  0.593927 -0.839089); parent q: (  1.10127  -0.39575  -1.49462  0.652457  0.519686 -0.734203)
q: (  1.10127  -0.39575  -1.49462  0.652457  0.519686 -0.734203); parent q: ( 1.5708  1.5708 -2.3562       0       0       0)
q: (  -1.40799 -0.0422928   -2.29466   0.046604  0.0371204  -0.052443); parent q: (  1.10127  -0.39575  -1.49462  0.652457  0.519686 -0.734203)
q: (-1.5708       0 -2.3562       0       0       0); parent q: (  1.10127  -0.39575  -1.49462  0.652457  0.519686 -0.734203)
q: ( -3.00663  -1.03378 -0.031993   2.22477 -0.468682   4.24231); parent q: ( 0.987546 -0.328913  -1.55616  0.605853  0.482566  -0.68176)
q: ( -6.20312  -1.62454  0.115009   2.24171 -0.656859   4.60809); parent q: ( 0.987546 -0.328913  -1.55616  0.605853  0.482566  -0.68176)
q: ( -3.45268 -0.659969  -1.35227  0.910697 -0.266849   1.87204); parent q: ( 0.987546 -0.328913  -1.55616  0.605853  0.482566  -0.68176)
q: (-1.5708       0 -2.3562       0       0       0); parent q: ( 0.987546 -0.328913  -1.55616  0.605853  0.482566  -0.68176)
q: (-2.94122 -1.06207 -1.09108  1.03692  1.59967  4.54239); parent q: ( 0.987546 -0.328913  -1.55616  0.605853  0.482566  -0.68176)
q: ( -3.45268 -0.659969  -1.35227  0.910697 -0.266849   1.87204); parent q: ( 0.987546 -0.328913  -1.55616  0.605853  0.482566  -0.68176)
q: (-1.5708       0 -2.3562       0       0       0); parent q: ( 0.987546 -0.328913  -1.55616  0.605853  0.482566  -0.68176)
q: ( 1.20627 0.383479 -1.85618 0.378658 0.301603  -0.4261); parent q: ( 1.5708  1.5708 -2.3562       0       0       0)
q: (  0.76772 -0.516404  -1.09657  -4.62476 -0.828893   2.83622); parent q: ( 1.20627 0.383479 -1.85618 0.378658 0.301603  -0.4261)
q: ( 1.91048 -1.32628  -1.1914 -4.23404  1.57797  2.38249); parent q: (  1.79371 -0.330408   -1.5918  -2.77859   1.03554   1.56351)
q: (  1.79371 -0.330408   -1.5918  -2.77859   1.03554   1.56351); parent q: ( 1.5708  1.5708 -2.3562       0       0       0)
q: (-1.5708       0 -2.3562       0       0       0); parent q: (  1.79371 -0.330408   -1.5918  -2.77859   1.03554   1.56351)
q: (  1.51979 -0.947263  -0.38444  -4.55569  0.235293  -2.94279); parent q: ( 1.5708  1.5708 -2.3562       0       0       0)
q: ( 1.91048 -1.32628  -1.1914 -4.23404  1.57797  2.38249); parent q: (  1.79371 -0.330408   -1.5918  -2.77859   1.03554   1.56351)
q: (  1.79371 -0.330408   -1.5918  -2.77859   1.03554   1.56351); parent q: ( 1.5708  1.5708 -2.3562       0       0       0)
q: (-1.5708       0 -2.3562       0       0       0); parent q: (  1.79371 -0.330408   -1.5918  -2.77859   1.03554   1.56351)
q: (-0.949355 -0.386904   -1.2309  -2.20445  0.017172  0.173782); parent q: ( 0.862836 -0.332647  -1.53522  0.424908  0.452601 -0.626674)
q: ( -3.35765  0.182138 -0.330031  -4.00607 -0.795731   1.10881); parent q: (-0.949355 -0.386904   -1.2309  -2.20445  0.017172  0.173782)
q: ( -1.13333 -0.154226 -0.259409   -2.7974 -0.743654  0.623014); parent q: (-0.384771 -0.221134 -0.737838  -1.58903 -0.295058  0.154381)
q: (-1.5708       0 -2.3562       0       0       0); parent q: ( 0.987546 -0.328913  -1.55616  0.605853  0.482566  -0.68176)
q: (  1.56247   0.92658 -0.838909    2.8851  0.988213   1.09248); parent q: ( 1.5708  1.5708 -2.3562       0       0       0)
q: (  3.86878   1.22407 -0.367822   4.10383   2.94894    5.5503); parent q: (  1.56247   0.92658 -0.838909    2.8851  0.988213   1.09248)
q: ( -3.16944   1.66602 -0.435447  -1.61642  0.897823  -4.63133); parent q: ( -3.11725   1.50883 -0.465121  -1.60398  0.897632   -4.4416)
q: ( -3.11725   1.50883 -0.465121  -1.60398  0.897632   -4.4416); parent q: (  -2.60349 -0.0386031  -0.757227   -1.48157    0.89575   -2.57394)
q: (-4.86427  2.05277 -2.40635 -4.27004 0.912084 -5.28549); parent q: ( -3.11725   1.50883 -0.465121  -1.60398  0.897632   -4.4416)
q: (  -4.01099 0.00774657   -2.77863   -5.62631   0.455505   -4.56424); parent q: ( 0.987546 -0.328913  -1.55616  0.605853  0.482566  -0.68176)
q: (-1.5708       0 -2.3562       0       0       0); parent q: ( 0.987546 -0.328913  -1.55616  0.605853  0.482566  -0.68176)
q: (   4.8582  0.657156  -1.13327   3.64043 -0.352397 -0.733044); parent q: ( 2.18221 -1.33486 0.187548   2.2432 0.147821 0.278044)
q: ( 0.582491 -0.140004 -0.552965   3.92632  0.727089   1.31195); parent q: (  0.672438 -0.0459968  -0.569936    3.84836    0.75712    1.29848)
q: (-0.0797091    1.77081   -3.56236    4.29089  -0.706421  -0.663353); parent q: ( 0.582491 -0.140004 -0.552965   3.92632  0.727089   1.31195)
q: ( -0.480405 -0.0406939   -2.06497    2.20058  -0.416497   0.495817); parent q: ( 0.762385 0.0480106 -0.586906    3.7704  0.787151   1.28501)
q: (-1.5708       0 -2.3562       0       0       0); parent q: ( -0.480405 -0.0406939   -2.06497    2.20058  -0.416497   0.495817)
q: (  1.01489 -0.239864  -1.59366  0.577453  0.459945 -0.649802); parent q: ( 1.20627 0.383479 -1.85618 0.378658 0.301603  -0.4261)
q: ( -1.7764 -1.08973 -1.23046  2.23265 -0.40863  5.02564); parent q: ( 0.884045 -0.279702  -1.57664  0.655041  0.419231 -0.383766)
q: ( 0.884045 -0.279702  -1.57664  0.655041  0.419231 -0.383766); parent q: (  1.01489 -0.239864  -1.59366  0.577453  0.459945 -0.649802)
q: ( -6.20312  -1.62454  0.115009   2.24171 -0.656859   4.60809); parent q: ( 0.884045 -0.279702  -1.57664  0.655041  0.419231 -0.383766)
q: ( -3.45268 -0.659969  -1.35227  0.910697 -0.266849   1.87204); parent q: ( 0.748522 -0.291585  -1.56963   0.66303  0.397791 -0.313272)
q: ( 0.748522 -0.291585  -1.56963   0.66303  0.397791 -0.313272); parent q: ( 0.884045 -0.279702  -1.57664  0.655041  0.419231 -0.383766)
q: (-1.5708       0 -2.3562       0       0       0); parent q: ( 0.748522 -0.291585  -1.56963   0.66303  0.397791 -0.313272)
q: (-0.384771 -0.221134 -0.737838  -1.58903 -0.295058  0.154381); parent q: ( 0.862836 -0.332647  -1.53522  0.424908  0.452601 -0.626674)
q: ( -2.21057   1.96874 -0.387768  -1.44185  -1.38906 -0.269066); parent q: (  -1.18356   0.736938  -0.584682   -1.52464  -0.773682 -0.0308769)
q: (  -1.18356   0.736938  -0.584682   -1.52464  -0.773682 -0.0308769); parent q: (-0.384771 -0.221134 -0.737838  -1.58903 -0.295058  0.154381)
q: ( -1.66486   1.01703  -2.82667 -0.950165 -0.831891  -1.17318); parent q: (  -1.18356   0.736938  -0.584682   -1.52464  -0.773682 -0.0308769)
q: (-1.5708       0 -2.3562       0       0       0); parent q: ( 0.987546 -0.328913  -1.55616  0.605853  0.482566  -0.68176)
q: (  0.672438 -0.0459968  -0.569936    3.84836    0.75712    1.29848); parent q: ( 0.762385 0.0480106 -0.586906    3.7704  0.787151   1.28501)
q: (-0.364658 -0.482919  -3.83504   2.96278  -1.05737  -1.92568); parent q: (  0.672438 -0.0459968  -0.569936    3.84836    0.75712    1.29848)
q: (-0.642646 -0.361487  -1.42021   2.93512 -0.603787  -2.42266); parent q: (-0.467017   -0.3103  -1.31605   3.03953  -0.42992   -1.9592)
q: (-0.467017   -0.3103  -1.31605   3.03953  -0.42992   -1.9592); parent q: ( 0.762385 0.0480106 -0.586906    3.7704  0.787151   1.28501)
q: (-1.5708       0 -2.3562       0       0       0); parent q: (-0.467017   -0.3103  -1.31605   3.03953  -0.42992   -1.9592)
q: ( -3.03189  -1.51955 -0.276922   5.57443   2.43077  -1.85769); parent q: ( 0.296705 -0.533553  -1.33629   1.45983  0.817414 -0.883873)
q: ( 0.296705 -0.533553  -1.33629   1.45983  0.817414 -0.883873); parent q: ( 0.987546 -0.328913  -1.55616  0.605853  0.482566  -0.68176)
q: ( -2.99546  -0.41802 -0.325705   3.11885  0.624178  -1.46034); parent q: ( -2.17242 -0.446903 -0.578352   2.70409  0.672487  -1.31622)
q: ( -2.17242 -0.446903 -0.578352   2.70409  0.672487  -1.31622); parent q: ( 0.296705 -0.533553  -1.33629   1.45983  0.817414 -0.883873)
q: ( -2.61966  -0.37958 -0.903944   2.38322  0.421074 -0.980439); parent q: ( -2.17242 -0.446903 -0.578352   2.70409  0.672487  -1.31622)
q: (  -1.79292  -0.295012   -2.17607   0.764839 -0.0257561  0.0753334); parent q: ( 0.987546 -0.328913  -1.55616  0.605853  0.482566  -0.68176)
q: (-1.5708       0 -2.3562       0       0       0); parent q: ( 0.987546 -0.328913  -1.55616  0.605853  0.482566  -0.68176)
q: (  2.05109 -0.628708 -0.124964   1.88346   2.11735   1.49284); parent q: ( 1.5708  1.5708 -2.3562       0       0       0)
q: (  1.56191  0.883632 -0.737756   3.07744   1.05409   1.16532); parent q: ( 1.5708  1.5708 -2.3562       0       0       0)
q: ( 0.962267  0.256916 -0.624619   3.59716  0.853887   1.25509); parent q: ( 1.5708  1.5708 -2.3562       0       0       0)
q: ( 0.762385 0.0480106 -0.586906    3.7704  0.787151   1.28501); parent q: ( 0.962267  0.256916 -0.624619   3.59716  0.853887   1.25509)
q: ( -0.480405 -0.0406939   -2.06497    2.20058  -0.416497   0.495817); parent q: ( 0.762385 0.0480106 -0.586906    3.7704  0.787151   1.28501)
q: (-1.5708       0 -2.3562       0       0       0); parent q: ( -0.480405 -0.0406939   -2.06497    2.20058  -0.416497   0.495817)
q: (-0.977942 -0.636729  -1.17399 -0.591278  0.726452  -1.22248); parent q: (-0.375294 -0.542348  -1.29117  -0.22422  0.651673  -1.05669)
q: (  -1.50362    1.50101 -0.0833756   -2.11962  -0.320749   -4.77798); parent q: (-0.977942 -0.636729  -1.17399 -0.591278  0.726452  -1.22248)
q: (-1.5708       0 -2.3562       0       0       0); parent q: ( 0.987546 -0.328913  -1.55616  0.605853  0.482566  -0.68176)
q: (  -2.60349 -0.0386031  -0.757227   -1.48157    0.89575   -2.57394); parent q: ( -2.33438 -0.849161 -0.910235  -1.41745  0.894764  -1.59564)
q: (-3.13865  1.83038 -2.98079 -2.47566  1.06455 -5.69933); parent q: (  -2.60349 -0.0386031  -0.757227   -1.48157    0.89575   -2.57394)
Tree: goal
q: (-1.5708       0 -2.3562       0       0       0); parent q: NONE
q: (     4.604   -1.60399 -0.0221851     1.7675    1.40783   -1.98895); parent q: (  1.90253 -0.902247  -1.04332   0.99422  0.791903  -1.11878)
q: (  1.90253 -0.902247  -1.04332   0.99422  0.791903  -1.11878); parent q: (  1.03419 -0.676685  -1.37154  0.745665  0.593927 -0.839089)
q: (  2.85354  0.397318 -0.469612   1.73327   2.81759  -3.15994); parent q: (  1.90253 -0.902247  -1.04332   0.99422  0.791903  -1.11878)
q: (  2.94912 -0.557865  -2.14052  0.132886 -0.198471  -3.07841); parent q: (-1.5708       0 -2.3562       0       0       0)
q: (  1.84033 -0.438551  -1.28948  0.807803  0.643421 -0.909013); parent q: ( 0.987546 -0.328913  -1.55616  0.605853  0.482566  -0.68176)
q: ( 0.987546 -0.328913  -1.55616  0.605853  0.482566  -0.68176); parent q: (-1.5708       0 -2.3562       0       0       0)
q: ( 1.5708  1.5708 -2.3562       0       0       0); parent q: ( 0.987546 -0.328913  -1.55616  0.605853  0.482566  -0.68176)
q: (0.232796 0.619415 -3.39706  1.73742  1.72739  4.60558); parent q: (-0.781727  0.270994  -2.81158  0.760121  0.755735   2.01494)
q: ( 3.07662 0.428507 -3.09466  2.57627 -1.55551 0.970076); parent q: (-1.5708       0 -2.3562       0       0       0)
q: (  0.481708 -0.0766003     -1.808    4.14226  -0.783995   0.933302); parent q: ( -0.352123 -0.0454814   -2.03071    2.45947  -0.465497   0.554148)
q: ( -0.352123 -0.0454814   -2.03071    2.45947  -0.465497   0.554148); parent q: (  -0.42829 -0.0426388   -2.05105    2.30575  -0.436403   0.519514)
q: (-0.348942   1.07075  -2.84148  -1.08622 -0.559042  -3.67881); parent q: ( -0.352123 -0.0454814   -2.03071    2.45947  -0.465497   0.554148)
q: ( 3.51564 -0.32351 -3.72294 -3.78317  -1.5245  -1.1162); parent q: (-1.5708       0 -2.3562       0       0       0)
q: (-0.781727  0.270994  -2.81158  0.760121  0.755735   2.01494); parent q: (-1.5708       0 -2.3562       0       0       0)
q: (-0.357326  -1.14232  -2.73959     3.336   3.11907   2.46035); parent q: (-0.781727  0.270994  -2.81158  0.760121  0.755735   2.01494)
q: ( -0.19413 -0.185095  -2.68105  -5.68666   2.44598   4.50509); parent q: (-1.5708       0 -2.3562       0       0       0)
q: ( -2.99234  -1.88807  -1.20336   4.89497 -0.164839  0.482134); parent q: (  -1.79292  -0.295012   -2.17607   0.764839 -0.0257561  0.0753334)
q: (  -1.79292  -0.295012   -2.17607   0.764839 -0.0257561  0.0753334); parent q: (-1.5708       0 -2.3562       0       0       0)
q: ( -2.99546  -0.41802 -0.325705   3.11885  0.624178  -1.46034); parent q: ( -2.61966  -0.37958 -0.903944   2.38322  0.421074 -0.980439)
q: (-0.0345843  -0.488989   -1.35742 -0.0167018   0.609396  -0.962955); parent q: (-1.5708       0 -2.3562       0       0       0)
q: ( 0.987546 -0.328913  -1.55616  0.605853  0.482566  -0.68176); parent q: (-1.5708       0 -2.3562       0       0       0)
q: ( 1.5708  1.5708 -2.3562       0       0       0); parent q: ( 0.987546 -0.328913  -1.55616  0.605853  0.482566  -0.68176)
q: (  5.79058 -0.385575  -1.11897   4.91358   2.48296   5.22026); parent q: (  5.44551 -0.367501  -1.17697   4.68326   2.36657   4.97556)
q: (  -0.42829 -0.0426388   -2.05105    2.30575  -0.436403   0.519514); parent q: (-1.5708       0 -2.3562       0       0       0)
q: (-0.121005  0.885655  -2.64125  -3.26309   2.68196  -2.89113); parent q: (  -0.42829 -0.0426388   -2.05105    2.30575  -0.436403   0.519514)
q: ( 0.575597 -0.603118   -1.7476   1.72476  0.696801   1.84483); parent q: (-1.5708       0 -2.3562       0       0       0)
q: (  3.84056  -1.78782 -0.143051  -3.77564   2.66638 -0.900707); parent q: (-0.809828 -0.251413  -2.04498 -0.530949   0.37496 -0.126662)
q: (-0.809828 -0.251413  -2.04498 -0.530949   0.37496 -0.126662); parent q: (-1.5708       0 -2.3562       0       0       0)
q: (   1.21725    1.55237 -0.0378848   -4.30109    1.74399   -1.95166); parent q: ( 0.773825   1.15779 -0.476936  -3.47637   1.44452  -1.55244)
q: ( 0.773825   1.15779 -0.476936  -3.47637   1.44452  -1.55244); parent q: (-0.809828 -0.251413  -2.04498 -0.530949   0.37496 -0.126662)
q: ( 1.5708  1.5708 -2.3562       0       0       0); parent q: ( 0.773825   1.15779 -0.476936  -3.47637   1.44452  -1.55244)
q: (  1.03419 -0.676685  -1.37154  0.745665  0.593927 -0.839089); parent q: (  -1.40799 -0.0422928   -2.29466   0.046604  0.0371204  -0.052443)
q: (  5.16451   0.25381 0.0602387 -0.682189    2.5762  -1.90057); parent q: (  1.03419 -0.676685  -1.37154  0.745665  0.593927 -0.839089)
q: (  1.90253 -0.902247  -1.04332   0.99422  0.791903  -1.11878); parent q: (-1.5708       0 -2.3562       0       0       0)
q: (  1.84033 -0.438551  -1.28948  0.807803  0.643421 -0.909013); parent q: ( 0.987546 -0.328913  -1.55616  0.605853  0.482566  -0.68176)
q: ( 0.987546 -0.328913  -1.55616  0.605853  0.482566  -0.68176); parent q: (-1.5708       0 -2.3562       0       0       0)
q: ( 1.5708  1.5708 -2.3562       0       0       0); parent q: ( 0.987546 -0.328913  -1.55616  0.605853  0.482566  -0.68176)
q: ( -1.59264  -1.40422   -1.1548  -3.67346 -0.654619  -1.44599); parent q: (-1.5708       0 -2.3562       0       0       0)
q: ( -2.71531 -0.908819 -0.836166  -1.64947  0.942032  -1.70044); parent q: (-1.5708       0 -2.3562       0       0       0)
q: ( -2.33438 -0.849161 -0.910235  -1.41745  0.894764  -1.59564); parent q: (-1.5708       0 -2.3562       0       0       0)
q: ( -2.21193 -0.829985 -0.934044  -1.34287  0.879571  -1.56196); parent q: (-1.5708       0 -2.3562       0       0       0)
q: (-0.375294 -0.542348  -1.29117  -0.22422  0.651673  -1.05669); parent q: (-1.5708       0 -2.3562       0       0       0)
q: (-0.0345843  -0.488989   -1.35742 -0.0167018   0.609396  -0.962955); parent q: (-1.5708       0 -2.3562       0       0       0)
q: ( 0.987546 -0.328913  -1.55616  0.605853  0.482566  -0.68176); parent q: (-1.5708       0 -2.3562       0       0       0)
q: ( 1.5708  1.5708 -2.3562       0       0       0); parent q: ( 0.987546 -0.328913  -1.55616  0.605853  0.482566  -0.68176)
q: ( -2.61966  -0.37958 -0.903944   2.38322  0.421074 -0.980439); parent q: (  -1.79292  -0.295012   -2.17607   0.764839 -0.0257561  0.0753334)
q: ( -5.56634   2.00762 -0.548433  0.969304 -0.832521  -3.41426); parent q: ( -4.00092  0.739421 -0.737298   1.72045 -0.166549  -2.12129)
q: ( -4.00092  0.739421 -0.737298   1.72045 -0.166549  -2.12129); parent q: ( -2.61966  -0.37958 -0.903944   2.38322  0.421074 -0.980439)
q: ( -4.11339  0.514677 -0.741526  -2.68299   1.91907  -2.44454); parent q: ( -4.05364  0.634072  -0.73928 -0.343663  0.811083  -2.27282)
q: ( -4.05364  0.634072  -0.73928 -0.343663  0.811083  -2.27282); parent q: ( -4.00092  0.739421 -0.737298   1.72045 -0.166549  -2.12129)
q: ( -4.06553  0.214214 -0.717607  -2.61971   1.76246  -2.36397); parent q: ( -4.05364  0.634072  -0.73928 -0.343663  0.811083  -2.27282)
q: ( -3.85811  -1.08779 -0.613956  -2.34552   1.08384  -2.01483); parent q: (-1.5708       0 -2.3562       0       0       0)
q: ( -2.71531 -0.908819 -0.836166  -1.64947  0.942032  -1.70044); parent q: (-1.5708       0 -2.3562       0       0       0)
q: ( -2.33438 -0.849161 -0.910235  -1.41745  0.894764  -1.59564); parent q: (-1.5708       0 -2.3562       0       0       0)
q: ( -2.21193 -0.829985 -0.934044  -1.34287  0.879571  -1.56196); parent q: (-1.5708       0 -2.3562       0       0       0)
q: (-0.375294 -0.542348  -1.29117  -0.22422  0.651673  -1.05669); parent q: (-1.5708       0 -2.3562       0       0       0)
q: (-0.0345843  -0.488989   -1.35742 -0.0167018   0.609396  -0.962955); parent q: (-1.5708       0 -2.3562       0       0       0)
q: ( 0.987546 -0.328913  -1.55616  0.605853  0.482566  -0.68176); parent q: (-1.5708       0 -2.3562       0       0       0)
q: ( 1.5708  1.5708 -2.3562       0       0       0); parent q: ( 0.987546 -0.328913  -1.55616  0.605853  0.482566  -0.68176)
q: ( 0.306356 -0.213744  -2.84297  -1.26967  0.722558   2.20238); parent q: (-1.5708       0 -2.3562       0       0       0)
q: (   2.5091 -0.388707  -2.72479    5.8163   2.18007   3.66319); parent q: (  1.74412 -0.315824  -2.65568   4.72574    1.7713   2.97634)
q: (  1.74412 -0.315824  -2.65568   4.72574    1.7713   2.97634); parent q: (-1.5708       0 -2.3562       0       0       0)
q: ( 3.40875 0.858782 -2.55819 -1.47561 -1.15322 -6.22803); parent q: (  1.74412 -0.315824  -2.65568   4.72574    1.7713   2.97634)
q: ( -2.17929 -0.380914  -1.50184    1.3288   2.42686  -2.39489); parent q: (-1.5708       0 -2.3562       0       0       0)
q: ( -3.85811  -1.08779 -0.613956  -2.34552   1.08384  -2.01483); parent q: (-1.5708       0 -2.3562       0       0       0)
q: ( -2.71531 -0.908819 -0.836166  -1.64947  0.942032  -1.70044); parent q: (-1.5708       0 -2.3562       0       0       0)
q: ( -2.33438 -0.849161 -0.910235  -1.41745  0.894764  -1.59564); parent q: (-1.5708       0 -2.3562       0       0       0)
q: ( -2.21193 -0.829985 -0.934044  -1.34287  0.879571  -1.56196); parent q: (-1.5708       0 -2.3562       0       0       0)
q: (-0.375294 -0.542348  -1.29117  -0.22422  0.651673  -1.05669); parent q: (-1.5708       0 -2.3562       0       0       0)
q: (-0.0345843  -0.488989   -1.35742 -0.0167018   0.609396  -0.962955); parent q: (-1.5708       0 -2.3562       0       0       0)
q: ( 0.987546 -0.328913  -1.55616  0.605853  0.482566  -0.68176); parent q: (-1.5708       0 -2.3562       0       0       0)
q: ( 1.5708  1.5708 -2.3562       0       0       0); parent q: ( 0.987546 -0.328913  -1.55616  0.605853  0.482566  -0.68176)
q: ( 0.244935  0.657382  -3.48806  -2.97994   1.19651 -0.648507); parent q: (-1.5708       0 -2.3562       0       0       0)
q: (  3.32594  -1.86554 -0.717796  -5.95557   2.21956   3.35119); parent q: (  2.4078 -1.51575   -1.025  -4.8389  1.80339  2.72284)
q: (  5.77931   0.91313  -3.73965   -4.6228   2.37803 -0.225185); parent q: (-1.5708       0 -2.3562       0       0       0)
q: (  -6.01984  -0.874114   -2.02873   0.333191    1.15829 -0.0220697); parent q: (  -4.49048  -0.573637    -2.1413   0.218657   0.760128 -0.0144832)
q: (  -4.49048  -0.573637    -2.1413   0.218657   0.760128 -0.0144832); parent q: (-1.5708       0 -2.3562       0       0       0)
q: ( -4.11339  0.514677 -0.741526  -2.68299   1.91907  -2.44454); parent q: ( -4.16053  0.378637 -0.916498  -2.32028    1.7742  -2.14079)
q: ( -4.16053  0.378637 -0.916498  -2.32028    1.7742  -2.14079); parent q: (  -4.49048  -0.573637    -2.1413   0.218657   0.760128 -0.0144832)
q: ( -4.06553  0.214214 -0.717607  -2.61971   1.76246  -2.36397); parent q: ( -4.16053  0.378637 -0.916498  -2.32028    1.7742  -2.14079)
q: ( -3.85811  -1.08779 -0.613956  -2.34552   1.08384  -2.01483); parent q: (-1.5708       0 -2.3562       0       0       0)
q: ( -2.71531 -0.908819 -0.836166  -1.64947  0.942032  -1.70044); parent q: (-1.5708       0 -2.3562       0       0       0)
q: ( -2.33438 -0.849161 -0.910235  -1.41745  0.894764  -1.59564); parent q: (-1.5708       0 -2.3562       0       0       0)
q: ( -2.21193 -0.829985 -0.934044  -1.34287  0.879571  -1.56196); parent q: (-1.5708       0 -2.3562       0       0       0)
q: (-0.375294 -0.542348  -1.29117  -0.22422  0.651673  -1.05669); parent q: (-1.5708       0 -2.3562       0       0       0)
q: (-0.0345843  -0.488989   -1.35742 -0.0167018   0.609396  -0.962955); parent q: (-1.5708       0 -2.3562       0       0       0)
q: ( 0.987546 -0.328913  -1.55616  0.605853  0.482566  -0.68176); parent q: (-1.5708       0 -2.3562       0       0       0)
q: ( 1.5708  1.5708 -2.3562       0       0       0); parent q: ( 0.987546 -0.328913  -1.55616  0.605853  0.482566  -0.68176)
q: (  3.21637  -0.81741 -0.983322  -5.51417   1.41537  -3.85191); parent q: (-1.5708       0 -2.3562       0       0       0)
q: (   -1.99335 -0.00537825   -0.953531    -0.76736    -1.05453     2.10626); parent q: (-1.5708       0 -2.3562       0       0       0)
q: (-1.5708       0 -2.3562       0       0       0); parent q: (-1.5708       0 -2.3562       0       0       0)
q: (  1.10127  -0.39575  -1.49462  0.652457  0.519686 -0.734203); parent q: ( 0.934266 -0.371015  -1.54847  0.611678  0.487206 -0.688315)
q: ( 0.934266 -0.371015  -1.54847  0.611678  0.487206 -0.688315); parent q: (-1.5708       0 -2.3562       0       0       0)
q: ( 1.5708  1.5708 -2.3562       0       0       0); parent q: ( 0.934266 -0.371015  -1.54847  0.611678  0.487206 -0.688315)
q: ( -1.66486   1.01703  -2.82667 -0.950165 -0.831891  -1.17318); parent q: (-1.5708       0 -2.3562       0       0       0)
q: (-1.5708       0 -2.3562       0       0       0); parent q: (-1.5708       0 -2.3562       0       0       0)
q: (  1.10127  -0.39575  -1.49462  0.652457  0.519686 -0.734203); parent q: ( 0.934266 -0.371015  -1.54847  0.611678  0.487206 -0.688315)
q: ( 0.934266 -0.371015  -1.54847  0.611678  0.487206 -0.688315); parent q: (-1.5708       0 -2.3562       0       0       0)
q: ( 1.5708  1.5708 -2.3562       0       0       0); parent q: ( 0.934266 -0.371015  -1.54847  0.611678  0.487206 -0.688315)
q: ( -6.20312  -1.62454  0.115009   2.24171 -0.656859   4.60809); parent q: ( -3.45268 -0.659969  -1.35227  0.910697 -0.266849   1.87204)
q: ( -3.45268 -0.659969  -1.35227  0.910697 -0.266849   1.87204); parent q: (-1.5708       0 -2.3562       0       0       0)
q: ( -5.96677  0.964232 -0.340818   2.35867    1.7914   3.57249); parent q: ( -3.45268 -0.659969  -1.35227  0.910697 -0.266849   1.87204)
q: ( -2.71531 -0.908819 -0.836166  -1.64947  0.942032  -1.70044); parent q: (-1.5708       0 -2.3562       0       0       0)
q: ( -2.33438 -0.849161 -0.910235  -1.41745  0.894764  -1.59564); parent q: (-1.5708       0 -2.3562       0       0       0)
q: ( -2.21193 -0.829985 -0.934044  -1.34287  0.879571  -1.56196); parent q: (-1.5708       0 -2.3562       0       0       0)
q: (-0.375294 -0.542348  -1.29117  -0.22422  0.651673  -1.05669); parent q: (-1.5708       0 -2.3562       0       0       0)
q: (-0.0345843  -0.488989   -1.35742 -0.0167018   0.609396  -0.962955); parent q: (-1.5708       0 -2.3562       0       0       0)
q: ( 0.987546 -0.328913  -1.55616  0.605853  0.482566  -0.68176); parent q: (-1.5708       0 -2.3562       0       0       0)
q: ( 1.5708  1.5708 -2.3562       0       0       0); parent q: ( 0.987546 -0.328913  -1.55616  0.605853  0.482566  -0.68176)
q: ( 2.76344 0.686988 -3.84138  4.03768  1.90167  5.87633); parent q: (-1.5708       0 -2.3562       0       0       0)
q: ( -1.13333 -0.154226 -0.259409   -2.7974 -0.743654  0.623014); parent q: (-1.5708       0 -2.3562       0       0       0)
q: ( -2.21193 -0.829985 -0.934044  -1.34287  0.879571  -1.56196); parent q: (-1.5708       0 -2.3562       0       0       0)
q: (-0.375294 -0.542348  -1.29117  -0.22422  0.651673  -1.05669); parent q: (-1.5708       0 -2.3562       0       0       0)
q: (-0.0345843  -0.488989   -1.35742 -0.0167018   0.609396  -0.962955); parent q: (-1.5708       0 -2.3562       0       0       0)
q: ( 0.987546 -0.328913  -1.55616  0.605853  0.482566  -0.68176); parent q: (-1.5708       0 -2.3562       0       0       0)
q: ( 1.5708  1.5708 -2.3562       0       0       0); parent q: ( 0.987546 -0.328913  -1.55616  0.605853  0.482566  -0.68176)
q: ( -4.31958  0.156713  -3.05422   2.03849 0.0441785  -3.07201); parent q: (-1.5708       0 -2.3562       0       0       0)
q: (-0.0345843  -0.488989   -1.35742 -0.0167018   0.609396  -0.962955); parent q: (-1.5708       0 -2.3562       0       0       0)
q: ( 0.987546 -0.328913  -1.55616  0.605853  0.482566  -0.68176); parent q: (-1.5708       0 -2.3562       0       0       0)
q: ( 1.5708  1.5708 -2.3562       0       0       0); parent q: ( 0.987546 -0.328913  -1.55616  0.605853  0.482566  -0.68176)
q: (  -1.40799 -0.0422928   -2.29466   0.046604  0.0371204  -0.052443); parent q: (-1.5708       0 -2.3562       0       0       0)
q: (  3.62903 -0.741824 -0.389189 -0.898756   2.67675  -2.36452); parent q: (  -1.40799 -0.0422928   -2.29466   0.046604  0.0371204  -0.052443)
q: (     4.604   -1.60399 -0.0221851     1.7675    1.40783   -1.98895); parent q: (-0.220062 -0.350874  -1.84563  0.386641  0.307962 -0.435083)
q: (-0.220062 -0.350874  -1.84563  0.386641  0.307962 -0.435083); parent q: (-1.5708       0 -2.3562       0       0       0)
q: (  1.80769 -0.195231  -1.41866  0.709984  0.565507 -0.798937); parent q: (  1.04728 -0.253597  -1.57877   0.58873  0.468927 -0.662492)
q: (  1.04728 -0.253597  -1.57877   0.58873  0.468927 -0.662492); parent q: (-0.220062 -0.350874  -1.84563  0.386641  0.307962 -0.435083)
q: ( 1.5708  1.5708 -2.3562       0       0       0); parent q: (  1.04728 -0.253597  -1.57877   0.58873  0.468927 -0.662492)
q: (  3.77673 -0.732291  -2.35302  -4.43903 -0.979947  -3.08722); parent q: (-1.5708       0 -2.3562       0       0       0)
q: (  2.4078 -1.51575   -1.025  -4.8389  1.80339  2.72284); parent q: ( 1.91048 -1.32628  -1.1914 -4.23404  1.57797  2.38249)
q: ( 2.95411 -1.37746  -2.6899  -4.6584 -1.10566  1.59604); parent q: (  2.4078 -1.51575   -1.025  -4.8389  1.80339  2.72284)
q: ( 1.91048 -1.32628  -1.1914 -4.23404  1.57797  2.38249); parent q: ( -1.29883 -0.103616   -2.2652 -0.330784  0.123279  0.186132)
q: ( 2.76286 0.115097 -1.27745 -4.20421 0.777152 -1.57095); parent q: ( 1.91048 -1.32628  -1.1914 -4.23404  1.57797  2.38249)
q: (  5.71451 -0.352698   -2.4082   2.15392   1.24419  -4.66031); parent q: (-1.5708       0 -2.3562       0       0       0)
q: (  4.50674  -1.05122 -0.998511    1.5318   1.65917  -3.72728); parent q: (-0.811107 -0.131402  -2.18649  0.191476  0.207397  -0.46591)
q: (-0.811107 -0.131402  -2.18649  0.191476  0.207397  -0.46591); parent q: (-1.5708       0 -2.3562       0       0       0)
q: (  1.82348 -0.312966  -1.35615  0.757316  0.603207 -0.852199); parent q: ( 0.835511  -0.24488  -1.66753  0.545126  0.454778 -0.707341)
q: ( 0.835511  -0.24488  -1.66753  0.545126  0.454778 -0.707341); parent q: (-0.811107 -0.131402  -2.18649  0.191476  0.207397  -0.46591)
q: (  1.80769 -0.195231  -1.41866  0.709984  0.565507 -0.798937); parent q: (  1.07856 -0.232468  -1.60531   0.58634   0.48246  -0.73024)
q: (  1.07856 -0.232468  -1.60531   0.58634   0.48246  -0.73024); parent q: ( 0.835511  -0.24488  -1.66753  0.545126  0.454778 -0.707341)
q: ( 1.5708  1.5708 -2.3562       0       0       0); parent q: (  1.07856 -0.232468  -1.60531   0.58634   0.48246  -0.73024)
q: ( 0.860964  -1.26103 -0.473587   4.13217  -1.43488  0.186418); parent q: (-1.5708       0 -2.3562       0       0       0)
q: (  0.481708 -0.0766003     -1.808    4.14226  -0.783995   0.933302); parent q: ( -0.480405 -0.0406939   -2.06497    2.20058  -0.416497   0.495817)
q: ( -0.480405 -0.0406939   -2.06497    2.20058  -0.416497   0.495817); parent q: (-1.5708       0 -2.3562       0       0       0)
q: ( 0.282668 -0.453362 -0.496397   4.18618  0.626985   1.35683); parent q: ( -0.480405 -0.0406939   -2.06497    2.20058  -0.416497   0.495817)
q: ( 0.762385 0.0480106 -0.586906    3.7704  0.787151   1.28501); parent q: ( -0.480405 -0.0406939   -2.06497    2.20058  -0.416497   0.495817)
q: (  1.56191  0.883632 -0.737756   3.07744   1.05409   1.16532); parent q: ( 0.962267  0.256916 -0.624619   3.59716  0.853887   1.25509)
q: ( 0.962267  0.256916 -0.624619   3.59716  0.853887   1.25509); parent q: ( 0.762385 0.0480106 -0.586906    3.7704  0.787151   1.28501)
q: ( 1.5708  1.5708 -2.3562       0       0       0); parent q: ( 0.962267  0.256916 -0.624619   3.59716  0.853887   1.25509)
q: ( -1.29883 -0.103616   -2.2652 -0.330784  0.123279  0.186132); parent q: (-1.5708       0 -2.3562       0       0       0)
q: (   3.28815  -0.491969  -0.202972   -4.22166   -1.22933 -0.0303342); parent q: ( -1.29883 -0.103616   -2.2652 -0.330784  0.123279  0.186132)
q: (  -4.21778 0.00840306   -2.81442   -6.10312   0.494107   -4.95104); parent q: (  -4.01099 0.00774657   -2.77863   -5.62631   0.455505   -4.56424)
q: (  -4.01099 0.00774657   -2.77863   -5.62631   0.455505   -4.56424); parent q: (-1.5708       0 -2.3562       0       0       0)
q: (-4.86427  2.05277 -2.40635 -4.27004 0.912084 -5.28549); parent q: (  -4.01099 0.00774657   -2.77863   -5.62631   0.455505   -4.56424)
q: ( -3.85811  -1.08779 -0.613956  -2.34552   1.08384  -2.01483); parent q: (-1.5708       0 -2.3562       0       0       0)
q: ( -2.71531 -0.908819 -0.836166  -1.64947  0.942032  -1.70044); parent q: (-1.5708       0 -2.3562       0       0       0)
q: ( -2.33438 -0.849161 -0.910235  -1.41745  0.894764  -1.59564); parent q: (-1.5708       0 -2.3562       0       0       0)
q: ( -2.21193 -0.829985 -0.934044  -1.34287  0.879571  -1.56196); parent q: (-1.5708       0 -2.3562       0       0       0)
q: ( -1.98235  -0.79403 -0.978684  -1.20304  0.851084   -1.4988); parent q: (-1.5708       0 -2.3562       0       0       0)
q: (-0.375294 -0.542348  -1.29117  -0.22422  0.651673  -1.05669); parent q: (-1.5708       0 -2.3562       0       0       0)
q: (-0.0345843  -0.488989   -1.35742 -0.0167018   0.609396  -0.962955); parent q: (-1.5708       0 -2.3562       0       0       0)
q: ( 0.987546 -0.328913  -1.55616  0.605853  0.482566  -0.68176); parent q: (-1.5708       0 -2.3562       0       0       0)
q: ( 1.20627 0.383479 -1.85618 0.378658 0.301603  -0.4261); parent q: ( 0.987546 -0.328913  -1.55616  0.605853  0.482566  -0.68176)
q: ( 1.5708  1.5708 -2.3562       0       0       0); parent q: ( 0.987546 -0.328913  -1.55616  0.605853  0.482566  -0.68176)
q: (  5.44551 -0.367501  -1.17697   4.68326   2.36657   4.97556); parent q: (-1.5708       0 -2.3562       0       0       0)
q: (  6.18859 0.0975553  -2.29841   1.02727  0.482575   5.95091); parent q: (   5.95638 -0.0477748   -1.94796    2.16976    1.07132    5.64611)
q: (   5.95638 -0.0477748   -1.94796    2.16976    1.07132    5.64611); parent q: (  5.44551 -0.367501  -1.17697   4.68326   2.36657   4.97556)
q: ( 5.91889   0.8683  -1.5462 -5.92729  1.18585  5.47187); parent q: (   5.95638 -0.0477748   -1.94796    2.16976    1.07132    5.64611)
q: (   2.69183  -0.387243   -1.79603 -0.0229681    2.99884    4.26057); parent q: (-1.5708       0 -2.3562       0       0       0)
q: (-3.59427  1.06578 -3.78079 -3.11516  -1.1378 -3.33443); parent q: (-1.5708       0 -2.3562       0       0       0)
q: (  5.87778 -0.601661  -1.34601   1.31048   0.96017   2.99735); parent q: (-1.5708       0 -2.3562       0       0       0)
q: ( -1.38247 -0.650557 -0.793626  -1.00742   1.38537   3.32518); parent q: ( -1.38835 -0.630227 -0.842457 -0.975937   1.34207   3.22127)
q: (   -1.99335 -0.00537825   -0.953531    -0.76736    -1.05453     2.10626); parent q: (-1.5708       0 -2.3562       0       0       0)
q: (-0.313302 -0.425902  -1.49643  0.695162  0.263011 0.0664232); parent q: (-1.5708       0 -2.3562       0       0       0)
q: ( 0.987546 -0.328913  -1.55616  0.605853  0.482566  -0.68176); parent q: ( 0.667753 -0.287799  -1.65617  0.530121  0.422245  -0.59654)
q: ( 0.667753 -0.287799  -1.65617  0.530121  0.422245  -0.59654); parent q: (-1.5708       0 -2.3562       0       0       0)
q: (  1.01489 -0.239864  -1.59366  0.577453  0.459945 -0.649802); parent q: ( 0.667753 -0.287799  -1.65617  0.530121  0.422245  -0.59654)
q: ( 1.20627 0.383479 -1.85618 0.378658 0.301603  -0.4261); parent q: (  1.01489 -0.239864  -1.59366  0.577453  0.459945 -0.649802)
q: ( 1.5708  1.5708 -2.3562       0       0       0); parent q: (  1.01489 -0.239864  -1.59366  0.577453  0.459945 -0.649802)
q: ( -4.4957 0.162499  -1.3373  5.10748 -1.40814  1.71815); parent q: ( -3.45268 -0.659969  -1.35227  0.910697 -0.266849   1.87204)
q: (-0.642646 -0.361487  -1.42021   2.93512 -0.603787  -2.42266); parent q: (-1.5708       0 -2.3562       0       0       0)
q: ( -5.39907   1.74819 -0.261189  -2.27548   1.84191   4.49832); parent q: ( -1.38247 -0.650557 -0.793626  -1.00742   1.38537   3.32518)
q: ( -1.38835 -0.630227 -0.842457 -0.975937   1.34207   3.22127); parent q: (-1.5708       0 -2.3562       0       0       0)
q: (  -4.93278   0.102242 -0.0986776   -6.09426   0.137425    3.84041); parent q: ( -1.38835 -0.630227 -0.842457 -0.975937   1.34207   3.22127)
q: ( -1.87222 -0.317787 -0.725038  -0.99864   1.44184  -1.11714); parent q: (-1.5708       0 -2.3562       0       0       0)
q: (-0.375294 -0.542348  -1.29117  -0.22422  0.651673  -1.05669); parent q: (-1.5708       0 -2.3562       0       0       0)
q: (-0.0345843  -0.488989   -1.35742 -0.0167018   0.609396  -0.962955); parent q: (-1.5708       0 -2.3562       0       0       0)
q: ( 0.987546 -0.328913  -1.55616  0.605853  0.482566  -0.68176); parent q: ( 0.667753 -0.287799  -1.65617  0.530121  0.422245  -0.59654)
q: ( 0.667753 -0.287799  -1.65617  0.530121  0.422245  -0.59654); parent q: (-1.5708       0 -2.3562       0       0       0)
q: (  1.01489 -0.239864  -1.59366  0.577453  0.459945 -0.649802); parent q: ( 0.667753 -0.287799  -1.65617  0.530121  0.422245  -0.59654)
q: ( 1.20627 0.383479 -1.85618 0.378658 0.301603  -0.4261); parent q: (  1.01489 -0.239864  -1.59366  0.577453  0.459945 -0.649802)
q: ( 1.5708  1.5708 -2.3562       0       0       0); parent q: (  1.01489 -0.239864  -1.59366  0.577453  0.459945 -0.649802)
q: (-3.58665 -0.13587 -3.32565 -3.63705  2.31936 -3.97151); parent q: (-1.5708       0 -2.3562       0       0       0)
q: ( -3.85811  -1.08779 -0.613956  -2.34552   1.08384  -2.01483); parent q: (-1.5708       0 -2.3562       0       0       0)
q: ( -2.71531 -0.908819 -0.836166  -1.64947  0.942032  -1.70044); parent q: (-1.5708       0 -2.3562       0       0       0)
q: ( -2.33438 -0.849161 -0.910235  -1.41745  0.894764  -1.59564); parent q: (-1.5708       0 -2.3562       0       0       0)
q: ( -2.21193 -0.829985 -0.934044  -1.34287  0.879571  -1.56196); parent q: (-1.5708       0 -2.3562       0       0       0)
q: ( -1.98235  -0.79403 -0.978684  -1.20304  0.851084   -1.4988); parent q: (-1.5708       0 -2.3562       0       0       0)
q: (-0.375294 -0.542348  -1.29117  -0.22422  0.651673  -1.05669); parent q: (-1.5708       0 -2.3562       0       0       0)
q: (-0.0345843  -0.488989   -1.35742 -0.0167018   0.609396  -0.962955); parent q: (-1.5708       0 -2.3562       0       0       0)
q: ( 0.987546 -0.328913  -1.55616  0.605853  0.482566  -0.68176); parent q: ( 0.667753 -0.287799  -1.65617  0.530121  0.422245  -0.59654)
q: ( 0.667753 -0.287799  -1.65617  0.530121  0.422245  -0.59654); parent q: (-1.5708       0 -2.3562       0       0       0)
q: (  1.01489 -0.239864  -1.59366  0.577453  0.459945 -0.649802); parent q: ( 0.667753 -0.287799  -1.65617  0.530121  0.422245  -0.59654)
q: ( 1.20627 0.383479 -1.85618 0.378658 0.301603  -0.4261); parent q: (  1.01489 -0.239864  -1.59366  0.577453  0.459945 -0.649802)
q: ( 1.5708  1.5708 -2.3562       0       0       0); parent q: (  1.01489 -0.239864  -1.59366  0.577453  0.459945 -0.649802)
q: (  4.92421 -0.655097 -0.764121   5.06971 -0.405651  -5.37246); parent q: (  3.80788 -0.542503  -1.03776   4.19836  -0.33593  -4.44907)
q: (  3.80788 -0.542503  -1.03776   4.19836  -0.33593  -4.44907); parent q: (-1.5708       0 -2.3562       0       0       0)
q: (   4.8582  0.657156  -1.13327   3.64043 -0.352397 -0.733044); parent q: (  3.80788 -0.542503  -1.03776   4.19836  -0.33593  -4.44907)
q: ( 2.18221 -1.33486 0.187548   2.2432 0.147821 0.278044); parent q: (  1.00939 -0.917716 -0.607373    1.5422  0.101627  0.191156)
q: (  1.00939 -0.917716 -0.607373    1.5422  0.101627  0.191156); parent q: (-1.5708       0 -2.3562       0       0       0)
q: ( 1.5708  1.5708 -2.3562       0       0       0); parent q: (  1.00939 -0.917716 -0.607373    1.5422  0.101627  0.191156)
q: (-2.42883 -1.08684 -2.00792  1.47718 0.618193  5.81617); parent q: (-1.5708       0 -2.3562       0       0       0)
q: ( -1.7764 -1.08973 -1.23046  2.23265 -0.40863  5.02564); parent q: (  -1.60292  -0.170271    -2.1803   0.348851 -0.0638485   0.785256)
q: (  -1.60292  -0.170271    -2.1803   0.348851 -0.0638485   0.785256); parent q: (-1.5708       0 -2.3562       0       0       0)
q: ( 0.884045 -0.279702  -1.57664  0.655041  0.419231 -0.383766); parent q: (  -1.60292  -0.170271    -2.1803   0.348851 -0.0638485   0.785256)
q: (  1.01489 -0.239864  -1.59366  0.577453  0.459945 -0.649802); parent q: ( 0.949465 -0.259783  -1.58515  0.616247  0.439588 -0.516784)
q: ( 0.949465 -0.259783  -1.58515  0.616247  0.439588 -0.516784); parent q: ( 0.884045 -0.279702  -1.57664  0.655041  0.419231 -0.383766)
q: ( 1.20627 0.383479 -1.85618 0.378658 0.301603  -0.4261); parent q: (  1.07787 0.0618483  -1.72066  0.497452  0.370596 -0.471442)
q: (  1.07787 0.0618483  -1.72066  0.497452  0.370596 -0.471442); parent q: ( 0.949465 -0.259783  -1.58515  0.616247  0.439588 -0.516784)
q: ( 1.5708  1.5708 -2.3562       0       0       0); parent q: (  1.07787 0.0618483  -1.72066  0.497452  0.370596 -0.471442)
q: (   3.4528 -0.568388 -0.617069  -1.22518 -0.774073   5.51568); parent q: (  3.29581 -0.550626 -0.671417   -1.1869 -0.749883   5.34331)
q: (  3.29581 -0.550626 -0.671417   -1.1869 -0.749883   5.34331); parent q: (  2.45936 -0.455987 -0.960989 -0.982898 -0.620997   4.42493)
q: (  4.62699 -0.123675 -0.578134  0.566879  0.112703   3.13475); parent q: (  3.29581 -0.550626 -0.671417   -1.1869 -0.749883   5.34331)
q: (  1.56099  0.812546 -0.570331   3.39579   1.16314   1.28587); parent q: (  4.14793 0.0226099 -0.576915    1.0089  0.276834   2.84586)
q: (  4.14793 0.0226099 -0.576915    1.0089  0.276834   2.84586); parent q: (  4.62699 -0.123675 -0.578134  0.566879  0.112703   3.13475)
q: (  1.56191  0.883632 -0.737756   3.07744   1.05409   1.16532); parent q: (  4.06712 0.0495168 -0.581941   1.07354  0.301123   2.79334)
q: (  4.06712 0.0495168 -0.581941   1.07354  0.301123   2.79334); parent q: (  4.14793 0.0226099 -0.576915    1.0089  0.276834   2.84586)
q: (  1.56247   0.92658 -0.838909    2.8851  0.988213   1.09248); parent q: (  2.18863  0.707314 -0.774667   2.43221  0.816441    1.5177)
q: (  2.18863  0.707314 -0.774667   2.43221  0.816441    1.5177); parent q: (  4.06712 0.0495168 -0.581941   1.07354  0.301123   2.79334)
q: ( 1.5708  1.5708 -2.3562       0       0       0); parent q: (  2.18863  0.707314 -0.774667   2.43221  0.816441    1.5177)
q: (  2.45936 -0.455987 -0.960989 -0.982898 -0.620997   4.42493); parent q: (-1.5708       0 -2.3562       0       0       0)
q: ( 3.09437  1.49284 -2.50832 -3.94255 0.274701  4.68433); parent q: (  2.45936 -0.455987 -0.960989 -0.982898 -0.620997   4.42493)
Tree: local
q: ( 6.26391  1.73889  -3.6395 -5.56472  2.04488 -5.86053); parent q: NONE
Cost convergence: 
Cost [rad]		Num. states		Time [ms]
inf		1		0
inf		2		0
inf		3		1
inf		4		1
inf		5		3
inf		6		8
inf		7		8
6.52696		8		12
6.52696		9		12
6.52696		10		12
6.52696		11		12
5.26883		12		16
5.26883		13		16
5.26883		14		16
5.26883		15		16
5.26883		16		16
5.26883		17		19
5.26883		18		20
5.26883		19		24
5.26883		20		24
5.26883		21		24
5.26883		22		24
5.26883		23		28
5.26883		24		29
5.26883		25		40
5.26883		26		40
5.26883		27		56
5.26883		28		56
5.26883		29		64
5.26883		30		88
5.26883		31		88
5.26883		32		90
5.26883		33		111
5.26883		34		111
5.26883		35		201
5.26883		36		201
5.26883		37		201
5.26883		38		201
5.26883		39		201
5.26883		40		201
5.26883		41		201
5.26883		42		201
5.26883		43		201
5.26883		44		201
5.26883		45		203
5.26883		46		214
5.26883		47		214
5.26883		48		215
5.26883		49		223
5.26883		50		223
5.26883		51		223
5.26883		52		223
5.26883		53		223
5.26883		54		223
5.26883		55		233
5.26883		56		239
5.26883		57		239
5.26883		58		245
5.26883		59		245
5.26883		60		245
5.26883		61		270
5.26883		62		270
5.26883		63		270
5.26883		64		270
5.26883		65		270
5.26883		66		278
5.26883		67		278
5.26883		68		278
5.26883		69		278
5.26883		70		278
5.26883		71		278
5.26883		72		284
5.26883		73		288
5.26883		74		288
5.26883		75		288
5.26883		76		288
5.26883		77		288
5.26883		78		288
5.26883		79		288
5.26883		80		288
5.26883		81		322
5.26883		82		322
5.26883		83		322
5.26883		84		322
5.26883		85		322
5.26883		86		322
5.26883		87		322
5.26883		88		322
5.26883		89		361
5.26883		90		361
5.26883		91		361
5.26883		92		361
5.26883		93		361
5.26883		94		361
5.26883		95		361
5.26883		96		361
5.26883		97		361
5.26883		98		361
5.26883		99		361
5.26883		100		361
5.26883		101		361
5.26883		102		361
5.26883		103		361
5.26883		104		376
5.26883		105		376
5.26883		106		382
5.26883		107		382
5.26883		108		382
5.26883		109		382
5.26883		110		382
5.26883		111		382
5.26883		112		382
5.26883		113		382
5.26883		114		382
5.26883		115		387
5.26883		116		387
5.26883		117		387
5.26883		118		388
5.26883		119		388
5.26883		120		392
5.26883		121		395
5.26883		122		405
5.26883		123		405
5.26883		124		405
5.26883		125		422
5.26883		126		422
5.26883		127		422
5.26883		128		422
5.26883		129		422
5.26883		130		422
5.26883		131		422
5.26883		132		422
5.26883		133		422
5.26883		134		422
5.26883		135		422
5.26883		136		422
5.26883		137		422
5.26883		138		433
5.26883		139		433
5.26883		140		433
5.26883		141		433
5.26883		142		433
5.26883		143		433
5.26883		144		433
5.26883		145		433
5.26883		146		435
5.26883		147		438
5.26883		148		438
5.26883		149		438
5.26883		150		438
5.26883		151		438
5.26883		152		441
5.26883		153		441
5.26883		154		441
5.26883		155		441
5.26883		156		441
5.26883		157		455
5.26883		158		455
5.26883		159		455
5.26883		160		455
5.26883		161		455
5.26883		162		455
5.26883		163		455
5.26883		164		455
5.26883		165		455
5.26883		166		455
5.26883		167		456
5.26883		168		461
5.26883		169		461
5.26883		170		461
5.26883		171		461
5.26883		172		461
5.26883		173		461
5.26883		174		478
5.26883		175		478
5.26883		176		478
5.26883		177		505
5.26883		178		505
5.26883		179		505
5.26883		180		505
5.26883		181		505
5.26883		182		505
5.26883		183		510
5.26883		184		510
5.26883		185		510
5.26883		186		510
5.25205		187		522
5.25205		188		522
5.25205		189		522
5.25205		190		522
5.25205		191		522
5.25205		192		522
5.25205		193		522
5.25205		194		541
5.25205		195		541
5.25205		196		541
5.25205		197		541
5.25205		198		541
5.25205		199		551
5.25205		200		551
5.25205		201		563
5.25205		202		563
5.25205		203		563
5.25205		204		563
5.25205		205		563
5.25205		206		565
5.25205		207		571
5.25205		208		571
5.25205		209		571
5.25205		210		571
5.25205		211		571
5.25205		212		571
5.25205		213		594
5.25205		214		594
5.25205		215		594
5.25205		216		594
5.25205		217		595
5.25205		218		608
5.25205		219		608
5.25205		220		608
5.25205		221		617
5.25205		222		617
5.25205		223		617
5.25205		224		635
5.25205		225		635
5.25205		226		635
5.25205		227		635
5.25205		228		635
5.25205		229		640
5.25205		230		640
5.25205		231		640
5.25205		232		640
5.25205		233		646
5.25205		234		646
5.25205		235		646
5.25205		236		646
5.25205		237		646
5.25205		238		646
5.25205		239		646
5.25205		240		646
5.25205		241		664
5.25205		242		664
5.25205		243		664
5.25205		244		664
5.25205		245		664
5.25205		246		664
5.25205		247		664
5.25205		248		664
5.25205		249		685
5.25205		250		685
5.25205		251		685
5.25205		252		685
5.25205		253		693
5.25205		254		693
5.25205		255		712
5.25205		256		712
5.25205		257		725
5.25205		258		725
5.25205		259		725
5.25205		260		725
5.25205		261		725
5.25205		262		725
5.25205		263		725
5.25205		264		725
5.25205		265		725
5.25205		266		725
5.25205		267		725
5.25205		268		725
5.25205		269		725
5.25205		270		752
5.25205		271		752
5.25205		272		752
5.25205		273		752
5.25205		274		752
5.25205		275		779
5.25205		276		779
5.25205		277		779
5.25205		278		782
5.25205		279		801
5.25205		280		801
5.25205		281		801
5.25205		282		801
5.25205		283		803
5.25205		284		825
5.25205		285		825
5.25205		286		825
5.25205		287		825
5.25205		288		825
5.25205		289		825
5.25205		290		825
5.25205		291		826
5.25205		292		830
5.25205		293		841
5.25205		294		841
5.25205		295		841
5.25205		296		841
5.25205		297		841
5.25205		298		847
5.16096		299		852
5.16096		300		852
5.16096		301		852
5.16096		302		852
5.16096		303		852
5.16096		304		852
5.16096		305		852
5.16096		306		852
5.16096		307		857
5.16096		308		859
5.16096		309		871
5.16096		310		871
5.16096		311		871
5.16096		312		871
5.16096		313		871
5.16096		314		895
5.16096		315		895
5.16096		316		895
5.16096		317		895
5.16096		318		895
5.16096		319		895
5.16096		320		895
5.16096		321		895
5.16096		322		895
5.16096		323		895
5.16096		324		895
5.16096		325		913
5.16096		326		913
5.16096		327		913
5.16096		328		913
5.16096		329		913
5.16096		330		913
5.16096		331		913
5.16096		332		919
5.16096		333		919
5.16096		334		919
5.16096		335		919
5.16096		336		919
5.16096		337		919
5.16096		338		919
5.16096		339		919
5.16096		340		919
5.16096		341		919
5.16096		342		919
5.16096		343		919
5.16096		344		919
5.16096		345		928
5.16096		346		928
5.16096		347		928
5.16096		348		928
5.16096		349		928
5.16096		350		928
5.16096		351		936
5.16096		352		936
5.16096		353		936
5.16096		354		936
5.16096		355		936
5.16096		356		936
5.16096		357		937
5.16096		358		955
5.16096		359		955
5.16096		360		955
5.16096		361		971
5.16096		362		971
5.16096		363		971
5.16096		364		971
5.16096		365		971
5.16096		366		971
5.16096		367		971
5.16096		368		971
5.16096		369		971
5.16096		370		980
5.16096		371		980
5.16096		372		1019
5.16096		373		1019
5.16096		374		1019
5.16096		375		1019
5.16096		376		1019
5.16096		377		1019
5.16096		378		1019
5.16096		379		1019
5.16096		380		1019
5.16096		381		1019
5.16096		382		1019
Path:
q: ( 1.5708  1.5708 -2.3562       0       0       0); parent q: (  1.01489 -0.239864  -1.59366  0.577453  0.459945 -0.649802)
q: (  1.01489 -0.239864  -1.59366  0.577453  0.459945 -0.649802); parent q: ( 0.667753 -0.287799  -1.65617  0.530121  0.422245  -0.59654)
q: ( 0.667753 -0.287799  -1.65617  0.530121  0.422245  -0.59654); parent q: (-1.5708       0 -2.3562       0       0       0)
q: (-1.5708       0 -2.3562       0       0       0); parent q: NONE
-------------------------
