Space Type:      RealVectorSpaceFCL Type
Dimensionality:  10
Planner type:    RGBMT*
Planner info:
	 Succesfull:           yes
	 Number of iterations: 87
	 Number of states:     276
	 Planning time [ms]:   3058
	 Path cost [rad]:      11.9633
Tree: start
q: (0 0 0 0 0 0 0 0 0 0); parent q: NONE
q: (0.811046 0.702283 -2.04484 -1.69765 -1.22665  3.09382  -1.2946  2.88037  2.35372 -1.89612); parent q: ( 0.597196  0.517111  -1.50568  -1.25003 -0.903215   2.27807 -0.953251    2.1209   1.73311  -1.39616)
q: (-2.74174 -1.72806 -1.62343  2.92196 0.336431  2.91049  1.67104   3.1226  1.21885 -3.09527); parent q: (0.811046 0.702283 -2.04484 -1.69765 -1.22665  3.09382  -1.2946  2.88037  2.35372 -1.89612)
q: (-0.793588  0.341299  0.919874   -2.9738    1.8095   2.43695  -1.52444 -0.974332    2.5429  -2.55143); parent q: (0 0 0 0 0 0 0 0 0 0)
q: ( -2.43617   1.65682   1.21004 -0.355447  0.786026 -0.236985   1.92882  -1.06692  -2.24102  -3.09242); parent q: ( -1.90325   1.29439  0.945347 -0.277693  0.614083 -0.185145   1.50689 -0.833529   -1.7508  -2.41595)
q: ( -1.90325   1.29439  0.945347 -0.277693  0.614083 -0.185145   1.50689 -0.833529   -1.7508  -2.41595); parent q: ( -1.66535   1.13259  0.827179 -0.242981  0.537322 -0.162002   1.31853 -0.729338  -1.53195  -2.11396)
q: (-2.35825  2.51344 -1.99106  0.37065  2.64244  1.93626 -1.37754 -1.85489 0.142405 0.149133); parent q: ( -1.90325   1.29439  0.945347 -0.277693  0.614083 -0.185145   1.50689 -0.833529   -1.7508  -2.41595)
q: (-0.283619   1.12356  -1.06852  -2.07591   1.98645   1.14739 -0.968967   2.63012  -2.22637    2.9843); parent q: (0 0 0 0 0 0 0 0 0 0)
q: ( 0.126726  0.109732 -0.319507 -0.265258 -0.191664  0.483409 -0.202281  0.450058  0.367768 -0.296268); parent q: (0 0 0 0 0 0 0 0 0 0)
q: (   1.09779   -1.35543   -1.30239   -1.39677    2.73213    2.57921  -0.720648     2.2725    1.76404 -0.0671053); parent q: (   1.0371  -1.26385  -1.24096  -1.32605   2.54939   2.44823  -0.68825   2.15859   1.67678 -0.081428)
q: (   1.0371  -1.26385  -1.24096  -1.32605   2.54939   2.44823  -0.68825   2.15859   1.67678 -0.081428); parent q: ( 0.837954 -0.963382  -1.03939    -1.094   1.94979   2.01842 -0.581944   1.78485   1.39043 -0.128424)
q: ( 2.07984 -2.53343  1.52675 0.736605 -2.29815  2.82635  2.32226 -2.18049  2.87924 -2.12154); parent q: (   1.0371  -1.26385  -1.24096  -1.32605   2.54939   2.44823  -0.68825   2.15859   1.67678 -0.081428)
q: ( 1.99838 -2.43425  1.31052 0.575461 -1.91944  2.79681  2.08706  -1.8415   2.7853 -1.96216); parent q: (   1.0371  -1.26385  -1.24096  -1.32605   2.54939   2.44823  -0.68825   2.15859   1.67678 -0.081428)
q: (  2.01796  -1.95948   2.79468   2.21509   2.63011  0.867512   1.88273 -0.778452   2.53702  -0.87346); parent q: ( 1.99838 -2.43425  1.31052 0.575461 -1.91944  2.79681  2.08706  -1.8415   2.7853 -1.96216)
q: ( 0.837954 -0.963382  -1.03939    -1.094   1.94979   2.01842 -0.581944   1.78485   1.39043 -0.128424); parent q: ( 0.126726  0.109732 -0.319507 -0.265258 -0.191664  0.483409 -0.202281  0.450058  0.367768 -0.296268)
q: (  1.59199   2.19705  -1.54878  -1.47544  -2.82442   2.78414    2.8837 -0.766252   1.52269  -2.30321); parent q: ( 0.837954 -0.963382  -1.03939    -1.094   1.94979   2.01842 -0.581944   1.78485   1.39043 -0.128424)
q: ( 0.597196  0.517111  -1.50568  -1.25003 -0.903215   2.27807 -0.953251    2.1209   1.73311  -1.39616); parent q: ( 0.314179  0.272047 -0.792122 -0.657627 -0.475172   1.19847 -0.501496   1.11578  0.911771 -0.734508)
q: ( -0.95798 -0.832945  -2.68816 -0.218253 -0.937228   1.94839  0.933328   2.17561   1.98134  -1.47955); parent q: (-0.374789 -0.326674  -2.24473 -0.605169 -0.924473   2.07202  0.225861   2.15509   1.88825  -1.44828)
q: (-0.374789 -0.326674  -2.24473 -0.605169 -0.924473   2.07202  0.225861   2.15509   1.88825  -1.44828); parent q: ( 0.475698  0.411638  -1.59806  -1.16942 -0.905872   2.25231 -0.805862   2.12517    1.7525  -1.40268)
q: ( -1.21802  -2.16751 -0.862489   1.23481  0.853509 -0.907049  -2.41983   1.50991   2.22498   -2.2509); parent q: (-0.374789 -0.326674  -2.24473 -0.605169 -0.924473   2.07202  0.225861   2.15509   1.88825  -1.44828)
q: ( 2.12126 -2.59512 0.579157 -1.97382 -1.66031 -1.63123 -2.06498  -1.5755 -1.60703  1.28906); parent q: (   0.764677     -2.4214 -0.00651175   -0.670315    -0.63907    -1.33703    -2.20914   -0.322056  -0.0502758   -0.149049)
q: (   0.764677     -2.4214 -0.00651175   -0.670315    -0.63907    -1.33703    -2.20914   -0.322056  -0.0502758   -0.149049); parent q: ( -1.21802  -2.16751 -0.862489   1.23481  0.853509 -0.907049  -2.41983   1.50991   2.22498   -2.2509)
q: ( 2.88362 -1.14151 -2.52051 0.737976 -2.84544 -2.17246 -1.55909  -1.6237 -2.52901  1.19785); parent q: (   0.764677     -2.4214 -0.00651175   -0.670315    -0.63907    -1.33703    -2.20914   -0.322056  -0.0502758   -0.149049)
q: ( -0.980864   -1.64978   -1.25124   0.717318   0.353452 -0.0691864   -1.67573    1.69136    2.13028   -2.02517); parent q: (-0.886165  -1.44304  -1.40648   0.51068  0.153776  0.265377  -1.37861   1.76382   2.09246  -1.93503)
q: ( -3.04272   2.19765  -2.98918   1.16332  -2.90852   2.95305 -0.621194  0.114201  0.514344   2.29183); parent q: ( -0.980864   -1.64978   -1.25124   0.717318   0.353452 -0.0691864   -1.67573    1.69136    2.13028   -2.02517)
q: (-0.886165  -1.44304  -1.40648   0.51068  0.153776  0.265377  -1.37861   1.76382   2.09246  -1.93503); parent q: (-0.870184  -1.40816  -1.43267   0.47581  0.120081  0.321834  -1.32847   1.77605   2.08608  -1.91982)
q: ( 2.93444  -1.0446 -2.72715 0.918762 -2.92445 -2.20854 -1.52537 -1.62691 -2.59047  1.19177); parent q: ( 2.24046 -1.11698 -2.48726 0.844638 -2.36532 -1.75918 -1.49871 -1.01102 -1.73986 0.623818)
q: (-0.766771  -1.43059  -1.44775  0.523432 0.0575815  0.188067  -1.38319   1.65786   1.94612  -1.83731); parent q: (-0.886165  -1.44304  -1.40648   0.51068  0.153776  0.265377  -1.37861   1.76382   2.09246  -1.93503)
q: (  0.61509   1.16193  -1.61724  -2.94315  0.304974  -2.35765   2.89703  -3.00504 -0.785775  -2.16669); parent q: (-0.766771  -1.43059  -1.44775  0.523432 0.0575815  0.188067  -1.38319   1.65786   1.94612  -1.83731)
q: ( 2.24046 -1.11698 -2.48726 0.844638 -2.36532 -1.75918 -1.49871 -1.01102 -1.73986 0.623818); parent q: (  1.80582   -1.1623  -2.33702  0.798214  -2.01514  -1.47774  -1.48201 -0.625281  -1.20712  0.268107)
q: (-0.726342   -1.8305   2.23947  -2.77476   1.76697  -1.01472   1.51273  -1.17923  -1.32831  -2.18456); parent q: ( 2.24046 -1.11698 -2.48726 0.844638 -2.36532 -1.75918 -1.49871 -1.01102 -1.73986 0.623818)
q: ( 0.501906  -1.29828  -1.88629  0.658941  -0.96458 -0.633427  -1.43193  0.531928  0.391096 -0.799024); parent q: ( 0.442436  -1.30449  -1.86574  0.652589 -0.916667  -0.59492  -1.42964  0.584707  0.463988 -0.847694)
q: ( -1.66545 -0.317012  -2.00242 -0.751205 -0.425054  -1.98554  0.440888  -1.91969   2.15762   2.73838); parent q: ( 0.501906  -1.29828  -1.88629  0.658941  -0.96458 -0.633427  -1.43193  0.531928  0.391096 -0.799024)
q: ( 0.264029  -1.32309  -1.80407  0.633533 -0.772925 -0.479397  -1.42279  0.743041  0.682663 -0.993703); parent q: ( 0.119073  -1.33821  -1.75396   0.61805 -0.656135 -0.385535  -1.41722  0.871688  0.860336  -1.11234)
q: ( -1.71528 -0.643396  -1.11863 -0.976343   1.06872  -0.89289   -2.0781  -1.20803  -2.89236   1.19938); parent q: (-0.849332 -0.940763  -1.41851 -0.272022  0.262998 -0.711987   -1.7914 -0.354437  -1.32828  0.239906)
q: (-0.509071  -1.40372  -1.53683  0.550958 -0.150045 0.0212008  -1.39309   1.42916   1.63026  -1.62641); parent q: (-0.766771  -1.43059  -1.44775  0.523432 0.0575815  0.188067  -1.38319   1.65786   1.94612  -1.83731)
q: (  2.04614  -1.08347  -1.02429  -2.67779  0.445073 -0.584809  -1.14912   2.19243  -3.00533 -0.801372); parent q: (-0.509071  -1.40372  -1.53683  0.550958 -0.150045 0.0212008  -1.39309   1.42916   1.63026  -1.62641)
q: (  1.80582   -1.1623  -2.33702  0.798214  -2.01514  -1.47774  -1.48201 -0.625281  -1.20712  0.268107); parent q: (  1.56134   -1.1878  -2.25251    0.7721  -1.81816  -1.31943  -1.47262 -0.408304 -0.907457 0.0680202)
q: (-0.443085  -2.55923  -2.11448  -1.94154  -2.30209 -0.753911  -2.20735   1.49361    2.0955   1.03719); parent q: (  1.80582   -1.1623  -2.33702  0.798214  -2.01514  -1.47774  -1.48201 -0.625281  -1.20712  0.268107)
q: ( -1.06855  -2.83972  -2.00102  -2.47123  -2.18684 -0.484534  -2.33365   2.07149   2.96327   1.00856); parent q: (  1.80582   -1.1623  -2.33702  0.798214  -2.01514  -1.47774  -1.48201 -0.625281  -1.20712  0.268107)
q: ( 0.442436  -1.30449  -1.86574  0.652589 -0.916667  -0.59492  -1.42964  0.584707  0.463988 -0.847694); parent q: ( 0.264029  -1.32309  -1.80407  0.633533 -0.772925 -0.479397  -1.42279  0.743041  0.682663 -0.993703)
q: ( -3.10176  -2.70462  0.674811  0.772547  -2.59416 -0.986958  -1.97215  -1.73175   2.02362  -1.95877); parent q: (  0.33168  -1.34824  -1.78634  0.656338 -0.969088 -0.607171  -1.44659  0.512317  0.512726 -0.882415)
q: (  1.56134   -1.1878  -2.25251    0.7721  -1.81816  -1.31943  -1.47262 -0.408304 -0.907457 0.0680202); parent q: ( 0.501906  -1.29828  -1.88629  0.658941  -0.96458 -0.633427  -1.43193  0.531928  0.391096 -0.799024)
q: ( -2.89712  -2.22807   1.17906  -1.04358 -0.465562   -1.1178   -1.1589  -3.03775  -2.90224  -0.40626); parent q: (  1.56134   -1.1878  -2.25251    0.7721  -1.81816  -1.31943  -1.47262 -0.408304 -0.907457 0.0680202)
q: (  -3.02881   -1.70439   -2.57436    0.57549   -2.80681     -0.452   -1.48865 -0.0276191   -2.11661   -2.53312); parent q: ( 0.501906  -1.29828  -1.88629  0.658941  -0.96458 -0.633427  -1.43193  0.531928  0.391096 -0.799024)
q: ( 0.273748  0.237038 -0.690185 -0.572999 -0.414023   1.04424 -0.436959  0.972195  0.794437 -0.639986); parent q: (  0.25537  0.221125  -0.64385 -0.534531 -0.386229  0.974136 -0.407625  0.906927  0.741103 -0.597021)
q: ( 2.75782  1.54858  -1.7621 -1.96028 0.391136 -1.99309 -1.82069 -1.51103  1.44778   2.3397); parent q: (  1.79718   1.04138  -1.34757  -1.42379  0.079766 -0.818497  -1.28557 -0.550723   1.19512    1.1874)
q: (  1.36053  0.810838  -1.15915  -1.17993 -0.061766 -0.284591  -1.04234 -0.114218   1.08027  0.663626); parent q: ( 0.273748  0.237038 -0.690185 -0.572999 -0.414023   1.04424 -0.436959  0.972195  0.794437 -0.639986)
q: ( 2.70837  2.27467 -1.49188 -2.76641   1.3195 -1.93276 -1.90338 -1.47859  2.57849  2.66112); parent q: (  1.36053  0.810838  -1.15915  -1.17993 -0.061766 -0.284591  -1.04234 -0.114218   1.08027  0.663626)
q: (  1.03713   3.10383  -2.32421 -0.905537    1.1263  0.435834 -0.277804  -2.48411   2.08596  0.887268); parent q: (  1.57484   2.61782  -2.14855  -1.23514  0.896561 -0.323204 -0.759955  -2.18003   1.88653   1.34115)
q: (-1.24707 -1.88602 -1.44279 -2.28774 -1.12284 -2.23549 -2.19807 0.989904  1.55887  2.55315); parent q: ( 0.501906  -1.29828  -1.88629  0.658941  -0.96458 -0.633427  -1.43193  0.531928  0.391096 -0.799024)
q: (-0.0771495  0.0946967   -1.93949  -0.542749  -0.835878    3.04799  -0.553191    2.94093       2.07   -2.19591); parent q: ( 0.597196  0.517111  -1.50568  -1.25003 -0.903215   2.27807 -0.953251    2.1209   1.73311  -1.39616)
q: (-2.74174 -1.72806 -1.62343  2.92196 0.336431  2.91049  1.67104   3.1226  1.21885 -3.09527); parent q: ( -2.5752 -1.61414 -1.64319  2.70541 0.263162  2.91909  1.53203  3.11124  1.27205 -3.03906)
q: (-0.530121  0.521095   1.76236   1.63694 -0.474098   0.96212   1.15857  0.821127 -0.408411  -1.15275); parent q: (-0.806573   0.23995   1.33914   1.79756 -0.372782   1.20567   1.22263   1.10881 -0.205003  -1.39557)
q: (  0.984847    1.50072   0.158434    1.03203   -1.24669   0.458871   0.968212   0.994182    0.85449 -0.0400187); parent q: ( 0.890162   1.43949   0.25868   1.06984   -1.1984  0.490324  0.980109  0.983366  0.775559 -0.109565)
q: ( 0.890162   1.43949   0.25868   1.06984   -1.1984  0.490324  0.980109  0.983366  0.775559 -0.109565); parent q: (-0.530121  0.521095   1.76236   1.63694 -0.474098   0.96212   1.15857  0.821127 -0.408411  -1.15275)
q: (    1.7262   0.984845   0.103973   0.677272  -0.818137   0.301134   0.635389   0.652432   0.560759 -0.0262622); parent q: ( 0.890162   1.43949   0.25868   1.06984   -1.1984  0.490324  0.980109  0.983366  0.775559 -0.109565)
q: (3.1415      0      0      0      0      0      0      0      0      0); parent q: ( 0.890162   1.43949   0.25868   1.06984   -1.1984  0.490324  0.980109  0.983366  0.775559 -0.109565)
q: ( 0.119073  -1.33821  -1.75396   0.61805 -0.656135 -0.385535  -1.41722  0.871688  0.860336  -1.11234); parent q: (-0.509071  -1.40372  -1.53683  0.550958 -0.150045 0.0212008  -1.39309   1.42916   1.63026  -1.62641)
q: (  2.90286  -1.27821 -0.414741   1.34077  -2.99789  0.215274   -2.2844   2.28577  -3.03206  -0.93784); parent q: (   1.85894   -1.30071  -0.916948    1.06975   -2.11973 -0.0100294   -1.95921    1.75549   -1.57241   -1.00328)
q: (   1.85894   -1.30071  -0.916948    1.06975   -2.11973 -0.0100294   -1.95921    1.75549   -1.57241   -1.00328); parent q: ( 0.119073  -1.33821  -1.75396   0.61805 -0.656135 -0.385535  -1.41722  0.871688  0.860336  -1.11234)
q: (  2.13652  -2.68738  -2.12451  -2.81404  -2.10088 -0.634335   2.11437  0.781001  -2.79401  -1.77302); parent q: (   1.85894   -1.30071  -0.916948    1.06975   -2.11973 -0.0100294   -1.95921    1.75549   -1.57241   -1.00328)
q: (-1.64112 -2.57062 0.847919 0.412836 -2.16357 -2.06351  2.92119  1.40278 -2.92016 -1.13522); parent q: (-0.374789 -0.326674  -2.24473 -0.605169 -0.924473   2.07202  0.225861   2.15509   1.88825  -1.44828)
q: (  -2.51523   -2.91015   -1.76433    2.96229  -0.426198   -1.33649  -0.594057   -2.45951 -0.0966167    2.29148); parent q: ( 0.501906  -1.29828  -1.88629  0.658941  -0.96458 -0.633427  -1.43193  0.531928  0.391096 -0.799024)
q: (-0.806573   0.23995   1.33914   1.79756 -0.372782   1.20567   1.22263   1.10881 -0.205003  -1.39557); parent q: (-0.867047   0.17845   1.24656    1.8327 -0.350619   1.25894   1.23664   1.17174 -0.160508  -1.44868)
q: ( 2.68004  2.43599   -2.077  1.97815 -0.30946  2.89029 -0.74236  1.19094  1.67672  1.26621); parent q: (-0.806573   0.23995   1.33914   1.79756 -0.372782   1.20567   1.22263   1.10881 -0.205003  -1.39557)
q: (  0.33168  -1.34824  -1.78634  0.656338 -0.969088 -0.607171  -1.44659  0.512317  0.512726 -0.882415); parent q: ( 0.442436  -1.30449  -1.86574  0.652589 -0.916667  -0.59492  -1.42964  0.584707  0.463988 -0.847694)
q: (  -1.8584  -1.87853   1.17571 -0.924491   -2.7513   3.04494  -2.20716 -0.792516   1.54617 -0.930079); parent q: (  0.33168  -1.34824  -1.78634  0.656338 -0.969088 -0.607171  -1.44659  0.512317  0.512726 -0.882415)
q: (  1.79718   1.04138  -1.34757  -1.42379  0.079766 -0.818497  -1.28557 -0.550723   1.19512    1.1874); parent q: (  1.36053  0.810838  -1.15915  -1.17993 -0.061766 -0.284591  -1.04234 -0.114218   1.08027  0.663626)
q: (  2.51412   1.87823  0.527768  -2.23473  0.038573  -2.19844 -0.651483  -2.48468   -1.1691   2.34311); parent q: (  1.79718   1.04138  -1.34757  -1.42379  0.079766 -0.818497  -1.28557 -0.550723   1.19512    1.1874)
q: (-1.76157  1.61634 -2.44439  1.16586 -1.95833 0.621168 -1.91016 -1.22376 0.609868 -1.99396); parent q: ( 0.119073  -1.33821  -1.75396   0.61805 -0.656135 -0.385535  -1.41722  0.871688  0.860336  -1.11234)
q: (-0.849332 -0.940763  -1.41851 -0.272022  0.262998 -0.711987   -1.7914 -0.354437  -1.32828  0.239906); parent q: (-0.0143113   -1.22751   -1.70768   0.407144  -0.513944  -0.537545   -1.51494   0.468671   0.179926  -0.685301)
q: ( -1.79397 -0.619632    -1.025  -1.41784 -0.924838  -2.94655  -1.93318   1.12931  -2.02988 -0.515269); parent q: (-0.849332 -0.940763  -1.41851 -0.272022  0.262998 -0.711987   -1.7914 -0.354437  -1.32828  0.239906)
q: ( -2.07559  -1.27237  -1.70245   2.05578 0.0433541   2.94487   1.11498   3.07718   1.43164  -2.87043); parent q: (-0.0771495  0.0946967   -1.93949  -0.542749  -0.835878    3.04799  -0.553191    2.94093       2.07   -2.19591)
q: ( 2.18277 -2.65938 -0.21683   2.8828  2.45512 -1.47566  1.04145 -1.77776   2.2609  2.70864); parent q: ( -2.07559  -1.27237  -1.70245   2.05578 0.0433541   2.94487   1.11498   3.07718   1.43164  -2.87043)
q: ( 0.314179  0.272047 -0.792122 -0.657627 -0.475172   1.19847 -0.501496   1.11578  0.911771 -0.734508); parent q: ( 0.273748  0.237038 -0.690185 -0.572999 -0.414023   1.04424 -0.436959  0.972195  0.794437 -0.639986)
q: (  1.71693 -0.388774  -1.51488  0.857781  -2.31369   1.56745   2.80869  0.723713   1.64631  0.899306); parent q: (  0.840212  0.0242391   -1.06315 -0.0893494   -1.16462    1.33684   0.739822   0.968756    1.18722  -0.121828)
q: (-0.867047   0.17845   1.24656    1.8327 -0.350619   1.25894   1.23664   1.17174 -0.160508  -1.44868); parent q: (-2.74174 -1.72806 -1.62343  2.92196 0.336431  2.91049  1.67104   3.1226  1.21885 -3.09527)
q: ( 1.82286 0.962233  1.15241 -2.41361 -1.14565  1.82371  2.63673  2.20517 -2.79123  1.69623); parent q: (-0.867047   0.17845   1.24656    1.8327 -0.350619   1.25894   1.23664   1.17174 -0.160508  -1.44868)
q: (-0.0143113   -1.22751   -1.70768   0.407144  -0.513944  -0.537545   -1.51494   0.468671   0.179926  -0.685301); parent q: ( 0.264029  -1.32309  -1.80407  0.633533 -0.772925 -0.479397  -1.42279  0.743041  0.682663 -0.993703)
q: ( 0.053201 -0.383097  -2.11894  -1.71113 -0.241166  -2.82774  -2.37895 -0.264597  -3.04245   3.02564); parent q: (0.0299936 -0.673364  -1.97757 -0.982973 -0.334934  -2.04048  -2.08195 -0.012536  -1.93476      1.75)
q: (0.0299936 -0.673364  -1.97757 -0.982973 -0.334934  -2.04048  -2.08195 -0.012536  -1.93476      1.75); parent q: (-0.0143113   -1.22751   -1.70768   0.407144  -0.513944  -0.537545   -1.51494   0.468671   0.179926  -0.685301)
q: (   1.08427   0.941814   -1.34692   -0.51824   -2.20754 -0.0906274   -1.88478   -1.61968  -0.551534  -0.998763); parent q: (0.0299936 -0.673364  -1.97757 -0.982973 -0.334934  -2.04048  -2.08195 -0.012536  -1.93476      1.75)
q: ( 0.475698  0.411638  -1.59806  -1.16942 -0.905872   2.25231 -0.805862   2.12517    1.7525  -1.40268); parent q: ( 0.597196  0.517111  -1.50568  -1.25003 -0.903215   2.27807 -0.953251    2.1209   1.73311  -1.39616)
q: (-0.284321  -1.48599 -0.542815  -2.80634  0.153855   1.75516  -1.36149     2.327 -0.226821  -2.62683); parent q: ( 0.451947  0.352337  -1.56508  -1.22057 -0.872756   2.23677 -0.823225   2.13148   1.69065  -1.44093)
q: ( 0.451947  0.352337  -1.56508  -1.22057 -0.872756   2.23677 -0.823225   2.13148   1.69065  -1.44093); parent q: ( 0.475698  0.411638  -1.59806  -1.16942 -0.905872   2.25231 -0.805862   2.12517    1.7525  -1.40268)
q: (-0.480467 -0.339858  -2.00855  -0.34203 -0.848858   2.04824  0.334415   2.12485   1.73998   -1.5006); parent q: ( 0.451947  0.352337  -1.56508  -1.22057 -0.872756   2.23677 -0.823225   2.13148   1.69065  -1.44093)
q: ( -1.50202 -0.467305  0.274464   2.20164 -0.117908   1.81834   1.38378   1.83252  0.306694   -2.0064); parent q: ( -1.27856 -0.439426 -0.224946   1.64521 -0.277803   1.86863   1.15423   1.89646  0.620226  -1.89576)
q: ( -1.27856 -0.439426 -0.224946   1.64521 -0.277803   1.86863   1.15423   1.89646  0.620226  -1.89576); parent q: (-0.480467 -0.339858  -2.00855  -0.34203 -0.848858   2.04824  0.334415   2.12485   1.73998   -1.5006)
q: ( -1.43723 -0.401411  0.373657     2.164 -0.141654   1.76126   1.36876   1.76509   0.25902  -1.94949); parent q: ( -1.27856 -0.439426 -0.224946   1.64521 -0.277803   1.86863   1.15423   1.89646  0.620226  -1.89576)
q: (-0.530121  0.521095   1.76236   1.63694 -0.474098   0.96212   1.15857  0.821127 -0.408411  -1.15275); parent q: ( -1.26715 -0.228441  0.634039   2.06517 -0.203987   1.61142   1.32935    1.5881  0.133877   -1.8001)
q: ( -1.26715 -0.228441  0.634039   2.06517 -0.203987   1.61142   1.32935    1.5881  0.133877   -1.8001); parent q: ( -1.43723 -0.401411  0.373657     2.164 -0.141654   1.76126   1.36876   1.76509   0.25902  -1.94949)
q: ( 0.322049   1.07213  0.860152   1.29668 -0.908678  0.679043   1.05149   0.91847  0.301971  -0.52684); parent q: ( -1.26715 -0.228441  0.634039   2.06517 -0.203987   1.61142   1.32935    1.5881  0.133877   -1.8001)
q: (  0.984847    1.50072   0.158434    1.03203   -1.24669   0.458871   0.968212   0.994182    0.85449 -0.0400187); parent q: ( 0.819148   1.39357  0.333864    1.0982  -1.16218  0.513914  0.989032  0.975254   0.71636 -0.161724)
q: ( 0.819148   1.39357  0.333864    1.0982  -1.16218  0.513914  0.989032  0.975254   0.71636 -0.161724); parent q: ( 0.322049   1.07213  0.860152   1.29668 -0.908678  0.679043   1.05149   0.91847  0.301971  -0.52684)
q: (    1.7262   0.984845   0.103973   0.677272  -0.818137   0.301134   0.635389   0.652432   0.560759 -0.0262622); parent q: ( 0.932529   1.34248  0.305127   1.04558  -1.11918  0.487317  0.944827  0.934901   0.69691 -0.144791)
q: ( 0.932529   1.34248  0.305127   1.04558  -1.11918  0.487317  0.944827  0.934901   0.69691 -0.144791); parent q: ( 0.819148   1.39357  0.333864    1.0982  -1.16218  0.513914  0.989032  0.975254   0.71636 -0.161724)
q: (3.1415      0      0      0      0      0      0      0      0      0); parent q: ( 0.932529   1.34248  0.305127   1.04558  -1.11918  0.487317  0.944827  0.934901   0.69691 -0.144791)
q: (  1.57484   2.61782  -2.14855  -1.23514  0.896561 -0.323204 -0.759955  -2.18003   1.88653   1.34115); parent q: ( 2.75782  1.54858  -1.7621 -1.96028 0.391136 -1.99309 -1.82069 -1.51103  1.44778   2.3397)
q: ( 2.08935  1.67141 -2.64208 -2.16401  2.11398 0.392944  0.99941 -2.02609  2.12061 0.143683); parent q: (  1.57484   2.61782  -2.14855  -1.23514  0.896561 -0.323204 -0.759955  -2.18003   1.88653   1.34115)
q: ( -1.66535   1.13259  0.827179 -0.242981  0.537322 -0.162002   1.31853 -0.729338  -1.53195  -2.11396); parent q: (0 0 0 0 0 0 0 0 0 0)
q: ( 0.276081  0.164197   0.35417 -0.211858   2.99831   2.16353   2.60055  -3.02927  -2.58995 -0.625227); parent q: ( -1.05865  0.829966  0.679364 -0.233255   1.30638  0.564727   1.71916  -1.44807  -1.86257  -1.64873)
q: ( -1.05865  0.829966  0.679364 -0.233255   1.30638  0.564727   1.71916  -1.44807  -1.86257  -1.64873); parent q: ( -1.66535   1.13259  0.827179 -0.242981  0.537322 -0.162002   1.31853 -0.729338  -1.53195  -2.11396)
q: (  2.22005  -2.57249  -2.23596  -1.33358   2.53386 -0.691968   1.66699  -1.70784   -3.0479   2.25828); parent q: ( -1.05865  0.829966  0.679364 -0.233255   1.30638  0.564727   1.71916  -1.44807  -1.86257  -1.64873)
q: (  -1.37394    2.68602   -2.03976  -0.714046    0.36637   -2.14908 -0.0526456     2.9217    2.05442     2.2828); parent q: (  2.22005  -2.57249  -2.23596  -1.33358   2.53386 -0.691968   1.66699  -1.70784   -3.0479   2.25828)
q: (  0.25537  0.221125  -0.64385 -0.534531 -0.386229  0.974136 -0.407625  0.906927  0.741103 -0.597021); parent q: ( 0.126726  0.109732 -0.319507 -0.265258 -0.191664  0.483409 -0.202281  0.450058  0.367768 -0.296268)
q: ( 0.962633   -1.2452 -0.837678   2.59595  -1.98323   3.12098   2.60163   2.88931   1.85492   0.70486); parent q: ( 0.918429  -1.15355 -0.825564    2.4003  -1.88342    2.9868   2.41355   2.76541   1.78531  0.623493)
q: ( 0.918429  -1.15355 -0.825564    2.4003  -1.88342    2.9868   2.41355   2.76541   1.78531  0.623493); parent q: (  0.25537  0.221125  -0.64385 -0.534531 -0.386229  0.974136 -0.407625  0.906927  0.741103 -0.597021)
q: ( -1.06703    3.1273   3.12353   2.82368   1.95688  0.817924 -0.198263  0.589799     0.568   1.69363); parent q: ( 0.918429  -1.15355 -0.825564    2.4003  -1.88342    2.9868   2.41355   2.76541   1.78531  0.623493)
q: ( -2.5752 -1.61414 -1.64319  2.70541 0.263162  2.91909  1.53203  3.11124  1.27205 -3.03906); parent q: ( -2.07559  -1.27237  -1.70245   2.05578 0.0433541   2.94487   1.11498   3.07718   1.43164  -2.87043)
q: (0.0538548   3.12453   0.63748   2.64461  -0.42436   2.99967   2.81643   2.83641  -1.14423   2.65568); parent q: (-0.356935   2.38411  0.281126   2.65411 -0.316934   2.98707   2.61574   2.87935 -0.766688   1.76587)
q: (-0.356935   2.38411  0.281126   2.65411 -0.316934   2.98707   2.61574   2.87935 -0.766688   1.76587); parent q: ( -2.5752 -1.61414 -1.64319  2.70541 0.263162  2.91909  1.53203  3.11124  1.27205 -3.03906)
q: (  0.841071    1.60076   0.168997    1.10084    -1.3298   0.489463    1.03276    1.06046   0.911456 -0.0426866); parent q: ( 0.391819   1.89452  0.211045   1.68331 -0.949974   1.42607   1.62638   1.74255  0.282152  0.635524)
q: ( 0.391819   1.89452  0.211045   1.68331 -0.949974   1.42607   1.62638   1.74255  0.282152  0.635524); parent q: (-0.356935   2.38411  0.281126   2.65411 -0.316934   2.98707   2.61574   2.87935 -0.766688   1.76587)
q: (  0.984847    1.50072   0.158434    1.03203   -1.24669   0.458871   0.968212   0.994182    0.85449 -0.0400187); parent q: ( 0.465947   1.84529  0.204469    1.6019 -0.987063   1.30517   1.54411     1.649  0.353694  0.551081)
q: ( 0.465947   1.84529  0.204469    1.6019 -0.987063   1.30517   1.54411     1.649  0.353694  0.551081); parent q: ( 0.391819   1.89452  0.211045   1.68331 -0.949974   1.42607   1.62638   1.74255  0.282152  0.635524)
q: (    1.7262   0.984845   0.103973   0.677272  -0.818137   0.301134   0.635389   0.652432   0.560759 -0.0262622); parent q: (  1.33237   1.25374  0.135378   0.96622 -0.870927  0.614895  0.919363  0.963859  0.496051  0.154158)
q: (  1.33237   1.25374  0.135378   0.96622 -0.870927  0.614895  0.919363  0.963859  0.496051  0.154158); parent q: ( 0.465947   1.84529  0.204469    1.6019 -0.987063   1.30517   1.54411     1.649  0.353694  0.551081)
q: (3.1415      0      0      0      0      0      0      0      0      0); parent q: (  1.33237   1.25374  0.135378   0.96622 -0.870927  0.614895  0.919363  0.963859  0.496051  0.154158)
q: (  0.840212  0.0242391   -1.06315 -0.0893494   -1.16462    1.33684   0.739822   0.968756    1.18722  -0.121828); parent q: ( 0.314179  0.272047 -0.792122 -0.657627 -0.475172   1.19847 -0.501496   1.11578  0.911771 -0.734508)
q: ( 1.95454 -1.65869 -1.97373 0.462269 0.436849   2.6202  2.71748 -1.79305 0.647077  2.28164); parent q: ( 1.84136 -1.48776 -1.88125 0.406245   0.2742  2.48986  2.51662 -1.51255 0.701936  2.03754)
q: (  1.50184 -0.974998  -1.60381  0.238174 -0.213747   2.09884   1.91405 -0.671066  0.866511   1.30523); parent q: (  1.46049 -0.912545  -1.57002  0.217704 -0.273176   2.05121   1.84066 -0.568577  0.886556   1.21604)
q: ( -0.242716   -1.63038   -1.59504 0.00900805   0.522307    1.02814    2.40888  -0.471683   0.407155  -0.168866); parent q: (  1.50184 -0.974998  -1.60381  0.238174 -0.213747   2.09884   1.91405 -0.671066  0.866511   1.30523)
q: (  -0.31235   -1.35225   -1.65444 -0.0281204   0.234204    1.24977    1.97143  0.0942027   0.678718  -0.469759); parent q: (  1.50184 -0.974998  -1.60381  0.238174 -0.213747   2.09884   1.91405 -0.671066  0.866511   1.30523)
q: (  1.46049 -0.912545  -1.57002  0.217704 -0.273176   2.05121   1.84066 -0.568577  0.886556   1.21604); parent q: (  0.840212  0.0242391   -1.06315 -0.0893494   -1.16462    1.33684   0.739822   0.968756    1.18722  -0.121828)
q: (-0.561043 -0.358943   -1.8666 -0.160722 -0.794737    2.0413  0.409131   2.11522   1.64858  -1.54438); parent q: (  0.260205  -0.583844   -1.74611 -0.0069865  -0.582853    2.04533   0.990691    1.02493    1.33901  -0.422958)
q: (  0.260205  -0.583844   -1.74611 -0.0069865  -0.582853    2.04533   0.990691    1.02493    1.33901  -0.422958); parent q: (  1.46049 -0.912545  -1.57002  0.217704 -0.273176   2.05121   1.84066 -0.568577  0.886556   1.21604)
q: (-0.875347 -0.413398  -1.22852  0.589282 -0.575807   1.98946  0.718399   2.04795   1.24414  -1.70654); parent q: (-0.449515 -0.477315  -1.42262  0.365681 -0.578449   2.01041  0.820509   1.66432   1.27972   -1.2252)
q: (-0.449515 -0.477315  -1.42262  0.365681 -0.578449   2.01041  0.820509   1.66432   1.27972   -1.2252); parent q: (  0.260205  -0.583844   -1.74611 -0.0069865  -0.582853    2.04533   0.990691    1.02493    1.33901  -0.422958)
q: (  -1.56682  -0.533198   0.175271    2.23929 -0.0941622    1.87542    1.39879    1.89994   0.354368   -2.06331); parent q: ( -1.14783 -0.512242 -0.423937   1.53669  -0.27577   1.92604   1.18193   1.81158  0.701374  -1.74902)
q: ( -1.14783 -0.512242 -0.423937   1.53669  -0.27577   1.92604   1.18193   1.81158  0.701374  -1.74902); parent q: (-0.449515 -0.477315  -1.42262  0.365681 -0.578449   2.01041  0.820509   1.66432   1.27972   -1.2252)
q: ( -1.50202 -0.467305  0.274464   2.20164 -0.117908   1.81834   1.38378   1.83252  0.306694   -2.0064); parent q: (  -1.1921 -0.506625 -0.336637   1.61981 -0.256037   1.91258   1.20717    1.8142  0.652039  -1.78119)
q: (  -1.1921 -0.506625 -0.336637   1.61981 -0.256037   1.91258   1.20717    1.8142  0.652039  -1.78119); parent q: ( -1.14783 -0.512242 -0.423937   1.53669  -0.27577   1.92604   1.18193   1.81158  0.701374  -1.74902)
q: ( -1.43723 -0.401411  0.373657     2.164 -0.141654   1.76126   1.36876   1.76509   0.25902  -1.94949); parent q: (  -1.1921 -0.506625 -0.336637   1.61981 -0.256037   1.91258   1.20717    1.8142  0.652039  -1.78119)
q: ( -1.21045 -0.170785  0.720833   2.03223 -0.224765   1.56147   1.31621    1.5291 0.0921626  -1.75031); parent q: (-0.495781 0.0367926 0.0116358   0.77136 -0.342143   1.39131  0.464163   1.33536  0.476354  -1.27415)
q: (-0.495781 0.0367926 0.0116358   0.77136 -0.342143   1.39131  0.464163   1.33536  0.476354  -1.27415); parent q: ( 0.314179  0.272047 -0.792122 -0.657627 -0.475172   1.19847 -0.501496   1.11578  0.911771 -0.734508)
q: (-0.530121  0.521095   1.76236   1.63694 -0.474098   0.96212   1.15857  0.821127 -0.408411  -1.15275); parent q: (-0.510805  0.248675  0.777578   1.15005 -0.399873   1.20354  0.767966   1.11038 0.0892692  -1.22104)
q: (-0.510805  0.248675  0.777578   1.15005 -0.399873   1.20354  0.767966   1.11038 0.0892692  -1.22104); parent q: (-0.495781 0.0367926 0.0116358   0.77136 -0.342143   1.39131  0.464163   1.33536  0.476354  -1.27415)
q: (-0.370339  0.624414    1.5932   1.57314 -0.555582  0.909043   1.13849  0.839379 -0.275214  -1.03539); parent q: (-0.493247  0.295642  0.879531   1.20294 -0.419337   1.16673  0.814282   1.07651 0.0437087  -1.19783)
q: (-0.493247  0.295642  0.879531   1.20294 -0.419337   1.16673  0.814282   1.07651 0.0437087  -1.19783); parent q: (-0.510805  0.248675  0.777578   1.15005 -0.399873   1.20354  0.767966   1.11038 0.0892692  -1.22104)
q: ( 0.322049   1.07213  0.860152   1.29668 -0.908678  0.679043   1.05149   0.91847  0.301971  -0.52684); parent q: (-0.493247  0.295642  0.879531   1.20294 -0.419337   1.16673  0.814282   1.07651 0.0437087  -1.19783)
q: (  0.984847    1.50072   0.158434    1.03203   -1.24669   0.458871   0.968212   0.994182    0.85449 -0.0400187); parent q: ( 0.819148   1.39357  0.333864    1.0982  -1.16218  0.513914  0.989032  0.975254   0.71636 -0.161724)
q: ( 0.819148   1.39357  0.333864    1.0982  -1.16218  0.513914  0.989032  0.975254   0.71636 -0.161724); parent q: ( 0.322049   1.07213  0.860152   1.29668 -0.908678  0.679043   1.05149   0.91847  0.301971  -0.52684)
q: (    1.7262   0.984845   0.103973   0.677272  -0.818137   0.301134   0.635389   0.652432   0.560759 -0.0262622); parent q: ( 0.932529   1.34248  0.305127   1.04558  -1.11918  0.487317  0.944827  0.934901   0.69691 -0.144791)
q: ( 0.932529   1.34248  0.305127   1.04558  -1.11918  0.487317  0.944827  0.934901   0.69691 -0.144791); parent q: ( 0.819148   1.39357  0.333864    1.0982  -1.16218  0.513914  0.989032  0.975254   0.71636 -0.161724)
q: (3.1415      0      0      0      0      0      0      0      0      0); parent q: ( 0.932529   1.34248  0.305127   1.04558  -1.11918  0.487317  0.944827  0.934901   0.69691 -0.144791)
q: ( 1.84136 -1.48776 -1.88125 0.406245   0.2742  2.48986  2.51662 -1.51255 0.701936  2.03754); parent q: (  1.50184 -0.974998  -1.60381  0.238174 -0.213747   2.09884   1.91405 -0.671066  0.866511   1.30523)
q: (  -1.0301  -2.04796 -0.668801  -3.11251   1.43002   2.31287  0.184804  -2.98796   1.27622   -2.9761); parent q: ( 1.84136 -1.48776 -1.88125 0.406245   0.2742  2.48986  2.51662 -1.51255 0.701936  2.03754)
q: (-0.870184  -1.40816  -1.43267   0.47581  0.120081  0.321834  -1.32847   1.77605   2.08608  -1.91982); parent q: (-0.374789 -0.326674  -2.24473 -0.605169 -0.924473   2.07202  0.225861   2.15509   1.88825  -1.44828)
q: (-1.16754 -1.28507  1.79677 -3.06098 0.282016 -2.80096  1.50394 0.585481  -2.4513    2.726); parent q: ( -1.02351  -1.34469  0.232512  -1.34785  0.203579  -1.28836  0.131992   1.16216 -0.253509  0.475682)
q: ( -1.02351  -1.34469  0.232512  -1.34785  0.203579  -1.28836  0.131992   1.16216 -0.253509  0.475682); parent q: (-0.870184  -1.40816  -1.43267   0.47581  0.120081  0.321834  -1.32847   1.77605   2.08608  -1.91982)
q: ( -1.44546  -2.55177   2.42185  -1.41726  -1.00278   1.54582 -0.922843  0.561784   1.44758   1.50987); parent q: ( -1.02351  -1.34469  0.232512  -1.34785  0.203579  -1.28836  0.131992   1.16216 -0.253509  0.475682)
Tree: goal
q: (3.1415      0      0      0      0      0      0      0      0      0); parent q: NONE
q: (0.858035 0.965335  1.49739  2.14141 -1.59738  2.51262 -3.13911  -1.1815 -3.10224 -2.67837); parent q: (3.1415      0      0      0      0      0      0      0      0      0)
q: ( -0.363916    2.43926   0.257519    1.67746   -2.02636   0.745848    1.57373    1.61594    1.38889 -0.0650462); parent q: (  0.841071    1.60076   0.168997    1.10084    -1.3298   0.489463    1.03276    1.06046   0.911456 -0.0426866)
q: (  0.841071    1.60076   0.168997    1.10084    -1.3298   0.489463    1.03276    1.06046   0.911456 -0.0426866); parent q: (  0.984847    1.50072   0.158434    1.03203   -1.24669   0.458871   0.968212   0.994182    0.85449 -0.0400187)
q: (-0.790024   1.43921   2.75113   2.76121  -1.27234  -1.35728  0.956825  0.280583  0.170861   1.12718); parent q: (  0.841071    1.60076   0.168997    1.10084    -1.3298   0.489463    1.03276    1.06046   0.911456 -0.0426866)
q: (  0.984847    1.50072   0.158434    1.03203   -1.24669   0.458871   0.968212   0.994182    0.85449 -0.0400187); parent q: (    1.7262   0.984845   0.103973   0.677272  -0.818137   0.301134   0.635389   0.652432   0.560759 -0.0262622)
q: (   -1.4391 -0.0666776    2.72472    1.99988  -0.010545    1.26407    1.27278   0.717294   -1.16615   -1.82039); parent q: (  -1.32548 0.00679399    2.60442    1.95451 -0.0684891    1.22633    1.25851   0.730273   -1.07143   -1.73694)
q: ( 1.72102 -2.87195  2.76032  2.77371  2.00033 -2.82934  1.24011  0.85302  -2.4072 -2.15444); parent q: ( 2.20931 -1.88472  1.81146  1.82024  1.31272 -1.85675 0.813823 0.559794 -1.57973 -1.41385)
q: ( 2.20931 -1.88472  1.81146  1.82024  1.31272 -1.85675 0.813823 0.559794 -1.57973 -1.41385); parent q: (  2.70454 -0.883462  0.849121  0.853239  0.615337 -0.870354   0.38148  0.262403 -0.740498 -0.662744)
q: (   2.21801   -2.38356    2.99938    0.44824    2.81424    1.01981   0.988947 -0.0236657   -1.84598   -1.58193); parent q: ( 2.20931 -1.88472  1.81146  1.82024  1.31272 -1.85675 0.813823 0.559794 -1.57973 -1.41385)
q: (  2.21312  -2.10296   2.33117   1.21999   1.96964 -0.598258   0.89044   0.30453  -1.69621  -1.48739); parent q: ( 2.20931 -1.88472  1.81146  1.82024  1.31272 -1.85675 0.813823 0.559794 -1.57973 -1.41385)
q: ( 0.919229    -2.144   3.11206  -2.20291   2.66921 0.0522579  -1.24188  -3.01044  -1.72742  0.313731); parent q: (  1.27303  -2.13278   2.89854  -1.26696   2.47792 -0.125618 -0.658821  -2.10401  -1.71889 -0.178763)
q: (  1.32357  -2.13118   2.86803  -1.13326   2.45059 -0.151028 -0.575527  -1.97451  -1.71767 -0.249119); parent q: (  1.35137   -2.1303   2.85126  -1.05972   2.43556 -0.165004 -0.529716  -1.90329    -1.717 -0.287815)
q: ( 0.804822 -0.565887   2.40132    1.0313  -1.04059  -1.82018 -0.353941   2.27257  -2.82516  0.696732); parent q: (  1.32357  -2.13118   2.86803  -1.13326   2.45059 -0.151028 -0.575527  -1.97451  -1.71767 -0.249119)
q: ( -2.88344   2.94916   1.55448   2.27362  -2.92602 -0.338031   2.26724 -0.789419  0.700584  -2.62876); parent q: (  1.32357  -2.13118   2.86803  -1.13326   2.45059 -0.151028 -0.575527  -1.97451  -1.71767 -0.249119)
q: (  1.27303  -2.13278   2.89854  -1.26696   2.47792 -0.125618 -0.658821  -2.10401  -1.71889 -0.178763); parent q: (  1.32357  -2.13118   2.86803  -1.13326   2.45059 -0.151028 -0.575527  -1.97451  -1.71767 -0.249119)
q: (0.0287172   2.77502  0.906496  0.153502  -3.12545 -0.343007   2.94644  -1.27232   -3.1028   2.17819); parent q: (  1.27303  -2.13278   2.89854  -1.26696   2.47792 -0.125618 -0.658821  -2.10401  -1.71889 -0.178763)
q: (    1.7262   0.984845   0.103973   0.677272  -0.818137   0.301134   0.635389   0.652432   0.560759 -0.0262622); parent q: (3.1415      0      0      0      0      0      0      0      0      0)
q: ( 0.995402   2.03096   1.20637   2.94461   1.95566   2.91292   2.65522  0.252968   2.76672 -0.158099); parent q: (    1.7262   0.984845   0.103973   0.677272  -0.818137   0.301134   0.635389   0.652432   0.560759 -0.0262622)
q: (  1.35137   -2.1303   2.85126  -1.05972   2.43556 -0.165004 -0.529716  -1.90329    -1.717 -0.287815); parent q: (  1.40523  -2.12859   2.81875 -0.917235   2.40644 -0.192083 -0.440956  -1.76531   -1.7157 -0.362788)
q: (  1.11508  -1.49358   2.26355  0.768725 -0.830042  0.487432  -3.13632  -1.47252  -1.16471  -2.47107); parent q: (  1.35137   -2.1303   2.85126  -1.05972   2.43556 -0.165004 -0.529716  -1.90329    -1.717 -0.287815)
q: (  1.40523  -2.12859   2.81875 -0.917235   2.40644 -0.192083 -0.440956  -1.76531   -1.7157 -0.362788); parent q: (  2.21312  -2.10296   2.33117   1.21999   1.96964 -0.598258   0.89044   0.30453  -1.69621  -1.48739)
q: ( 0.457012   -2.9898   2.10343   2.60381 -0.983198   2.62391  -2.68168 -0.357518    2.0022  -2.31778); parent q: (  1.40523  -2.12859   2.81875 -0.917235   2.40644 -0.192083 -0.440956  -1.76531   -1.7157 -0.362788)
q: (-0.530121  0.521095   1.76236   1.63694 -0.474098   0.96212   1.15857  0.821127 -0.408411  -1.15275); parent q: (-0.370339  0.624414    1.5932   1.57314 -0.555582  0.909043   1.13849  0.839379 -0.275214  -1.03539)
q: (-2.31817 -0.99588 0.193137  2.81557  1.49295  2.87585  3.05486 0.437472 -2.39978   -2.325); parent q: (-0.530121  0.521095   1.76236   1.63694 -0.474098   0.96212   1.15857  0.821127 -0.408411  -1.15275)
q: (-2.74174 -1.72806 -1.62343  2.92196 0.336431  2.91049  1.67104   3.1226  1.21885 -3.09527); parent q: (  -1.56682  -0.533198   0.175271    2.23929 -0.0941622    1.87542    1.39879    1.89994   0.354368   -2.06331)
q: (0.811046 0.702283 -2.04484 -1.69765 -1.22665  3.09382  -1.2946  2.88037  2.35372 -1.89612); parent q: (-0.0771495  0.0946967   -1.93949  -0.542749  -0.835878    3.04799  -0.553191    2.94093       2.07   -2.19591)
q: (-0.0771495  0.0946967   -1.93949  -0.542749  -0.835878    3.04799  -0.553191    2.94093       2.07   -2.19591); parent q: ( -0.243686 -0.0192258   -1.91974  -0.326205  -0.762608    3.03939  -0.414176    2.95228     2.0168   -2.25212)
q: ( 0.597196  0.517111  -1.50568  -1.25003 -0.903215   2.27807 -0.953251    2.1209   1.73311  -1.39616); parent q: ( 0.386463  0.385106  -1.64124    -1.029 -0.882172   2.51867 -0.828232   2.37716   1.83839  -1.64608)
q: ( 0.386463  0.385106  -1.64124    -1.029 -0.882172   2.51867 -0.828232   2.37716   1.83839  -1.64608); parent q: (-0.0771495  0.0946967   -1.93949  -0.542749  -0.835878    3.04799  -0.553191    2.94093       2.07   -2.19591)
q: ( 0.273748  0.237038 -0.690185 -0.572999 -0.414023   1.04424 -0.436959  0.972195  0.794437 -0.639986); parent q: ( 0.330105  0.311072  -1.16571 -0.801001 -0.648098   1.78145 -0.632596   1.67467   1.31641  -1.14303)
q: ( 0.330105  0.311072  -1.16571 -0.801001 -0.648098   1.78145 -0.632596   1.67467   1.31641  -1.14303); parent q: ( 0.386463  0.385106  -1.64124    -1.029 -0.882172   2.51867 -0.828232   2.37716   1.83839  -1.64608)
q: ( 0.126726  0.109732 -0.319507 -0.265258 -0.191664  0.483409 -0.202281  0.450058  0.367768 -0.296268); parent q: ( 0.330105  0.311072  -1.16571 -0.801001 -0.648098   1.78145 -0.632596   1.67467   1.31641  -1.14303)
q: (0 0 0 0 0 0 0 0 0 0); parent q: ( 0.330105  0.311072  -1.16571 -0.801001 -0.648098   1.78145 -0.632596   1.67467   1.31641  -1.14303)
q: (  -1.32548 0.00679399    2.60442    1.95451 -0.0684891    1.22633    1.25851   0.730273   -1.07143   -1.73694); parent q: (-0.530121  0.521095   1.76236   1.63694 -0.474098   0.96212   1.15857  0.821127 -0.408411  -1.15275)
q: ( -1.42176  0.713862  0.845965    1.7225   2.36022  0.991844   2.62687   1.03907  -1.70324 -0.506767); parent q: (  -1.32548 0.00679399    2.60442    1.95451 -0.0684891    1.22633    1.25851   0.730273   -1.07143   -1.73694)
q: (  2.70454 -0.883462  0.849121  0.853239  0.615337 -0.870354   0.38148  0.262403 -0.740498 -0.662744); parent q: (3.1415      0      0      0      0      0      0      0      0      0)
q: (    0.764845    -0.769539      1.94523      3.11143 -0.000885725    -0.355867     -2.59008      -2.9783     -1.34507     -1.57196); parent q: (  1.18915 -0.794459   1.70546   2.61745  0.133913 -0.468411  -1.94005   -2.2694  -1.21282  -1.37307)
q: (  1.18915 -0.794459   1.70546   2.61745  0.133913 -0.468411  -1.94005   -2.2694  -1.21282  -1.37307); parent q: (  2.70454 -0.883462  0.849121  0.853239  0.615337 -0.870354   0.38148  0.262403 -0.740498 -0.662744)
q: (  3.00006   2.89727  0.376305    0.9461  -2.41476   3.03758  0.384348  -2.90917 -0.232155  0.902462); parent q: (  1.18915 -0.794459   1.70546   2.61745  0.133913 -0.468411  -1.94005   -2.2694  -1.21282  -1.37307)
q: ( -0.243686 -0.0192258   -1.91974  -0.326205  -0.762608    3.03939  -0.414176    2.95228     2.0168   -2.25212); parent q: (-2.74174 -1.72806 -1.62343  2.92196 0.336431  2.91049  1.67104   3.1226  1.21885 -3.09527)
q: (0.947645 -2.61999 0.222556 -1.55509 -1.66092  3.00657 -1.60387 -1.51395   3.0538  2.02511); parent q: ( 0.742885  -2.17298 -0.145651  -1.34387  -1.50652   3.01221  -1.39939 -0.746318   2.87557   1.28996)
q: ( 0.742885  -2.17298 -0.145651  -1.34387  -1.50652   3.01221  -1.39939 -0.746318   2.87557   1.28996); parent q: ( -0.243686 -0.0192258   -1.91974  -0.326205  -0.762608    3.03939  -0.414176    2.95228     2.0168   -2.25212)
q: (  -1.8584  -1.87853   1.17571 -0.924491   -2.7513   3.04494  -2.20716 -0.792516   1.54617 -0.930079); parent q: ( -1.77711  -1.88774   1.13442 -0.937597   -2.7124   3.04392  -2.18192 -0.791072   1.58771 -0.860702)
q: ( -1.77711  -1.88774   1.13442 -0.937597   -2.7124   3.04392  -2.18192 -0.791072   1.58771 -0.860702); parent q: ( 0.742885  -2.17298 -0.145651  -1.34387  -1.50652   3.01221  -1.39939 -0.746318   2.87557   1.28996)
q: (  0.33168  -1.34824  -1.78634  0.656338 -0.969088 -0.607171  -1.44659  0.512317  0.512726 -0.882415); parent q: ( -1.77711  -1.88774   1.13442 -0.937597   -2.7124   3.04392  -2.18192 -0.791072   1.58771 -0.860702)
q: ( 0.442436  -1.30449  -1.86574  0.652589 -0.916667  -0.59492  -1.42964  0.584707  0.463988 -0.847694); parent q: (  0.33168  -1.34824  -1.78634  0.656338 -0.969088 -0.607171  -1.44659  0.512317  0.512726 -0.882415)
q: ( 0.264029  -1.32309  -1.80407  0.633533 -0.772925 -0.479397  -1.42279  0.743041  0.682663 -0.993703); parent q: ( 0.442436  -1.30449  -1.86574  0.652589 -0.916667  -0.59492  -1.42964  0.584707  0.463988 -0.847694)
q: ( 0.119073  -1.33821  -1.75396   0.61805 -0.656135 -0.385535  -1.41722  0.871688  0.860336  -1.11234); parent q: ( 0.442436  -1.30449  -1.86574  0.652589 -0.916667  -0.59492  -1.42964  0.584707  0.463988 -0.847694)
q: (-0.509071  -1.40372  -1.53683  0.550958 -0.150045 0.0212008  -1.39309   1.42916   1.63026  -1.62641); parent q: ( 0.442436  -1.30449  -1.86574  0.652589 -0.916667  -0.59492  -1.42964  0.584707  0.463988 -0.847694)
q: (-0.766771  -1.43059  -1.44775  0.523432 0.0575815  0.188067  -1.38319   1.65786   1.94612  -1.83731); parent q: ( 0.442436  -1.30449  -1.86574  0.652589 -0.916667  -0.59492  -1.42964  0.584707  0.463988 -0.847694)
q: (-0.886165  -1.44304  -1.40648   0.51068  0.153776  0.265377  -1.37861   1.76382   2.09246  -1.93503); parent q: ( 0.442436  -1.30449  -1.86574  0.652589 -0.916667  -0.59492  -1.42964  0.584707  0.463988 -0.847694)
q: (  -1.56682  -0.533198   0.175271    2.23929 -0.0941622    1.87542    1.39879    1.89994   0.354368   -2.06331); parent q: ( -1.50202 -0.467305  0.274464   2.20164 -0.117908   1.81834   1.38378   1.83252  0.306694   -2.0064)
q: (-0.374789 -0.326674  -2.24473 -0.605169 -0.924473   2.07202  0.225861   2.15509   1.88825  -1.44828); parent q: (-0.561043 -0.358943   -1.8666 -0.160722 -0.794737    2.0413  0.409131   2.11522   1.64858  -1.54438)
q: ( 0.597196  0.517111  -1.50568  -1.25003 -0.903215   2.27807 -0.953251    2.1209   1.73311  -1.39616); parent q: ( 0.536447  0.464374  -1.55187  -1.20972 -0.904544   2.26519 -0.879557   2.12303    1.7428  -1.39942)
q: ( 0.536447  0.464374  -1.55187  -1.20972 -0.904544   2.26519 -0.879557   2.12303    1.7428  -1.39942); parent q: (-0.374789 -0.326674  -2.24473 -0.605169 -0.924473   2.07202  0.225861   2.15509   1.88825  -1.44828)
q: ( 0.273748  0.237038 -0.690185 -0.572999 -0.414023   1.04424 -0.436959  0.972195  0.794437 -0.639986); parent q: ( 0.536447  0.464374  -1.55187  -1.20972 -0.904544   2.26519 -0.879557   2.12303    1.7428  -1.39942)
q: ( 0.126726  0.109732 -0.319507 -0.265258 -0.191664  0.483409 -0.202281  0.450058  0.367768 -0.296268); parent q: ( 0.536447  0.464374  -1.55187  -1.20972 -0.904544   2.26519 -0.879557   2.12303    1.7428  -1.39942)
q: (0 0 0 0 0 0 0 0 0 0); parent q: ( 0.536447  0.464374  -1.55187  -1.20972 -0.904544   2.26519 -0.879557   2.12303    1.7428  -1.39942)
q: (-0.561043 -0.358943   -1.8666 -0.160722 -0.794737    2.0413  0.409131   2.11522   1.64858  -1.54438); parent q: (-0.875347 -0.413398  -1.22852  0.589282 -0.575807   1.98946  0.718399   2.04795   1.24414  -1.70654)
q: ( -0.242716   -1.63038   -1.59504 0.00900805   0.522307    1.02814    2.40888  -0.471683   0.407155  -0.168866); parent q: (  -0.31235   -1.35225   -1.65444 -0.0281204   0.234204    1.24977    1.97143  0.0942027   0.678718  -0.469759)
q: ( -1.43723 -0.401411  0.373657     2.164 -0.141654   1.76126   1.36876   1.76509   0.25902  -1.94949); parent q: ( -1.21045 -0.170785  0.720833   2.03223 -0.224765   1.56147   1.31621    1.5291 0.0921626  -1.75031)
q: (-0.911116 -0.163597  -2.51957 0.0394804   1.72617  0.754542   2.47065   1.43394  -2.80516  -1.60055); parent q: ( -0.97688 -0.193324  -2.15791  0.305045   1.49269  0.880381   2.33291   1.47533  -2.42213  -1.64417)
q: (-0.875347 -0.413398  -1.22852  0.589282 -0.575807   1.98946  0.718399   2.04795   1.24414  -1.70654); parent q: (  -1.56682  -0.533198   0.175271    2.23929 -0.0941622    1.87542    1.39879    1.89994   0.354368   -2.06331)
q: (  2.48383  -2.80209   -1.9705   2.42891 -0.288318   2.93656   1.22263  0.168558   1.17398 -0.603329); parent q: ( 0.804242  -1.60774  -1.59951    1.5091 -0.432062   2.46301  0.970513   1.10825   1.20906  -1.15494)
q: ( 0.804242  -1.60774  -1.59951    1.5091 -0.432062   2.46301  0.970513   1.10825   1.20906  -1.15494); parent q: (-0.140527 -0.935924  -1.39083  0.991701 -0.512919   2.19664  0.828699   1.63683   1.22879  -1.46521)
q: ( 1.99838 -2.43425  1.31052 0.575461 -1.91944  2.79681  2.08706  -1.8415   2.7853 -1.96216); parent q: ( 0.804242  -1.60774  -1.59951    1.5091 -0.432062   2.46301  0.970513   1.10825   1.20906  -1.15494)
q: (-0.140527 -0.935924  -1.39083  0.991701 -0.512919   2.19664  0.828699   1.63683   1.22879  -1.46521); parent q: (-0.875347 -0.413398  -1.22852  0.589282 -0.575807   1.98946  0.718399   2.04795   1.24414  -1.70654)
q: (   1.0371  -1.26385  -1.24096  -1.32605   2.54939   2.44823  -0.68825   2.15859   1.67678 -0.081428); parent q: ( 0.301082   -1.0589  -1.33463  0.122545  0.635447   2.29098  0.259843   1.83249   1.39679 -0.946295)
q: ( 0.301082   -1.0589  -1.33463  0.122545  0.635447   2.29098  0.259843   1.83249   1.39679 -0.946295); parent q: (-0.140527 -0.935924  -1.39083  0.991701 -0.512919   2.19664  0.828699   1.63683   1.22879  -1.46521)
q: ( 0.837954 -0.963382  -1.03939    -1.094   1.94979   2.01842 -0.581944   1.78485   1.39043 -0.128424); parent q: ( 0.603073  -1.00517  -1.16856 -0.561761   1.37476   2.13767 -0.213662   1.80569   1.39321 -0.486243)
q: ( 0.603073  -1.00517  -1.16856 -0.561761   1.37476   2.13767 -0.213662   1.80569   1.39321 -0.486243); parent q: ( 0.301082   -1.0589  -1.33463  0.122545  0.635447   2.29098  0.259843   1.83249   1.39679 -0.946295)
q: ( 0.126726  0.109732 -0.319507 -0.265258 -0.191664  0.483409 -0.202281  0.450058  0.367768 -0.296268); parent q: ( 0.603073  -1.00517  -1.16856 -0.561761   1.37476   2.13767 -0.213662   1.80569   1.39321 -0.486243)
q: (0 0 0 0 0 0 0 0 0 0); parent q: ( 0.603073  -1.00517  -1.16856 -0.561761   1.37476   2.13767 -0.213662   1.80569   1.39321 -0.486243)
q: (  -0.31235   -1.35225   -1.65444 -0.0281204   0.234204    1.24977    1.97143  0.0942027   0.678718  -0.469759); parent q: (-0.561043 -0.358943   -1.8666 -0.160722 -0.794737    2.0413  0.409131   2.11522   1.64858  -1.54438)
q: (  -3.05921   -1.34815    -3.0259    2.37535 -0.0394403    2.40608   0.188724   -2.31335     1.0561    2.22482); parent q: (  -1.9433  -1.34982  -2.46875   1.39894 0.0717277   1.93633  0.912949  -1.33528  0.902786   1.13015)
q: (  -1.9433  -1.34982  -2.46875   1.39894 0.0717277   1.93633  0.912949  -1.33528  0.902786   1.13015); parent q: (  -0.31235   -1.35225   -1.65444 -0.0281204   0.234204    1.24977    1.97143  0.0942027   0.678718  -0.469759)
q: (-0.509071  -1.40372  -1.53683  0.550958 -0.150045 0.0212008  -1.39309   1.42916   1.63026  -1.62641); parent q: (  -1.53992   -1.36498   -2.20665    1.16045 0.00935407     1.3977   0.264375  -0.557785    1.10739   0.354866)
q: (  -1.53992   -1.36498   -2.20665    1.16045 0.00935407     1.3977   0.264375  -0.557785    1.10739   0.354866); parent q: (  -1.9433  -1.34982  -2.46875   1.39894 0.0717277   1.93633  0.912949  -1.33528  0.902786   1.13015)
q: (-0.766771  -1.43059  -1.44775  0.523432 0.0575815  0.188067  -1.38319   1.65786   1.94612  -1.83731); parent q: ( -1.51576  -1.36703  -2.18293   1.14054 0.0108612    1.3599  0.212889 -0.488546    1.1336   0.28636)
q: ( -1.51576  -1.36703  -2.18293   1.14054 0.0108612    1.3599  0.212889 -0.488546    1.1336   0.28636); parent q: (  -1.53992   -1.36498   -2.20665    1.16045 0.00935407     1.3977   0.264375  -0.557785    1.10739   0.354866)
q: (-0.886165  -1.44304  -1.40648   0.51068  0.153776  0.265377  -1.37861   1.76382   2.09246  -1.93503); parent q: ( -1.51576  -1.36703  -2.18293   1.14054 0.0108612    1.3599  0.212889 -0.488546    1.1336   0.28636)
q: ( -1.50202 -0.467305  0.274464   2.20164 -0.117908   1.81834   1.38378   1.83252  0.306694   -2.0064); parent q: ( -1.43723 -0.401411  0.373657     2.164 -0.141654   1.76126   1.36876   1.76509   0.25902  -1.94949)
q: (-0.374789 -0.326674  -2.24473 -0.605169 -0.924473   2.07202  0.225861   2.15509   1.88825  -1.44828); parent q: (-0.480467 -0.339858  -2.00855  -0.34203 -0.848858   2.04824  0.334415   2.12485   1.73998   -1.5006)
q: ( 0.597196  0.517111  -1.50568  -1.25003 -0.903215   2.27807 -0.953251    2.1209   1.73311  -1.39616); parent q: ( 0.536447  0.464374  -1.55187  -1.20972 -0.904544   2.26519 -0.879557   2.12303    1.7428  -1.39942)
q: ( 0.536447  0.464374  -1.55187  -1.20972 -0.904544   2.26519 -0.879557   2.12303    1.7428  -1.39942); parent q: (-0.374789 -0.326674  -2.24473 -0.605169 -0.924473   2.07202  0.225861   2.15509   1.88825  -1.44828)
q: ( 0.273748  0.237038 -0.690185 -0.572999 -0.414023   1.04424 -0.436959  0.972195  0.794437 -0.639986); parent q: ( 0.536447  0.464374  -1.55187  -1.20972 -0.904544   2.26519 -0.879557   2.12303    1.7428  -1.39942)
q: ( 0.126726  0.109732 -0.319507 -0.265258 -0.191664  0.483409 -0.202281  0.450058  0.367768 -0.296268); parent q: ( 0.536447  0.464374  -1.55187  -1.20972 -0.904544   2.26519 -0.879557   2.12303    1.7428  -1.39942)
q: (0 0 0 0 0 0 0 0 0 0); parent q: ( 0.536447  0.464374  -1.55187  -1.20972 -0.904544   2.26519 -0.879557   2.12303    1.7428  -1.39942)
q: ( 0.322049   1.07213  0.860152   1.29668 -0.908678  0.679043   1.05149   0.91847  0.301971  -0.52684); parent q: (  0.984847    1.50072   0.158434    1.03203   -1.24669   0.458871   0.968212   0.994182    0.85449 -0.0400187)
q: ( -3.11768  0.684225   1.06363 -0.408286   1.84571   2.44592   2.20106   2.71957 -0.808784   1.76711); parent q: ( 0.322049   1.07213  0.860152   1.29668 -0.908678  0.679043   1.05149   0.91847  0.301971  -0.52684)
q: (-0.480467 -0.339858  -2.00855  -0.34203 -0.848858   2.04824  0.334415   2.12485   1.73998   -1.5006); parent q: ( -1.50202 -0.467305  0.274464   2.20164 -0.117908   1.81834   1.38378   1.83252  0.306694   -2.0064)
q: (-0.271245   -1.5624 -0.445099  -2.97063  0.220702   1.73563  -1.47455   2.34048 -0.357941  -2.70191); parent q: (-0.284321  -1.48599 -0.542815  -2.80634  0.153855   1.75516  -1.36149     2.327 -0.226821  -2.62683)
q: (-0.284321  -1.48599 -0.542815  -2.80634  0.153855   1.75516  -1.36149     2.327 -0.226821  -2.62683); parent q: (-0.480467 -0.339858  -2.00855  -0.34203 -0.848858   2.04824  0.334415   2.12485   1.73998   -1.5006)
q: (   1.08427   0.941814   -1.34692   -0.51824   -2.20754 -0.0906274   -1.88478   -1.61968  -0.551534  -0.998763); parent q: (-0.284321  -1.48599 -0.542815  -2.80634  0.153855   1.75516  -1.36149     2.327 -0.226821  -2.62683)
q: (  -1.52568    2.80784    2.14671 -0.0207037   -0.53135  -0.818241    2.21969   0.139626   -2.60295    2.69628); parent q: (3.1415      0      0      0      0      0      0      0      0      0)
q: ( -3.02839   2.77936  -1.84708   1.16971   1.40013  0.889852 -0.205053   1.33825   3.10808  -1.41478); parent q: ( -1.14377   1.81905 -0.324261   1.24113  0.101427  0.771272  0.501754   1.10213   1.52964 -0.915316)
q: ( -1.14377   1.81905 -0.324261   1.24113  0.101427  0.771272  0.501754   1.10213   1.52964 -0.915316); parent q: ( 0.322049   1.07213  0.860152   1.29668 -0.908678  0.679043   1.05149   0.91847  0.301971  -0.52684)
q: ( -1.50202 -0.467305  0.274464   2.20164 -0.117908   1.81834   1.38378   1.83252  0.306694   -2.0064); parent q: ( -1.47963 -0.324408  0.237044   2.14161   -0.1042    1.7529   1.32865   1.78687  0.383128  -1.93821)
q: ( -1.47963 -0.324408  0.237044   2.14161   -0.1042    1.7529   1.32865   1.78687  0.383128  -1.93821); parent q: ( -1.14377   1.81905 -0.324261   1.24113  0.101427  0.771272  0.501754   1.10213   1.52964 -0.915316)
q: ( -1.27856 -0.439426 -0.224946   1.64521 -0.277803   1.86863   1.15423   1.89646  0.620226  -1.89576); parent q: ( -1.47963 -0.324408  0.237044   2.14161   -0.1042    1.7529   1.32865   1.78687  0.383128  -1.93821)
q: (-0.480467 -0.339858  -2.00855  -0.34203 -0.848858   2.04824  0.334415   2.12485   1.73998   -1.5006); parent q: ( -1.27856 -0.439426 -0.224946   1.64521 -0.277803   1.86863   1.15423   1.89646  0.620226  -1.89576)
q: ( 0.451947  0.352337  -1.56508  -1.22057 -0.872756   2.23677 -0.823225   2.13148   1.69065  -1.44093); parent q: ( 0.335395  0.265813  -1.62052  -1.11076 -0.869769   2.21321  -0.67852   2.13065   1.69681  -1.44839)
q: ( 0.335395  0.265813  -1.62052  -1.11076 -0.869769   2.21321  -0.67852   2.13065   1.69681  -1.44839); parent q: (-0.480467 -0.339858  -2.00855  -0.34203 -0.848858   2.04824  0.334415   2.12485   1.73998   -1.5006)
q: ( 0.475698  0.411638  -1.59806  -1.16942 -0.905872   2.25231 -0.805862   2.12517    1.7525  -1.40268); parent q: ( 0.335395  0.265813  -1.62052  -1.11076 -0.869769   2.21321  -0.67852   2.13065   1.69681  -1.44839)
q: ( 0.597196  0.517111  -1.50568  -1.25003 -0.903215   2.27807 -0.953251    2.1209   1.73311  -1.39616); parent q: ( 0.536447  0.464374  -1.55187  -1.20972 -0.904544   2.26519 -0.879557   2.12303    1.7428  -1.39942)
q: ( 0.536447  0.464374  -1.55187  -1.20972 -0.904544   2.26519 -0.879557   2.12303    1.7428  -1.39942); parent q: ( 0.475698  0.411638  -1.59806  -1.16942 -0.905872   2.25231 -0.805862   2.12517    1.7525  -1.40268)
q: ( 0.314179  0.272047 -0.792122 -0.657627 -0.475172   1.19847 -0.501496   1.11578  0.911771 -0.734508); parent q: ( 0.536447  0.464374  -1.55187  -1.20972 -0.904544   2.26519 -0.879557   2.12303    1.7428  -1.39942)
q: ( 0.273748  0.237038 -0.690185 -0.572999 -0.414023   1.04424 -0.436959  0.972195  0.794437 -0.639986); parent q: ( 0.536447  0.464374  -1.55187  -1.20972 -0.904544   2.26519 -0.879557   2.12303    1.7428  -1.39942)
q: ( 0.126726  0.109732 -0.319507 -0.265258 -0.191664  0.483409 -0.202281  0.450058  0.367768 -0.296268); parent q: ( 0.536447  0.464374  -1.55187  -1.20972 -0.904544   2.26519 -0.879557   2.12303    1.7428  -1.39942)
q: (0 0 0 0 0 0 0 0 0 0); parent q: ( 0.536447  0.464374  -1.55187  -1.20972 -0.904544   2.26519 -0.879557   2.12303    1.7428  -1.39942)
q: (-0.370339  0.624414    1.5932   1.57314 -0.555582  0.909043   1.13849  0.839379 -0.275214  -1.03539); parent q: ( 0.322049   1.07213  0.860152   1.29668 -0.908678  0.679043   1.05149   0.91847  0.301971  -0.52684)
q: ( -1.00754  -2.08154   3.03712  -2.79228   1.99873   3.04798  -2.24112 -0.939604   1.68969  -2.28615); parent q: (-0.370339  0.624414    1.5932   1.57314 -0.555582  0.909043   1.13849  0.839379 -0.275214  -1.03539)
q: ( -1.21045 -0.170785  0.720833   2.03223 -0.224765   1.56147   1.31621    1.5291 0.0921626  -1.75031); parent q: (-0.530121  0.521095   1.76236   1.63694 -0.474098   0.96212   1.15857  0.821127 -0.408411  -1.15275)
q: ( -2.37935  -1.68635 0.0542428   2.72217   2.64875   1.29792 -0.587253   1.61176   1.45683   2.34555); parent q: ( -1.21045 -0.170785  0.720833   2.03223 -0.224765   1.56147   1.31621    1.5291 0.0921626  -1.75031)
q: (-2.22064 -0.50942  -1.6254  3.10064  2.04504 0.841712  1.26419  2.61112 -2.63997  2.77791); parent q: ( 0.322049   1.07213  0.860152   1.29668 -0.908678  0.679043   1.05149   0.91847  0.301971  -0.52684)
q: ( -0.97688 -0.193324  -2.15791  0.305045   1.49269  0.880381   2.33291   1.47533  -2.42213  -1.64417); parent q: ( -1.43723 -0.401411  0.373657     2.164 -0.141654   1.76126   1.36876   1.76509   0.25902  -1.94949)
q: ( -2.24525  0.259408  -2.78858  -2.46177   1.72708  0.220926   1.49927  -1.10716  -2.70643 -0.630817); parent q: ( -1.69034 0.0613381  -2.51266  -1.25129   1.62453  0.509438   1.86399 0.0226836  -2.58205  -1.07416)
q: ( -1.69034 0.0613381  -2.51266  -1.25129   1.62453  0.509438   1.86399 0.0226836  -2.58205  -1.07416); parent q: ( -0.97688 -0.193324  -2.15791  0.305045   1.49269  0.880381   2.33291   1.47533  -2.42213  -1.64417)
q: ( -2.91927   1.45549 -0.252228  -2.95722  0.916143   1.62792  -0.72965  -1.00097  -2.46492  -1.40456); parent q: ( -1.69034 0.0613381  -2.51266  -1.25129   1.62453  0.509438   1.86399 0.0226836  -2.58205  -1.07416)
Tree: local
q: (-0.245665 -0.416622    0.1848   1.66638  -0.71766   -2.2704 -0.600516  -2.50319  0.924554   2.67263); parent q: NONE
Tree: local
q: (  2.37533  0.540262     0.733    2.1289  -2.42525  -2.90405 -0.837018   -2.2613   1.18506   1.90168); parent q: NONE
Tree: local
q: (0.805886  1.95253 0.961709 -2.77328 0.109814 0.709137  3.05288 -2.91714  3.06519 -1.65298); parent q: NONE
Tree: local
q: (-2.10443 0.421598  1.29363 -1.14813  2.14036  2.73743 -2.50512 -2.52692  1.15475 -2.60495); parent q: NONE
Cost convergence: 
Cost [rad]		Num. states		Time [ms]
inf		1		0
inf		2		0
inf		3		3
inf		4		13
inf		5		14
inf		6		17
inf		7		23
inf		8		30
inf		9		33
inf		10		62
inf		11		70
inf		12		103
inf		13		103
inf		14		151
inf		15		156
inf		16		162
inf		17		165
inf		18		172
inf		19		175
inf		20		209
inf		21		209
inf		22		220
inf		23		229
inf		24		248
inf		25		248
inf		26		254
inf		27		360
inf		28		360
inf		29		360
inf		30		360
inf		31		360
inf		32		363
inf		33		371
inf		34		380
inf		35		406
inf		36		406
inf		37		409
inf		38		410
inf		39		417
inf		40		441
inf		41		441
inf		42		451
inf		43		456
inf		44		466
inf		45		525
inf		46		525
inf		47		525
inf		48		525
inf		49		525
inf		50		542
inf		51		555
inf		52		555
inf		53		569
inf		54		569
inf		55		614
inf		56		614
inf		57		933
inf		58		933
inf		59		933
inf		60		933
inf		61		933
inf		62		933
inf		63		933
inf		64		933
inf		65		933
inf		66		933
inf		67		933
inf		68		933
inf		69		933
inf		70		933
inf		71		933
inf		72		933
inf		73		939
inf		74		957
inf		75		957
24.6294		76		1044
24.6294		77		1044
24.6294		78		1044
24.6294		79		1044
24.6294		80		1044
24.6294		81		1044
24.6294		82		1044
24.6294		83		1044
24.6294		84		1044
24.6294		85		1044
24.6294		86		1044
24.6294		87		1059
24.6294		88		1059
24.6294		89		1063
24.6294		90		1136
24.6294		91		1136
24.6294		92		1136
24.6294		93		1136
24.6294		94		1136
24.6294		95		1136
24.6294		96		1136
24.6294		97		1136
24.6294		98		1199
24.6294		99		1199
24.6294		100		1199
24.6294		101		1234
24.6294		102		1234
24.6294		103		1234
24.6294		104		1238
24.6294		105		1257
24.6294		106		1278
24.6294		107		1278
24.6294		108		1303
24.6294		109		1303
20.5621		110		1439
20.5621		111		1439
20.5621		112		1439
20.5621		113		1439
20.5621		114		1439
20.5621		115		1439
20.5621		116		1439
20.5621		117		1439
20.5621		118		1439
20.5621		119		1439
20.5621		120		1439
20.5621		121		1439
20.5621		122		1439
20.5621		123		1439
20.5621		124		1439
20.5621		125		1439
20.5621		126		1439
20.5621		127		1439
20.5621		128		1439
20.5621		129		1447
20.5621		130		1457
20.5621		131		1462
20.5621		132		1485
20.5621		133		1485
20.5621		134		1485
20.2275		135		1588
20.2275		136		1588
20.2275		137		1588
20.2275		138		1588
20.2275		139		1588
20.2275		140		1588
20.2275		141		1588
20.2275		142		1588
20.2275		143		1588
20.2275		144		1588
20.2275		145		1588
20.2275		146		1785
20.2275		147		1785
20.2275		148		1785
20.2275		149		1785
20.2275		150		1785
20.2275		151		1785
20.2275		152		1785
20.2275		153		1785
20.2275		154		1785
20.2275		155		1785
20.2275		156		1785
20.2275		157		1785
20.2275		158		1785
20.2275		159		1785
20.2275		160		1785
20.2275		161		1839
20.2275		162		1839
20.2275		163		1850
20.2275		164		1850
20.2275		165		1871
20.2275		166		1947
20.2275		167		1969
20.2275		168		1969
20.2275		169		1969
20.2275		170		1979
20.2275		171		2002
20.2275		172		2002
20.2275		173		2025
20.2275		174		2025
20.2275		175		2085
20.2275		176		2085
20.2275		177		2093
20.2275		178		2116
20.2275		179		2116
18.9908		180		2246
18.9908		181		2246
18.9908		182		2246
18.9908		183		2246
18.9908		184		2246
18.9908		185		2246
18.9908		186		2246
18.9908		187		2246
18.9908		188		2246
18.9908		189		2246
18.9908		190		2246
18.9908		191		2246
18.9908		192		2246
18.9908		193		2246
18.9908		194		2246
18.9908		195		2246
18.9908		196		2246
18.9908		197		2246
18.9908		198		2246
18.9908		199		2258
18.9908		200		2258
18.9908		201		2287
18.9908		202		2383
18.9908		203		2383
18.9908		204		2383
18.9908		205		2383
18.9908		206		2383
18.9908		207		2383
18.9908		208		2383
18.9908		209		2383
18.9908		210		2383
18.9908		211		2383
18.9908		212		2383
18.9908		213		2383
18.9908		214		2383
18.9908		215		2383
18.9908		216		2383
18.9908		217		2455
18.9908		218		2455
18.9908		219		2514
18.9908		220		2514
18.9908		221		2514
18.9908		222		2549
18.9908		223		2549
18.9908		224		2554
18.9908		225		2572
18.9908		226		2617
18.9908		227		2617
18.9908		228		2617
18.9908		229		2645
18.9908		230		2662
18.9908		231		2662
18.9908		232		2667
18.9908		233		2757
18.9908		234		2757
18.9908		235		2757
18.9908		236		2757
18.9908		237		2757
18.9908		238		2757
18.9908		239		2757
18.9908		240		2757
18.9908		241		2757
18.9908		242		2757
11.9633		243		2948
11.9633		244		2948
11.9633		245		2948
11.9633		246		2948
11.9633		247		2948
11.9633		248		2948
11.9633		249		2948
11.9633		250		2948
11.9633		251		2948
11.9633		252		2948
11.9633		253		2948
11.9633		254		2948
11.9633		255		2948
11.9633		256		2948
11.9633		257		2948
11.9633		258		2948
11.9633		259		2948
11.9633		260		2948
11.9633		261		2948
11.9633		262		2948
11.9633		263		2948
11.9633		264		2948
11.9633		265		2948
11.9633		266		2948
11.9633		267		2948
11.9633		268		2948
11.9633		269		2948
11.9633		270		2948
11.9633		271		2954
11.9633		272		2969
11.9633		273		2969
11.9633		274		3058
11.9633		275		3058
11.9633		276		3058
Path:
q: (0 0 0 0 0 0 0 0 0 0); parent q: NONE
q: ( 0.126726  0.109732 -0.319507 -0.265258 -0.191664  0.483409 -0.202281  0.450058  0.367768 -0.296268); parent q: (0 0 0 0 0 0 0 0 0 0)
q: (  0.25537  0.221125  -0.64385 -0.534531 -0.386229  0.974136 -0.407625  0.906927  0.741103 -0.597021); parent q: ( 0.126726  0.109732 -0.319507 -0.265258 -0.191664  0.483409 -0.202281  0.450058  0.367768 -0.296268)
q: ( 0.273748  0.237038 -0.690185 -0.572999 -0.414023   1.04424 -0.436959  0.972195  0.794437 -0.639986); parent q: (  0.25537  0.221125  -0.64385 -0.534531 -0.386229  0.974136 -0.407625  0.906927  0.741103 -0.597021)
q: ( 0.314179  0.272047 -0.792122 -0.657627 -0.475172   1.19847 -0.501496   1.11578  0.911771 -0.734508); parent q: ( 0.273748  0.237038 -0.690185 -0.572999 -0.414023   1.04424 -0.436959  0.972195  0.794437 -0.639986)
q: (-0.495781 0.0367926 0.0116358   0.77136 -0.342143   1.39131  0.464163   1.33536  0.476354  -1.27415); parent q: ( 0.314179  0.272047 -0.792122 -0.657627 -0.475172   1.19847 -0.501496   1.11578  0.911771 -0.734508)
q: (-0.510805  0.248675  0.777578   1.15005 -0.399873   1.20354  0.767966   1.11038 0.0892692  -1.22104); parent q: (-0.495781 0.0367926 0.0116358   0.77136 -0.342143   1.39131  0.464163   1.33536  0.476354  -1.27415)
q: (-0.493247  0.295642  0.879531   1.20294 -0.419337   1.16673  0.814282   1.07651 0.0437087  -1.19783); parent q: (-0.510805  0.248675  0.777578   1.15005 -0.399873   1.20354  0.767966   1.11038 0.0892692  -1.22104)
q: ( 0.322049   1.07213  0.860152   1.29668 -0.908678  0.679043   1.05149   0.91847  0.301971  -0.52684); parent q: (-0.493247  0.295642  0.879531   1.20294 -0.419337   1.16673  0.814282   1.07651 0.0437087  -1.19783)
q: ( 0.819148   1.39357  0.333864    1.0982  -1.16218  0.513914  0.989032  0.975254   0.71636 -0.161724); parent q: ( 0.322049   1.07213  0.860152   1.29668 -0.908678  0.679043   1.05149   0.91847  0.301971  -0.52684)
q: ( 0.932529   1.34248  0.305127   1.04558  -1.11918  0.487317  0.944827  0.934901   0.69691 -0.144791); parent q: ( 0.819148   1.39357  0.333864    1.0982  -1.16218  0.513914  0.989032  0.975254   0.71636 -0.161724)
q: (3.1415      0      0      0      0      0      0      0      0      0); parent q: ( 0.932529   1.34248  0.305127   1.04558  -1.11918  0.487317  0.944827  0.934901   0.69691 -0.144791)
-------------------------
