Space Type:      RealVectorSpaceFCL Type
Space dimension: 2
Planner type:    RGBTConnect
Planner info:
	 Succesfull:           yes
	 Number of iterations: 12
	 Number of states:     224
	 Planning time [ms]:   64
Tree: start
q: (  -2 -2.5); parent q: NONE
q: (-1.17152 -1.85617); parent q: (  -2 -2.5)
q: (-0.681437  -1.47531); parent q: (-1.17152 -1.85617)
q: (-0.459746  -1.30303); parent q: (-0.681437  -1.47531)
q: (-0.320251  -1.19463); parent q: (-0.459746  -1.30303)
q: (-0.220471  -1.11708); parent q: (-0.320251  -1.19463)
q: ( -1.7851 -1.46184); parent q: (  -2 -2.5)
q: ( -1.60713 -0.602087); parent q: ( -1.7851 -1.46184)
q: (-1.44111 0.199936); parent q: ( -1.60713 -0.602087)
q: (-1.36319 0.576371); parent q: (-1.44111 0.199936)
q: (-0.836884  -2.06919); parent q: (  -2 -2.5)
q: (-0.368828  -1.89582); parent q: (-0.836884  -2.06919)
q: (-0.186352  -1.82824); parent q: (-0.368828  -1.89582)
q: (-0.0725432   -1.78608); parent q: (-0.186352  -1.82824)
q: (0.0105531   -1.7553); parent q: (-0.0725432   -1.78608)
q: (-0.869568  -2.04146); parent q: (  -2 -2.5)
q: (-0.399951  -1.85097); parent q: (-0.869568  -2.04146)
q: (-0.213623  -1.77539); parent q: (-0.399951  -1.85097)
q: (-0.0976124   -1.72834); parent q: (-0.213623  -1.77539)
q: (-0.013337  -1.69415); parent q: (-0.0976124   -1.72834)
q: (-1.58563 -1.58979); parent q: (  -2 -2.5)
q: (  -1.2742 -0.905704); parent q: (-1.58563 -1.58979)
q: ( -1.01288 -0.331668); parent q: (  -1.2742 -0.905704)
q: (-0.825023  0.080975); parent q: ( -1.01288 -0.331668)
q: (-0.808676  0.116884); parent q: (-0.825023  0.080975)
q: (-2.30732 -3.14159); parent q: (  -2 -2.5)
q: (-0.834064  -2.14248); parent q: (  -2 -2.5)
q: (-0.320226  -1.98491); parent q: (-0.834064  -2.14248)
q: (-0.140276  -1.92973); parent q: (-0.320226  -1.98491)
q: (-0.0285141   -1.89546); parent q: (-0.140276  -1.92973)
q: (0.053711 -1.87025); parent q: (-0.0285141   -1.89546)
q: (-0.707552   -1.1791); parent q: (-0.808676  0.116884)
q: (-0.625862  -2.22602); parent q: (-0.707552   -1.1791)
q: (-0.564285  -3.01519); parent q: (-0.625862  -2.22602)
q: (-0.0681871  -0.327471); parent q: (-0.808676  0.116884)
q: ( 0.194615 -0.485175); parent q: (-0.0681871  -0.327471)
q: ( 0.338837 -0.571719); parent q: ( 0.194615 -0.485175)
q: (  0.43452 -0.629137); parent q: ( 0.338837 -0.571719)
q: ( 0.457977 -0.643213); parent q: (  0.43452 -0.629137)
q: ( -1.22614 -0.105686); parent q: (-0.808676  0.116884)
q: ( -1.64605 -0.329558); parent q: ( -1.22614 -0.105686)
q: ( -2.07382 -0.557622); parent q: ( -1.64605 -0.329558)
q: ( -2.51584 -0.793284); parent q: ( -2.07382 -0.557622)
q: (-2.98052 -1.04102); parent q: ( -2.51584 -0.793284)
q: ( -1.18372 -0.192269); parent q: (-0.808676  0.116884)
q: ( -1.56416 -0.505877); parent q: ( -1.18372 -0.192269)
q: ( -1.95987 -0.832066); parent q: ( -1.56416 -0.505877)
q: (-2.38462 -1.18219); parent q: ( -1.95987 -0.832066)
q: ( -2.8624 -1.57603); parent q: (-2.38462 -1.18219)
q: ( -0.3923 0.348816); parent q: (-0.808676  0.116884)
q: (-0.135676  0.491763); parent q: ( -0.3923 0.348816)
q: (-0.120951  0.499965); parent q: (-0.135676  0.491763)
q: (-0.134127  -0.18187); parent q: (-0.808676  0.116884)
q: ( 0.135639 -0.301348); parent q: (-0.134127  -0.18187)
q: ( 0.286679 -0.368242); parent q: ( 0.135639 -0.301348)
q: ( 0.313707 -0.380213); parent q: ( 0.286679 -0.368242)
q: ( -1.02591 -0.522116); parent q: (-0.808676  0.116884)
q: (-1.25676 -1.20118); parent q: ( -1.02591 -0.522116)
q: (-1.52698 -1.99602); parent q: (-1.25676 -1.20118)
q: (-1.81985 -2.85752); parent q: (-1.52698 -1.99602)
q: (-0.40884 0.719451); parent q: (-0.120951  0.499965)
q: (-0.895913   1.09079); parent q: (-0.40884 0.719451)
q: (-1.41751  1.48845); parent q: (-0.895913   1.09079)
q: (-1.99388  1.92788); parent q: (-1.41751  1.48845)
q: (-2.57015  2.36722); parent q: (-1.99388  1.92788)
q: (-0.429332  0.778864); parent q: (-0.120951  0.499965)
q: (-0.94989  1.24965); parent q: (-0.429332  0.778864)
q: (-1.50427  1.75103); parent q: (-0.94989  1.24965)
q: (-2.08489  2.27614); parent q: (-1.50427  1.75103)
q: (-2.45098  2.60723); parent q: (-2.08489  2.27614)
q: (-0.133813  0.159282); parent q: (-0.120951  0.499965)
q: (-0.147053 -0.191395); parent q: (-0.133813  0.159282)
q: (-0.160736 -0.553792); parent q: (-0.147053 -0.191395)
q: (-0.174936 -0.929909); parent q: (-0.160736 -0.553792)
q: (-0.189735  -1.32188); parent q: (-0.174936 -0.929909)
q: (0.185336  0.10793); parent q: (-0.120951  0.499965)
q: ( 0.249834 0.0253735); parent q: (0.185336  0.10793)
q: (-0.088441   0.80663); parent q: (-0.120951  0.499965)
q: (-0.357371  0.596985); parent q: (-0.120951  0.499965)
q: (-0.726078  0.748291); parent q: (-0.357371  0.596985)
q: (-1.13034 0.914187); parent q: (-0.726078  0.748291)
q: (-1.55044  1.08658); parent q: (-1.13034 0.914187)
q: (-1.99163  1.26764); parent q: (-1.55044  1.08658)
q: (0.149448 0.317341); parent q: (-0.120951  0.499965)
q: ( 0.386949 -0.354577); parent q: ( 0.313707 -0.380213)
q: ( 0.421071 -0.342633); parent q: ( 0.386949 -0.354577)
q: (-0.32079 -2.17114); parent q: (-0.0285141   -1.89546)
q: (-0.676313  -2.50647); parent q: (-0.32079 -2.17114)
q: (-1.13647 -2.94049); parent q: (-0.676313  -2.50647)
q: (-1.34968 -3.14159); parent q: (-1.13647 -2.94049)
q: (-0.417292  -2.00892); parent q: (-0.0285141   -1.89546)
q: (-0.842981  -2.13316); parent q: (-0.417292  -2.00892)
q: (-1.32043  -2.2725); parent q: (-0.842981  -2.13316)
q: (-1.82875 -2.42085); parent q: (-1.32043  -2.2725)
q: (-2.33707  -2.5692); parent q: (-1.82875 -2.42085)
q: (0.0379675  -1.45066); parent q: (-0.0285141   -1.89546)
q: (0.0926122  -1.08506); parent q: (0.0379675  -1.45066)
q: ( 0.138747 -0.776392); parent q: (0.0926122  -1.08506)
q: (  0.17845 -0.510755); parent q: ( 0.138747 -0.776392)
q: ( 0.213082 -0.279046); parent q: (  0.17845 -0.510755)
q: (0.470278 -2.27644); parent q: (-0.0285141   -1.89546)
q: (-0.345617  -2.13623); parent q: (-0.0285141   -1.89546)
q: (-0.726886  -2.42572); parent q: (-0.345617  -2.13623)
q: ( -1.2213 -2.80111); parent q: (-0.726886  -2.42572)
q: (-1.66972 -3.14159); parent q: ( -1.2213 -2.80111)
q: (-0.380969  -2.07916); parent q: (-0.0285141   -1.89546)
q: (-0.789913   -2.2923); parent q: (-0.380969  -2.07916)
q: (-1.29408 -2.55507); parent q: (-0.789913   -2.2923)
q: (-1.79983 -2.81866); parent q: (-1.29408 -2.55507)
q: (-2.30557 -3.08226); parent q: (-1.79983 -2.81866)
q: (0.245634 -1.67928); parent q: (-0.0285141   -1.89546)
q: (0.362457 -1.58716); parent q: (0.245634 -1.67928)
q: (0.421946 -1.54025); parent q: (0.362457 -1.58716)
q: (0.454504 -1.51458); parent q: (0.421946 -1.54025)
q: (0.472973 -1.50001); parent q: (0.454504 -1.51458)
q: (0.173957 0.327589); parent q: (0.149448 0.317341)
q: (  0.223416 0.00426734); parent q: ( 0.249834 0.0253735)
q: (  0.187565 -0.0243759); parent q: (  0.223416 0.00426734)
q: (  0.138919 -0.0632411); parent q: (  0.187565 -0.0243759)
q: (0.0729352 -0.115958); parent q: (  0.138919 -0.0632411)
q: (-0.0165002  -0.187411); parent q: (0.0729352 -0.115958)
q: (   0.24028 -0.0294643); parent q: ( 0.249834 0.0253735)
q: (  0.229489 -0.0914004); parent q: (   0.24028 -0.0294643)
q: ( 0.217296 -0.161388); parent q: (  0.229489 -0.0914004)
q: (0.203507 -0.24053); parent q: ( 0.217296 -0.161388)
q: ( 0.187899 -0.330116); parent q: (0.203507 -0.24053)
q: ( 0.215003 0.0210927); parent q: ( 0.249834 0.0253735)
q: ( 0.163775 0.0147968); parent q: ( 0.215003 0.0210927)
q: ( 0.0884957 0.00554491); parent q: ( 0.163775 0.0147968)
q: ( -0.0218856 -0.00802104); parent q: ( 0.0884957 0.00554491)
q: ( -0.182863 -0.0278053); parent q: ( -0.0218856 -0.00802104)
q: ( 0.264383 0.0702332); parent q: ( 0.249834 0.0253735)
q: ( 0.287636 0.0237148); parent q: ( 0.249834 0.0253735)
q: (  0.223916 0.00326766); parent q: ( 0.249834 0.0253735)
q: (  0.188918 -0.0265832); parent q: (  0.223916 0.00326766)
q: (  0.141664 -0.0668872); parent q: (  0.188918 -0.0265832)
q: (0.0778781 -0.121291); parent q: (  0.141664 -0.0668872)
q: (-0.00817694   -0.194689); parent q: (0.0778781 -0.121291)
q: ( 0.288219 0.0225483); parent q: ( 0.249834 0.0253735)
q: (-0.600611   1.86838); parent q: (-0.94989  1.24965)
q: (-0.571001   1.92083); parent q: (-0.600611   1.86838)
q: (-0.559354   1.94147); parent q: (-0.571001   1.92083)
q: (-0.542337   1.97161); parent q: (-0.559354   1.94147)
q: (-0.493178   2.05869); parent q: (-0.542337   1.97161)
q: (-0.444019   2.14577); parent q: (-0.493178   2.05869)
q: (-0.39486  2.23286); parent q: (-0.444019   2.14577)
q: (-0.345701   2.31994); parent q: (-0.39486  2.23286)
q: (-0.296541   2.40702); parent q: (-0.345701   2.31994)
q: (-0.247382    2.4941); parent q: (-0.296541   2.40702)
q: (-0.198223   2.58119); parent q: (-0.247382    2.4941)
q: (-0.149064   2.66827); parent q: (-0.198223   2.58119)
q: (-0.0999044    2.75535); parent q: (-0.149064   2.66827)
q: (-0.0507451    2.84244); parent q: (-0.0999044    2.75535)
q: (-0.00158588     2.92952); parent q: (-0.0507451    2.84244)
q: (0.0475734    3.0166); parent q: (-0.00158588     2.92952)
q: (0.0809608   3.07574); parent q: (0.0475734    3.0166)
Tree: goal
q: (  2 2.5); parent q: NONE
q: (1.59725 1.59567); parent q: (  2 2.5)
q: (1.39854 1.14946); parent q: (1.59725 1.59567)
q: ( 1.26194 0.842731); parent q: (1.39854 1.14946)
q: (  1.1579 0.609134); parent q: ( 1.26194 0.842731)
q: ( 1.07414 0.421061); parent q: (  1.1579 0.609134)
q: (  0.9578 0.159817); parent q: ( 1.07414 0.421061)
q: (  0.89239 0.0129442); parent q: (  0.9578 0.159817)
q: (  0.861459 -0.0565084); parent q: (  0.89239 0.0129442)
q: (  0.847524 -0.0877985); parent q: (  0.861459 -0.0565084)
q: ( 0.810199 0.0466193); parent q: (  0.89239 0.0129442)
q: (  0.87243 -0.184647); parent q: (  0.847524 -0.0877985)
q: (0.968936  1.46078); parent q: (1.59725 1.59567)
q: (0.729281  1.40933); parent q: (0.968936  1.46078)
q: (0.597117  1.38096); parent q: (0.729281  1.40933)
q: (0.511967  1.36268); parent q: (0.597117  1.38096)
q: (0.45229 1.34987); parent q: (0.511967  1.36268)
q: (1.22639 1.10104); parent q: (1.59725 1.59567)
q: ( 1.01761 0.822592); parent q: (1.22639 1.10104)
q: (0.877424 0.635633); parent q: ( 1.01761 0.822592)
q: (0.790873 0.520201); parent q: (0.877424 0.635633)
q: (  1.3432 0.936482); parent q: (1.59725 1.59567)
q: ( 1.17358 0.496373); parent q: (  1.3432 0.936482)
q: ( 1.04598 0.165289); parent q: ( 1.17358 0.496373)
q: (  1.01935 0.0962103); parent q: ( 1.04598 0.165289)
q: (1.09764  1.2806); parent q: (1.59725 1.59567)
q: (0.864756  1.13373); parent q: (1.09764  1.2806)
q: (0.724138  1.04506); parent q: (0.864756  1.13373)
q: (0.628547 0.984775); parent q: (0.724138  1.04506)
q: (0.558844 0.940819); parent q: (0.628547 0.984775)
q: (0.655257   1.9442); parent q: (1.59725 1.59567)
q: (0.47644 2.01036); parent q: (0.655257   1.9442)
q: (0.390247  2.04225); parent q: (0.47644 2.01036)
q: (0.340156  2.06079); parent q: (0.390247  2.04225)
q: (0.307914  2.07272); parent q: (0.340156  2.06079)
q: ( 2.41832 0.248674); parent q: (1.59725 1.59567)
q: (  3.14159 -0.937879); parent q: ( 2.41832 0.248674)
q: (2.32419 1.58287); parent q: (1.59725 1.59567)
q: (3.04624 1.57016); parent q: (2.32419 1.58287)
q: (3.14159 1.56848); parent q: (3.04624 1.57016)
q: (0.458099  2.06332); parent q: (0.307914  2.07272)
q: (0.531784  2.05871); parent q: (0.458099  2.06332)
q: (0.191746  2.23496); parent q: (0.307914  2.07272)
q: (0.0327989   2.45694); parent q: (0.191746  2.23496)
q: (-0.195232   2.77541); parent q: (0.0327989   2.45694)
q: (-0.457423   3.14159); parent q: (-0.195232   2.77541)
q: (0.268105   2.2368); parent q: (0.307914  2.07272)
q: (0.224289   2.4174); parent q: (0.268105   2.2368)
q: (0.175668  2.61781); parent q: (0.224289   2.4174)
q: (0.121142  2.84255); parent q: (0.175668  2.61781)
q: (0.0591431    3.0981); parent q: (0.121142  2.84255)
q: (0.31016 2.22187); parent q: (0.307914  2.07272)
q: (0.312393  2.37022); parent q: (0.31016 2.22187)
q: (0.314613  2.51773); parent q: (0.312393  2.37022)
q: (0.316821  2.66438); parent q: (0.314613  2.51773)
q: (0.319015  2.81013); parent q: (0.316821  2.66438)
q: (0.439281  2.10393); parent q: (0.307914  2.07272)
q: (0.516403  2.12226); parent q: (0.439281  2.10393)
q: (0.548777  2.12995); parent q: (0.516403  2.12226)
q: (0.162977  2.06838); parent q: (0.307914  2.07272)
q: (0.085965  2.06607); parent q: (0.162977  2.06838)
q: (0.0371008   2.06461); parent q: (0.085965  2.06607)
q: (0.00313648    2.06359); parent q: (0.0371008   2.06461)
q: (0.270945   2.2361); parent q: (0.307914  2.07272)
q: (0.23054 2.41468); parent q: (0.270945   2.2361)
q: (0.18605  2.6113); parent q: (0.23054 2.41468)
q: ( 0.1366 2.82984); parent q: (0.18605  2.6113)
q: (0.0809608   3.07574); parent q: ( 0.1366 2.82984)
Path:
q: (  -2 -2.5); parent q: NONE
q: (-1.58563 -1.58979); parent q: (  -2 -2.5)
q: (  -1.2742 -0.905704); parent q: (-1.58563 -1.58979)
q: ( -1.01288 -0.331668); parent q: (  -1.2742 -0.905704)
q: (-0.825023  0.080975); parent q: ( -1.01288 -0.331668)
q: (-0.808676  0.116884); parent q: (-0.825023  0.080975)
q: ( -0.3923 0.348816); parent q: (-0.808676  0.116884)
q: (-0.135676  0.491763); parent q: ( -0.3923 0.348816)
q: (-0.120951  0.499965); parent q: (-0.135676  0.491763)
q: (-0.429332  0.778864); parent q: (-0.120951  0.499965)
q: (-0.94989  1.24965); parent q: (-0.429332  0.778864)
q: (-0.600611   1.86838); parent q: (-0.94989  1.24965)
q: (-0.571001   1.92083); parent q: (-0.600611   1.86838)
q: (-0.559354   1.94147); parent q: (-0.571001   1.92083)
q: (-0.542337   1.97161); parent q: (-0.559354   1.94147)
q: (-0.493178   2.05869); parent q: (-0.542337   1.97161)
q: (-0.444019   2.14577); parent q: (-0.493178   2.05869)
q: (-0.39486  2.23286); parent q: (-0.444019   2.14577)
q: (-0.345701   2.31994); parent q: (-0.39486  2.23286)
q: (-0.296541   2.40702); parent q: (-0.345701   2.31994)
q: (-0.247382    2.4941); parent q: (-0.296541   2.40702)
q: (-0.198223   2.58119); parent q: (-0.247382    2.4941)
q: (-0.149064   2.66827); parent q: (-0.198223   2.58119)
q: (-0.0999044    2.75535); parent q: (-0.149064   2.66827)
q: (-0.0507451    2.84244); parent q: (-0.0999044    2.75535)
q: (-0.00158588     2.92952); parent q: (-0.0507451    2.84244)
q: (0.0475734    3.0166); parent q: (-0.00158588     2.92952)
q: (0.0809608   3.07574); parent q: ( 0.1366 2.82984)
q: ( 0.1366 2.82984); parent q: (0.18605  2.6113)
q: (0.18605  2.6113); parent q: (0.23054 2.41468)
q: (0.23054 2.41468); parent q: (0.270945   2.2361)
q: (0.270945   2.2361); parent q: (0.307914  2.07272)
q: (0.307914  2.07272); parent q: (0.340156  2.06079)
q: (0.340156  2.06079); parent q: (0.390247  2.04225)
q: (0.390247  2.04225); parent q: (0.47644 2.01036)
q: (0.47644 2.01036); parent q: (0.655257   1.9442)
q: (0.655257   1.9442); parent q: (1.59725 1.59567)
q: (1.59725 1.59567); parent q: (  2 2.5)
q: (  2 2.5); parent q: NONE
-------------------------
